﻿2025-12-02T18:29:28.906965739Z [err]    File "<frozen importlib._bootstrap>", line 488, in _call_with_frames_removed
2025-12-02T18:29:28.906971349Z [err]    File "/app/financial/urls.py", line 11, in <module>
2025-12-02T18:29:28.906977347Z [err]      from .backup_views import backup_database, restore_database, backup_history, backup_detail
2025-12-02T18:29:28.906982774Z [err]    File "/app/financial/backup_views.py", line 34, in <module>
2025-12-02T18:29:28.909248306Z [err]      from .models import (
2025-12-02T18:29:28.909257441Z [err]  ImportError: cannot import name 'ExpensePeriod' from 'financial.models' (/app/financial/models.py)
2025-12-02T18:29:28.909384599Z [err]  
2025-12-02T18:29:28.909392855Z [err]  During handling of the above exception, another exception occurred:
2025-12-02T18:29:28.909398957Z [err]  
2025-12-02T18:29:28.909406388Z [err]  Traceback (most recent call last):
2025-12-02T18:29:28.909412724Z [err]    File "/usr/local/lib/python3.12/site-packages/django/core/handlers/exception.py", line 55, in inner
2025-12-02T18:29:28.909417984Z [err]      response = get_response(request)
2025-12-02T18:29:28.909423890Z [err]                 ^^^^^^^^^^^^^^^^^^^^^
2025-12-02T18:29:28.909429185Z [err]    File "/usr/local/lib/python3.12/site-packages/django/utils/deprecation.py", line 120, in __call__
2025-12-02T18:29:28.909435025Z [err]      response = response or self.get_response(request)
2025-12-02T18:29:28.909440946Z [err]                             ^^^^^^^^^^^^^^^^^^^^^^^^^^
2025-12-02T18:29:28.909446351Z [err]    File "/usr/local/lib/python3.12/site-packages/django/core/handlers/exception.py", line 57, in inner
2025-12-02T18:29:28.909452097Z [err]      response = response_for_exception(request, exc)
2025-12-02T18:29:28.909457573Z [err]                 ^^^^^^^^^^^^^^^^^^^^^^^^^^^^^^^^^^^^
2025-12-02T18:29:28.909463088Z [err]    File "/usr/local/lib/python3.12/site-packages/django/core/handlers/exception.py", line 141, in response_for_exception
2025-12-02T18:29:28.909469668Z [err]      response = handle_uncaught_exception(
2025-12-02T18:29:28.909475236Z [err]                 ^^^^^^^^^^^^^^^^^^^^^^^^^^
2025-12-02T18:29:28.909480973Z [err]    File "/usr/local/lib/python3.12/site-packages/django/core/handlers/exception.py", line 185, in handle_uncaught_exception
2025-12-02T18:29:28.909487070Z [err]      callback = resolver.resolve_error_handler(500)
2025-12-02T18:29:28.911393611Z [err]                 ^^^^^^^^^^^^^^^^^^^^^^^^^^^^^^^^^^^
2025-12-02T18:29:28.911401120Z [err]    File "/usr/local/lib/python3.12/site-packages/django/urls/resolvers.py", line 732, in resolve_error_handler
2025-12-02T18:29:28.911407210Z [err]      callback = getattr(self.urlconf_module, "handler%s" % view_type, None)
2025-12-02T18:29:28.911412577Z [err]                         ^^^^^^^^^^^^^^^^^^^
2025-12-02T18:29:28.911418146Z [err]    File "/usr/local/lib/python3.12/site-packages/django/utils/functional.py", line 47, in __get__
2025-12-02T18:29:28.911424306Z [err]      res = instance.__dict__[self.name] = self.func(instance)
2025-12-02T18:29:28.911429695Z [err]                                           ^^^^^^^^^^^^^^^^^^^
2025-12-02T18:29:28.911434811Z [err]    File "/usr/local/lib/python3.12/site-packages/django/urls/resolvers.py", line 711, in urlconf_module
2025-12-02T18:29:28.911440132Z [err]      return import_module(self.urlconf_name)
2025-12-02T18:29:28.911445872Z [err]             ^^^^^^^^^^^^^^^^^^^^^^^^^^^^^^^^
2025-12-02T18:29:28.911454804Z [err]    File "/usr/local/lib/python3.12/importlib/__init__.py", line 90, in import_module
2025-12-02T18:29:28.911460722Z [err]      return _bootstrap._gcd_import(name[level:], package, level)
2025-12-02T18:29:28.911465935Z [err]             ^^^^^^^^^^^^^^^^^^^^^^^^^^^^^^^^^^^^^^^^^^^^^^^^^^^^
2025-12-02T18:29:28.911471565Z [err]    File "<frozen importlib._bootstrap>", line 1387, in _gcd_import
2025-12-02T18:29:28.911477077Z [err]    File "<frozen importlib._bootstrap>", line 1360, in _find_and_load
2025-12-02T18:29:28.911482803Z [err]    File "<frozen importlib._bootstrap>", line 1331, in _find_and_load_unlocked
2025-12-02T18:29:28.911488310Z [err]    File "<frozen importlib._bootstrap>", line 935, in _load_unlocked
2025-12-02T18:29:28.911493904Z [err]    File "<frozen importlib._bootstrap_external>", line 999, in exec_module
2025-12-02T18:29:28.911498845Z [err]    File "<frozen importlib._bootstrap>", line 488, in _call_with_frames_removed
2025-12-02T18:29:28.914344895Z [err]    File "/app/new_concierge_backend/urls.py", line 50, in <module>
2025-12-02T18:29:28.914351294Z [err]      path('api/financial/', include('financial.urls')),
2025-12-02T18:29:28.914358575Z [err]                             ^^^^^^^^^^^^^^^^^^^^^^^^^
2025-12-02T18:29:28.914363189Z [err]    File "/usr/local/lib/python3.12/site-packages/django/urls/conf.py", line 39, in include
2025-12-02T18:29:28.914368347Z [err]      urlconf_module = import_module(urlconf_module)
2025-12-02T18:29:28.914371071Z [err]    File "<frozen importlib._bootstrap>", line 1387, in _gcd_import
2025-12-02T18:29:28.914374000Z [err]                       ^^^^^^^^^^^^^^^^^^^^^^^^^^^^^
2025-12-02T18:29:28.914379459Z [err]    File "/usr/local/lib/python3.12/importlib/__init__.py", line 90, in import_module
2025-12-02T18:29:28.914383431Z [err]    File "<frozen importlib._bootstrap>", line 1360, in _find_and_load
2025-12-02T18:29:28.914386730Z [err]      return _bootstrap._gcd_import(name[level:], package, level)
2025-12-02T18:29:28.914392407Z [err]    File "<frozen importlib._bootstrap>", line 1331, in _find_and_load_unlocked
2025-12-02T18:29:28.914392408Z [err]             ^^^^^^^^^^^^^^^^^^^^^^^^^^^^^^^^^^^^^^^^^^^^^^^^^^^^
2025-12-02T18:29:28.914399623Z [err]    File "<frozen importlib._bootstrap>", line 935, in _load_unlocked
2025-12-02T18:29:28.914405402Z [err]    File "<frozen importlib._bootstrap_external>", line 999, in exec_module
2025-12-02T18:29:28.914426595Z [err]    File "<frozen importlib._bootstrap>", line 488, in _call_with_frames_removed
2025-12-02T18:29:28.914432606Z [err]    File "/app/financial/urls.py", line 11, in <module>
2025-12-02T18:29:28.914439427Z [err]      from .backup_views import backup_database, restore_database, backup_history, backup_detail
2025-12-02T18:29:28.914446047Z [err]    File "/app/financial/backup_views.py", line 34, in <module>
2025-12-02T18:29:28.914452710Z [err]      from .models import (
2025-12-02T18:29:28.918550605Z [err]      response = handle_uncaught_exception(
2025-12-02T18:29:28.918559347Z [err]    File "/usr/local/lib/python3.12/site-packages/django/core/handlers/exception.py", line 55, in inner
2025-12-02T18:29:28.918564575Z [err]                 ^^^^^^^^^^^^^^^^^^^^^^^^^^
2025-12-02T18:29:28.918567993Z [err]  ImportError: cannot import name 'ExpensePeriod' from 'financial.models' (/app/financial/models.py)
2025-12-02T18:29:28.918574220Z [err]    File "/usr/local/lib/python3.12/site-packages/django/core/handlers/exception.py", line 185, in handle_uncaught_exception
2025-12-02T18:29:28.918577731Z [err]      response = get_response(request)
2025-12-02T18:29:28.918581070Z [err]  
2025-12-02T18:29:28.918588835Z [err]                 ^^^^^^^^^^^^^^^^^^^^^
2025-12-02T18:29:28.918591127Z [err]  During handling of the above exception, another exception occurred:
2025-12-02T18:29:28.918591268Z [err]    File "/usr/local/lib/python3.12/site-packages/django/core/handlers/exception.py", line 57, in inner
2025-12-02T18:29:28.918602659Z [err]    File "/app/core/cross_schema_auth.py", line 197, in __call__
2025-12-02T18:29:28.918603262Z [err]  
2025-12-02T18:29:28.918603977Z [err]      response = response_for_exception(request, exc)
2025-12-02T18:29:28.918613220Z [err]      return self.get_response(request)
2025-12-02T18:29:28.918616256Z [err]  Traceback (most recent call last):
2025-12-02T18:29:28.918617563Z [err]                 ^^^^^^^^^^^^^^^^^^^^^^^^^^^^^^^^^^^^
2025-12-02T18:29:28.918623990Z [err]             ^^^^^^^^^^^^^^^^^^^^^^^^^^
2025-12-02T18:29:28.918626288Z [err]    File "/usr/local/lib/python3.12/site-packages/django/core/handlers/exception.py", line 141, in response_for_exception
2025-12-02T18:29:28.919073421Z [err]      callback = resolver.resolve_error_handler(500)
2025-12-02T18:29:28.919082243Z [err]                 ^^^^^^^^^^^^^^^^^^^^^^^^^^^^^^^^^^^
2025-12-02T18:29:28.919087719Z [err]    File "/usr/local/lib/python3.12/site-packages/django/urls/resolvers.py", line 732, in resolve_error_handler
2025-12-02T18:29:28.920355145Z [err]      callback = getattr(self.urlconf_module, "handler%s" % view_type, None)
2025-12-02T18:29:28.920361363Z [err]                         ^^^^^^^^^^^^^^^^^^^
2025-12-02T18:29:28.920428352Z [err]    File "/usr/local/lib/python3.12/site-packages/django/utils/functional.py", line 47, in __get__
2025-12-02T18:29:28.920431941Z [err]      res = instance.__dict__[self.name] = self.func(instance)
2025-12-02T18:29:28.920539508Z [err]    File "<frozen importlib._bootstrap>", line 1331, in _find_and_load_unlocked
2025-12-02T18:29:28.920551720Z [err]    File "<frozen importlib._bootstrap>", line 935, in _load_unlocked
2025-12-02T18:29:28.920559463Z [err]                                           ^^^^^^^^^^^^^^^^^^^
2025-12-02T18:29:28.920560770Z [err]    File "<frozen importlib._bootstrap_external>", line 999, in exec_module
2025-12-02T18:29:28.920568616Z [err]    File "<frozen importlib._bootstrap>", line 488, in _call_with_frames_removed
2025-12-02T18:29:28.920572128Z [err]    File "/usr/local/lib/python3.12/site-packages/django/urls/resolvers.py", line 711, in urlconf_module
2025-12-02T18:29:28.920576667Z [err]    File "/app/new_concierge_backend/urls.py", line 50, in <module>
2025-12-02T18:29:28.920582979Z [err]      return import_module(self.urlconf_name)
2025-12-02T18:29:28.920585542Z [err]      path('api/financial/', include('financial.urls')),
2025-12-02T18:29:28.920590961Z [err]             ^^^^^^^^^^^^^^^^^^^^^^^^^^^^^^^^
2025-12-02T18:29:28.920598187Z [err]    File "/usr/local/lib/python3.12/importlib/__init__.py", line 90, in import_module
2025-12-02T18:29:28.920604993Z [err]      return _bootstrap._gcd_import(name[level:], package, level)
2025-12-02T18:29:28.920611702Z [err]             ^^^^^^^^^^^^^^^^^^^^^^^^^^^^^^^^^^^^^^^^^^^^^^^^^^^^
2025-12-02T18:29:28.920618390Z [err]    File "<frozen importlib._bootstrap>", line 1387, in _gcd_import
2025-12-02T18:29:28.920625086Z [err]    File "<frozen importlib._bootstrap>", line 1360, in _find_and_load
2025-12-02T18:29:28.922693311Z [err]    File "<frozen importlib._bootstrap>", line 1331, in _find_and_load_unlocked
2025-12-02T18:29:28.922702236Z [err]    File "<frozen importlib._bootstrap>", line 935, in _load_unlocked
2025-12-02T18:29:28.922710195Z [err]    File "<frozen importlib._bootstrap_external>", line 999, in exec_module
2025-12-02T18:29:28.922711655Z [err]                             ^^^^^^^^^^^^^^^^^^^^^^^^^
2025-12-02T18:29:28.922718627Z [err]    File "/usr/local/lib/python3.12/site-packages/django/urls/conf.py", line 39, in include
2025-12-02T18:29:28.922724544Z [err]      urlconf_module = import_module(urlconf_module)
2025-12-02T18:29:28.922730205Z [err]                       ^^^^^^^^^^^^^^^^^^^^^^^^^^^^^
2025-12-02T18:29:28.922736635Z [err]    File "/usr/local/lib/python3.12/importlib/__init__.py", line 90, in import_module
2025-12-02T18:29:28.922742340Z [err]      return _bootstrap._gcd_import(name[level:], package, level)
2025-12-02T18:29:28.922746742Z [err]    File "<frozen importlib._bootstrap>", line 488, in _call_with_frames_removed
2025-12-02T18:29:28.922750392Z [err]             ^^^^^^^^^^^^^^^^^^^^^^^^^^^^^^^^^^^^^^^^^^^^^^^^^^^^
2025-12-02T18:29:28.922754727Z [err]    File "/app/financial/urls.py", line 11, in <module>
2025-12-02T18:29:28.922761458Z [err]    File "<frozen importlib._bootstrap>", line 1387, in _gcd_import
2025-12-02T18:29:28.922778941Z [err]      from .backup_views import backup_database, restore_database, backup_history, backup_detail
2025-12-02T18:29:28.922779222Z [err]    File "<frozen importlib._bootstrap>", line 1360, in _find_and_load
2025-12-02T18:29:28.922786226Z [err]    File "/app/financial/backup_views.py", line 34, in <module>
2025-12-02T18:29:28.922803538Z [err]      from .models import (
2025-12-02T18:29:28.922809107Z [err]  ImportError: cannot import name 'ExpensePeriod' from 'financial.models' (/app/financial/models.py)
2025-12-02T18:29:28.925491337Z [err]    File "/usr/local/lib/python3.12/site-packages/django/utils/deprecation.py", line 120, in __call__
2025-12-02T18:29:28.925493435Z [err]      callback = resolver.resolve_error_handler(500)
2025-12-02T18:29:28.925502430Z [err]  
2025-12-02T18:29:28.925503090Z [err]      response = response or self.get_response(request)
2025-12-02T18:29:28.925506166Z [err]                 ^^^^^^^^^^^^^^^^^^^^^^^^^^^^^^^^^^^
2025-12-02T18:29:28.925513165Z [err]                             ^^^^^^^^^^^^^^^^^^^^^^^^^^
2025-12-02T18:29:28.925515208Z [err]    File "/usr/local/lib/python3.12/site-packages/django/urls/resolvers.py", line 732, in resolve_error_handler
2025-12-02T18:29:28.925516616Z [err]  During handling of the above exception, another exception occurred:
2025-12-02T18:29:28.925522864Z [err]    File "/usr/local/lib/python3.12/site-packages/django/core/handlers/exception.py", line 57, in inner
2025-12-02T18:29:28.925524696Z [err]  
2025-12-02T18:29:28.925531864Z [err]      response = response_for_exception(request, exc)
2025-12-02T18:29:28.925532801Z [err]  Traceback (most recent call last):
2025-12-02T18:29:28.925539963Z [err]                 ^^^^^^^^^^^^^^^^^^^^^^^^^^^^^^^^^^^^
2025-12-02T18:29:28.925542864Z [err]    File "/usr/local/lib/python3.12/site-packages/django/core/handlers/exception.py", line 55, in inner
2025-12-02T18:29:28.925547881Z [err]    File "/usr/local/lib/python3.12/site-packages/django/core/handlers/exception.py", line 141, in response_for_exception
2025-12-02T18:29:28.925554748Z [err]      response = get_response(request)
2025-12-02T18:29:28.925555862Z [err]      response = handle_uncaught_exception(
2025-12-02T18:29:28.925564875Z [err]                 ^^^^^^^^^^^^^^^^^^^^^^^^^^
2025-12-02T18:29:28.925569198Z [err]                 ^^^^^^^^^^^^^^^^^^^^^
2025-12-02T18:29:28.925571714Z [err]    File "/usr/local/lib/python3.12/site-packages/django/core/handlers/exception.py", line 185, in handle_uncaught_exception
2025-12-02T18:29:28.927988860Z [err]      callback = getattr(self.urlconf_module, "handler%s" % view_type, None)
2025-12-02T18:29:28.931207599Z [err]                             ^^^^^^^^^^^^^^^^^^^^^^^^^
2025-12-02T18:29:28.931216054Z [err]             ^^^^^^^^^^^^^^^^^^^^^^^^^^^^^^^^^^^^^^^^^^^^^^^^^^^^
2025-12-02T18:29:28.934462331Z [err]  During handling of the above exception, another exception occurred:
2025-12-02T18:29:28.938219593Z [err]      callback = getattr(self.urlconf_module, "handler%s" % view_type, None)
2025-12-02T18:29:28.938225131Z [err]                         ^^^^^^^^^^^^^^^^^^^
2025-12-02T18:29:28.940555213Z [err]                             ^^^^^^^^^^^^^^^^^^^^^^^^^
2025-12-02T18:29:28.942941537Z [err]  
2025-12-02T18:29:28.945266190Z [err]      callback = getattr(self.urlconf_module, "handler%s" % view_type, None)
2025-12-02T18:29:28.945276320Z [err]                         ^^^^^^^^^^^^^^^^^^^
2025-12-02T18:29:28.972928636Z [err]  During handling of the above exception, another exception occurred:
2025-12-02T18:29:28.975988623Z [err]  ^^^
2025-12-02T18:29:28.975999946Z [err]    File "/usr/local/lib/python3.12/site-packages/django/urls/resolvers.py", line 732, in resolve_error_handler
2025-12-02T18:29:28.977939289Z [err]    File "/app/new_concierge_backend/urls.py", line 50, in <module>
2025-12-02T18:29:28.979581963Z [err]  ImportError: cannot import name 'ExpensePeriod' from 'financial.models' (/app/financial/models.py)
2025-12-02T18:29:28.982185345Z [err]    File "/usr/local/lib/python3.12/site-packages/django/urls/resolvers.py", line 732, in resolve_error_handler
2025-12-02T18:29:28.986814713Z [err]    File "/app/new_concierge_backend/urls.py", line 50, in <module>
2025-12-02T18:29:28.986830901Z [err]      path('api/financial/', include('financial.urls')),
2025-12-02T18:29:28.989562037Z [err]  ImportError: cannot import name 'ExpensePeriod' from 'financial.models' (/app/financial/models.py)
2025-12-02T18:29:28.989571164Z [err]  
2025-12-02T18:29:28.992658616Z [err]    File "/usr/local/lib/python3.12/site-packages/django/urls/resolvers.py", line 732, in resolve_error_handler
2025-12-02T18:29:28.994625378Z [err]    File "/app/new_concierge_backend/urls.py", line 50, in <module>
2025-12-02T18:29:28.997545255Z [err]  ImportError: cannot import name 'ExpensePeriod' from 'financial.models' (/app/financial/models.py)
2025-12-02T18:29:28.997555825Z [err]  
2025-12-02T18:29:28.999491117Z [err]      response = handle_uncaught_exception(
2025-12-02T18:29:29.001389026Z [err]    File "<frozen importlib._bootstrap>", line 1331, in _find_and_load_unlocked
2025-12-02T18:29:29.007035747Z [err]    File "/app/financial/urls.py", line 11, in <module>
2025-12-02T18:29:29.007046903Z [err]      from .backup_views import backup_database, restore_database, backup_history, backup_detail
2025-12-02T18:29:29.013303991Z [err]                     ^^^^^^^^^^^^^^^^^
2025-12-02T18:29:29.013316631Z [err]    File "/usr/local/lib/python3.12/site-packages/django/utils/functional.py", line 47, in __get__
2025-12-02T18:29:29.013327539Z [err]      res = instance.__dict__[self.name] = self.func(instance)
2025-12-02T18:29:29.013335756Z [err]                                           ^^^^^^^^^^^^^^^^^^^
2025-12-02T18:29:29.018667568Z [err]    File "<frozen importlib._bootstrap>", line 935, in _load_unlocked
2025-12-02T18:29:29.018679642Z [err]    File "<frozen importlib._bootstrap_external>", line 999, in exec_module
2025-12-02T18:29:29.021070716Z [err]      from .backup_views import backup_database, restore_database, backup_history, backup_detail
2025-12-02T18:29:29.023556116Z [err]    File "/usr/local/lib/python3.12/site-packages/django/core/handlers/exception.py", line 185, in handle_uncaught_exception
2025-12-02T18:29:29.023566464Z [err]      callback = resolver.resolve_error_handler(500)
2025-12-02T18:29:29.026322110Z [err]    File "<frozen importlib._bootstrap>", line 935, in _load_unlocked
2025-12-02T18:29:29.028389290Z [err]      from .backup_views import backup_database, restore_database, backup_history, backup_detail
2025-12-02T18:29:29.031074885Z [err]    File "/usr/local/lib/python3.12/site-packages/django/core/handlers/exception.py", line 185, in handle_uncaught_exception
2025-12-02T18:29:29.033312744Z [err]    File "<frozen importlib._bootstrap>", line 935, in _load_unlocked
2025-12-02T18:29:29.033326742Z [err]    File "<frozen importlib._bootstrap_external>", line 999, in exec_module
2025-12-02T18:29:29.035266040Z [err]  ImportError: cannot import name 'ExpensePeriod' from 'financial.models' (/app/financial/models.py)
2025-12-02T18:29:29.037722328Z [err]    File "/usr/local/lib/python3.12/site-packages/django/core/handlers/exception.py", line 185, in handle_uncaught_exception
2025-12-02T18:29:29.040087483Z [err]    File "<frozen importlib._bootstrap>", line 935, in _load_unlocked
2025-12-02T18:29:29.043974447Z [err]      from .backup_views import backup_database, restore_database, backup_history, backup_detail
2025-12-02T18:29:29.043986414Z [err]    File "/app/financial/backup_views.py", line 34, in <module>
2025-12-02T18:29:29.045948479Z [err]    File "/usr/local/lib/python3.12/site-packages/django/core/handlers/exception.py", line 185, in handle_uncaught_exception
2025-12-02T18:29:29.048846459Z [err]    File "<frozen importlib._bootstrap>", line 935, in _load_unlocked
2025-12-02T18:29:29.050507968Z [err]      from .backup_views import backup_database, restore_database, backup_history, backup_detail
2025-12-02T18:29:29.052486740Z [err]      callback = resolver.resolve_error_handler(500)
2025-12-02T18:29:29.054135681Z [err]    File "<frozen importlib._bootstrap>", line 488, in _call_with_frames_removed
2025-12-02T18:29:29.056836175Z [err]      from .models import (
2025-12-02T18:29:29.059208052Z [err]                 ^^^^^^^^^^^^^^^^^^^^^^^^^^^^^^^^^^^
2025-12-02T18:29:29.061502913Z [err]    File "<frozen importlib._bootstrap>", line 488, in _call_with_frames_removed
2025-12-02T18:29:29.061514113Z [err]    File "/app/new_concierge_backend/urls.py", line 50, in <module>
2025-12-02T18:29:29.064407249Z [err]      from .models import (
2025-12-02T18:29:29.067604232Z [err]                 ^^^^^^^^^^^^^^^^^^^^^^^^^^^^^^^^^^^
2025-12-02T18:29:29.067611164Z [err]    File "/usr/local/lib/python3.12/site-packages/django/urls/resolvers.py", line 732, in resolve_error_handler
2025-12-02T18:29:29.069589184Z [err]    File "/app/new_concierge_backend/urls.py", line 50, in <module>
2025-12-02T18:29:29.071467613Z [err]  ImportError: cannot import name 'ExpensePeriod' from 'financial.models' (/app/financial/models.py)
2025-12-02T18:29:29.074373513Z [err]      callback = getattr(self.urlconf_module, "handler%s" % view_type, None)
2025-12-02T18:29:29.076735435Z [err]                             ^^^^^^^^^^^^^^^^^^^^^^^^^
2025-12-02T18:29:29.087472792Z [err]  
2025-12-02T18:29:29.087478508Z [err]  During handling of the above exception, another exception occurred:
2025-12-02T18:29:29.087483909Z [err]  
2025-12-02T18:29:29.087490010Z [err]  Traceback (most recent call last):
2025-12-02T18:29:29.087495550Z [err]    File "/usr/local/lib/python3.12/site-packages/django/core/handlers/exception.py", line 55, in inner
2025-12-02T18:29:29.087500554Z [err]      response = get_response(request)
2025-12-02T18:29:29.089987655Z [err]      callback = getattr(self.urlconf_module, "handler%s" % view_type, None)
2025-12-02T18:29:29.092773856Z [err]                             ^^^^^^^^^^^^^^^^^^^^^^^^^
2025-12-02T18:29:29.097301498Z [err]  During handling of the above exception, another exception occurred:
2025-12-02T18:29:29.097316284Z [err]  
2025-12-02T18:29:29.097326906Z [err]  Traceback (most recent call last):
2025-12-02T18:29:29.101537816Z [err]      callback = getattr(self.urlconf_module, "handler%s" % view_type, None)
2025-12-02T18:29:29.101548133Z [err]                         ^^^^^^^^^^^^^^^^^^^
2025-12-02T18:29:29.105664935Z [err]                             ^^^^^^^^^^^^^^^^^^^^^^^^^
2025-12-02T18:29:29.105672054Z [err]    File "/usr/local/lib/python3.12/site-packages/django/urls/conf.py", line 39, in include
2025-12-02T18:29:29.109205016Z [err]  
2025-12-02T18:29:29.109209373Z [err]    File "/usr/local/lib/python3.12/site-packages/django/core/handlers/exception.py", line 185, in handle_uncaught_exception
2025-12-02T18:29:29.112066575Z [err]      callback = getattr(self.urlconf_module, "handler%s" % view_type, None)
2025-12-02T18:29:31.118244192Z [err]  DEBUG 2025-12-02 20:29:31,115 middleware 18 140280851217280 🔍 [TENANT MIDDLEWARE] hostname_from_request: Using X-Tenant-Host 'theo.newconcierge.app' -> 'theo.newconcierge.app' (internal: 'linuxversion-production.up.railway.app')
2025-12-02T18:29:31.118254307Z [err]  DEBUG 2025-12-02 20:29:31,115 middleware 18 140280851217280 🔍 [TENANT MIDDLEWARE] get_tenant called with hostname: 'theo.newconcierge.app'
2025-12-02T18:29:31.120431420Z [err]  INFO 2025-12-02 20:29:31,118 middleware 18 140280851217280 🔍 [TENANT MIDDLEWARE] Resolved 'theo.newconcierge.app' -> tenant 'theo' via domain lookup
2025-12-02T18:29:31.833684594Z [err]  DEBUG 2025-12-02 20:29:31,316 middleware 19 140280851217280 🔍 [TENANT MIDDLEWARE] hostname_from_request: Using X-Tenant-Host 'theo.newconcierge.app' -> 'theo.newconcierge.app' (internal: 'linuxversion-production.up.railway.app')
2025-12-02T18:29:31.833691087Z [err]  DEBUG 2025-12-02 20:29:31,316 middleware 19 140280851217280 🔍 [TENANT MIDDLEWARE] get_tenant called with hostname: 'theo.newconcierge.app'
2025-12-02T18:29:31.833697040Z [err]  INFO 2025-12-02 20:29:31,319 middleware 19 140280851217280 🔍 [TENANT MIDDLEWARE] Resolved 'theo.newconcierge.app' -> tenant 'theo' via domain lookup
2025-12-02T18:29:31.833703266Z [err]  [2025-12-02 20:29:31 +0200] [18] [ERROR] Error handling request /api/todos/notifications/?building=1
2025-12-02T18:29:31.833709742Z [err]  Traceback (most recent call last):
2025-12-02T18:29:31.833716610Z [err]    File "/usr/local/lib/python3.12/site-packages/django/core/handlers/exception.py", line 55, in inner
2025-12-02T18:29:31.833723340Z [err]      response = get_response(request)
2025-12-02T18:29:31.833732938Z [err]                 ^^^^^^^^^^^^^^^^^^^^^
2025-12-02T18:29:31.833739355Z [err]    File "/usr/local/lib/python3.12/site-packages/django/core/handlers/base.py", line 181, in _get_response
2025-12-02T18:29:31.833744940Z [err]      callback, callback_args, callback_kwargs = self.resolve_request(request)
2025-12-02T18:29:31.833749742Z [err]                                                 ^^^^^^^^^^^^^^^^^^^^^^^^^^^^^
2025-12-02T18:29:31.833754605Z [err]    File "/usr/local/lib/python3.12/site-packages/django/core/handlers/base.py", line 313, in resolve_request
2025-12-02T18:29:31.833759501Z [err]      resolver_match = resolver.resolve(request.path_info)
2025-12-02T18:29:31.833764161Z [err]                       ^^^^^^^^^^^^^^^^^^^^^^^^^^^^^^^^^^^
2025-12-02T18:29:31.833768765Z [err]    File "/usr/local/lib/python3.12/site-packages/django/urls/resolvers.py", line 666, in resolve
2025-12-02T18:29:31.834663537Z [err]      for pattern in self.url_patterns:
2025-12-02T18:29:31.834667512Z [err]                     ^^^^^^^^^^^^^^^^^
2025-12-02T18:29:31.834672167Z [err]    File "/usr/local/lib/python3.12/site-packages/django/utils/functional.py", line 47, in __get__
2025-12-02T18:29:31.834676266Z [err]      res = instance.__dict__[self.name] = self.func(instance)
2025-12-02T18:29:31.834681202Z [err]                                           ^^^^^^^^^^^^^^^^^^^
2025-12-02T18:29:31.834685274Z [err]    File "/usr/local/lib/python3.12/site-packages/django/urls/resolvers.py", line 718, in url_patterns
2025-12-02T18:29:31.834689282Z [err]      patterns = getattr(self.urlconf_module, "urlpatterns", self.urlconf_module)
2025-12-02T18:29:31.834693744Z [err]                         ^^^^^^^^^^^^^^^^^^^
2025-12-02T18:29:31.834697845Z [err]    File "/usr/local/lib/python3.12/site-packages/django/utils/functional.py", line 47, in __get__
2025-12-02T18:29:31.834703288Z [err]      res = instance.__dict__[self.name] = self.func(instance)
2025-12-02T18:29:31.834707377Z [err]                                           ^^^^^^^^^^^^^^^^^^^
2025-12-02T18:29:31.834711260Z [err]    File "/usr/local/lib/python3.12/site-packages/django/urls/resolvers.py", line 711, in urlconf_module
2025-12-02T18:29:31.834716086Z [err]      return import_module(self.urlconf_name)
2025-12-02T18:29:31.834720333Z [err]             ^^^^^^^^^^^^^^^^^^^^^^^^^^^^^^^^
2025-12-02T18:29:31.834725262Z [err]    File "/usr/local/lib/python3.12/importlib/__init__.py", line 90, in import_module
2025-12-02T18:29:31.834730479Z [err]                         ^^^^^^^^^^^^^^^^^^^
2025-12-02T18:29:31.834730945Z [err]      return _bootstrap._gcd_import(name[level:], package, level)
2025-12-02T18:29:31.834735127Z [err]    File "<frozen importlib._bootstrap_external>", line 999, in exec_module
2025-12-02T18:29:31.834736889Z [err]             ^^^^^^^^^^^^^^^^^^^^^^^^^^^^^^^^^^^^^^^^^^^^^^^^^^^^
2025-12-02T18:29:31.834743170Z [err]    File "/usr/local/lib/python3.12/site-packages/django/utils/functional.py", line 47, in __get__
2025-12-02T18:29:31.834746222Z [err]                 ^^^^^^^^^^^^^^^^^^^^^^^^^^
2025-12-02T18:29:31.834746308Z [err]    File "<frozen importlib._bootstrap>", line 1387, in _gcd_import
2025-12-02T18:29:31.834747454Z [err]    File "<frozen importlib._bootstrap>", line 488, in _call_with_frames_removed
2025-12-02T18:29:31.834755025Z [err]    File "<frozen importlib._bootstrap>", line 1360, in _find_and_load
2025-12-02T18:29:31.834757183Z [err]    File "/usr/local/lib/python3.12/site-packages/django/core/handlers/exception.py", line 185, in handle_uncaught_exception
2025-12-02T18:29:31.834761249Z [err]    File "/app/new_concierge_backend/urls.py", line 50, in <module>
2025-12-02T18:29:31.834766858Z [err]      callback = resolver.resolve_error_handler(500)
2025-12-02T18:29:31.834769045Z [err]      path('api/financial/', include('financial.urls')),
2025-12-02T18:29:31.834776821Z [err]                             ^^^^^^^^^^^^^^^^^^^^^^^^^
2025-12-02T18:29:31.834777361Z [err]                 ^^^^^^^^^^^^^^^^^^^^^^^^^^^^^^^^^^^
2025-12-02T18:29:31.834783755Z [err]    File "/usr/local/lib/python3.12/site-packages/django/urls/resolvers.py", line 732, in resolve_error_handler
2025-12-02T18:29:31.834790066Z [err]      return _bootstrap._gcd_import(name[level:], package, level)
2025-12-02T18:29:31.834794218Z [err]      callback = getattr(self.urlconf_module, "handler%s" % view_type, None)
2025-12-02T18:29:31.834796533Z [err]             ^^^^^^^^^^^^^^^^^^^^^^^^^^^^^^^^^^^^^^^^^^^^^^^^^^^^
2025-12-02T18:29:31.834801191Z [err]             ^^^^^^^^^^^^^^^^^^^^^^^^^^^^^^^^
2025-12-02T18:29:31.834805859Z [err]    File "<frozen importlib._bootstrap>", line 1387, in _gcd_import
2025-12-02T18:29:31.834810704Z [err]      res = instance.__dict__[self.name] = self.func(instance)
2025-12-02T18:29:31.834814581Z [err]    File "/usr/local/lib/python3.12/importlib/__init__.py", line 90, in import_module
2025-12-02T18:29:31.834819323Z [err]    File "<frozen importlib._bootstrap>", line 1360, in _find_and_load
2025-12-02T18:29:31.834824378Z [err]    File "<frozen importlib._bootstrap>", line 1331, in _find_and_load_unlocked
2025-12-02T18:29:31.834827476Z [err]                                           ^^^^^^^^^^^^^^^^^^^
2025-12-02T18:29:31.834832196Z [err]    File "/usr/local/lib/python3.12/site-packages/django/urls/resolvers.py", line 711, in urlconf_module
2025-12-02T18:29:31.834833533Z [err]    File "<frozen importlib._bootstrap>", line 935, in _load_unlocked
2025-12-02T18:29:31.834839899Z [err]      return import_module(self.urlconf_name)
2025-12-02T18:29:31.834852925Z [err]    File "<frozen importlib._bootstrap>", line 1331, in _find_and_load_unlocked
2025-12-02T18:29:31.834857242Z [err]    File "<frozen importlib._bootstrap>", line 935, in _load_unlocked
2025-12-02T18:29:31.834861228Z [err]    File "<frozen importlib._bootstrap_external>", line 999, in exec_module
2025-12-02T18:29:31.834866401Z [err]    File "<frozen importlib._bootstrap>", line 488, in _call_with_frames_removed
2025-12-02T18:29:31.834875152Z [err]    File "/app/new_concierge_backend/urls.py", line 50, in <module>
2025-12-02T18:29:31.834880587Z [err]      path('api/financial/', include('financial.urls')),
2025-12-02T18:29:31.834886081Z [err]                             ^^^^^^^^^^^^^^^^^^^^^^^^^
2025-12-02T18:29:31.834891065Z [err]    File "/usr/local/lib/python3.12/site-packages/django/urls/conf.py", line 39, in include
2025-12-02T18:29:31.834896766Z [err]      urlconf_module = import_module(urlconf_module)
2025-12-02T18:29:31.834902471Z [err]                       ^^^^^^^^^^^^^^^^^^^^^^^^^^^^^
2025-12-02T18:29:31.834907868Z [err]    File "/usr/local/lib/python3.12/importlib/__init__.py", line 90, in import_module
2025-12-02T18:29:31.834915437Z [err]      return _bootstrap._gcd_import(name[level:], package, level)
2025-12-02T18:29:31.834921359Z [err]             ^^^^^^^^^^^^^^^^^^^^^^^^^^^^^^^^^^^^^^^^^^^^^^^^^^^^
2025-12-02T18:29:31.834927631Z [err]    File "<frozen importlib._bootstrap>", line 1387, in _gcd_import
2025-12-02T18:29:31.834933259Z [err]    File "<frozen importlib._bootstrap>", line 1360, in _find_and_load
2025-12-02T18:29:31.834938858Z [err]    File "<frozen importlib._bootstrap>", line 1331, in _find_and_load_unlocked
2025-12-02T18:29:31.834946662Z [err]    File "<frozen importlib._bootstrap>", line 935, in _load_unlocked
2025-12-02T18:29:31.834951963Z [err]    File "<frozen importlib._bootstrap_external>", line 999, in exec_module
2025-12-02T18:29:31.834957632Z [err]    File "<frozen importlib._bootstrap>", line 488, in _call_with_frames_removed
2025-12-02T18:29:31.834973539Z [err]    File "/app/financial/urls.py", line 11, in <module>
2025-12-02T18:29:31.834978298Z [err]      from .backup_views import backup_database, restore_database, backup_history, backup_detail
2025-12-02T18:29:31.834982312Z [err]    File "/app/financial/backup_views.py", line 34, in <module>
2025-12-02T18:29:31.834986890Z [err]      from .models import (
2025-12-02T18:29:31.834992337Z [err]  ImportError: cannot import name 'ExpensePeriod' from 'financial.models' (/app/financial/models.py)
2025-12-02T18:29:31.834996543Z [err]  
2025-12-02T18:29:31.835001069Z [err]  During handling of the above exception, another exception occurred:
2025-12-02T18:29:31.835005475Z [err]  
2025-12-02T18:29:31.835010329Z [err]  Traceback (most recent call last):
2025-12-02T18:29:31.835014931Z [err]    File "/usr/local/lib/python3.12/site-packages/django/core/handlers/exception.py", line 55, in inner
2025-12-02T18:29:31.835020258Z [err]      response = get_response(request)
2025-12-02T18:29:31.835025572Z [err]                 ^^^^^^^^^^^^^^^^^^^^^
2025-12-02T18:29:31.835029608Z [err]    File "/usr/local/lib/python3.12/site-packages/django/utils/deprecation.py", line 120, in __call__
2025-12-02T18:29:31.835035346Z [err]      response = response or self.get_response(request)
2025-12-02T18:29:31.835039048Z [err]                             ^^^^^^^^^^^^^^^^^^^^^^^^^^
2025-12-02T18:29:31.835043438Z [err]    File "/usr/local/lib/python3.12/site-packages/django/core/handlers/exception.py", line 57, in inner
2025-12-02T18:29:31.835047686Z [err]      response = response_for_exception(request, exc)
2025-12-02T18:29:31.835051665Z [err]                 ^^^^^^^^^^^^^^^^^^^^^^^^^^^^^^^^^^^^
2025-12-02T18:29:31.835056662Z [err]    File "/usr/local/lib/python3.12/site-packages/django/core/handlers/exception.py", line 141, in response_for_exception
2025-12-02T18:29:31.835060794Z [err]      response = handle_uncaught_exception(
2025-12-02T18:29:31.836563628Z [err]    File "/usr/local/lib/python3.12/site-packages/django/urls/conf.py", line 39, in include
2025-12-02T18:29:31.836565363Z [err]                 ^^^^^^^^^^^^^^^^^^^^^^^^^^
2025-12-02T18:29:31.836574167Z [err]      urlconf_module = import_module(urlconf_module)
2025-12-02T18:29:31.836578700Z [err]    File "/usr/local/lib/python3.12/site-packages/django/urls/resolvers.py", line 732, in resolve_error_handler
2025-12-02T18:29:31.836579907Z [err]    File "/usr/local/lib/python3.12/site-packages/django/core/handlers/exception.py", line 185, in handle_uncaught_exception
2025-12-02T18:29:31.836586836Z [err]                       ^^^^^^^^^^^^^^^^^^^^^^^^^^^^^
2025-12-02T18:29:31.836593635Z [err]    File "/usr/local/lib/python3.12/importlib/__init__.py", line 90, in import_module
2025-12-02T18:29:31.836600589Z [err]      return _bootstrap._gcd_import(name[level:], package, level)
2025-12-02T18:29:31.836602845Z [err]      callback = resolver.resolve_error_handler(500)
2025-12-02T18:29:31.836606324Z [err]      res = instance.__dict__[self.name] = self.func(instance)
2025-12-02T18:29:31.836611287Z [err]      callback = getattr(self.urlconf_module, "handler%s" % view_type, None)
2025-12-02T18:29:31.836614925Z [err]             ^^^^^^^^^^^^^^^^^^^^^^^^^^^^^^^^^^^^^^^^^^^^^^^^^^^^
2025-12-02T18:29:31.836623010Z [err]                 ^^^^^^^^^^^^^^^^^^^^^^^^^^^^^^^^^^^
2025-12-02T18:29:31.836625123Z [err]    File "/usr/local/lib/python3.12/site-packages/django/utils/functional.py", line 47, in __get__
2025-12-02T18:29:31.836628786Z [err]    File "<frozen importlib._bootstrap>", line 1387, in _gcd_import
2025-12-02T18:29:31.836636366Z [err]                         ^^^^^^^^^^^^^^^^^^^
2025-12-02T18:29:31.836642834Z [err]    File "<frozen importlib._bootstrap>", line 1360, in _find_and_load
2025-12-02T18:29:31.836643104Z [err]    File "<frozen importlib._bootstrap>", line 1360, in _find_and_load
2025-12-02T18:29:31.836647535Z [err]    File "/usr/local/lib/python3.12/site-packages/django/urls/conf.py", line 39, in include
2025-12-02T18:29:31.836654426Z [err]    File "<frozen importlib._bootstrap>", line 1331, in _find_and_load_unlocked
2025-12-02T18:29:31.836654748Z [err]    File "<frozen importlib._bootstrap>", line 1331, in _find_and_load_unlocked
2025-12-02T18:29:31.836660520Z [err]      return _bootstrap._gcd_import(name[level:], package, level)
2025-12-02T18:29:31.836662849Z [err]      urlconf_module = import_module(urlconf_module)
2025-12-02T18:29:31.836666493Z [err]      return import_module(self.urlconf_name)
2025-12-02T18:29:31.836667817Z [err]    File "<frozen importlib._bootstrap>", line 935, in _load_unlocked
2025-12-02T18:29:31.836673046Z [err]                                           ^^^^^^^^^^^^^^^^^^^
2025-12-02T18:29:31.836676898Z [err]             ^^^^^^^^^^^^^^^^^^^^^^^^^^^^^^^^^^^^^^^^^^^^^^^^^^^^
2025-12-02T18:29:31.836678817Z [err]    File "<frozen importlib._bootstrap_external>", line 999, in exec_module
2025-12-02T18:29:31.836685657Z [err]      path('api/financial/', include('financial.urls')),
2025-12-02T18:29:31.836688488Z [err]    File "/usr/local/lib/python3.12/site-packages/django/urls/resolvers.py", line 711, in urlconf_module
2025-12-02T18:29:31.836689195Z [err]             ^^^^^^^^^^^^^^^^^^^^^^^^^^^^^^^^
2025-12-02T18:29:31.836691270Z [err]    File "<frozen importlib._bootstrap>", line 1387, in _gcd_import
2025-12-02T18:29:31.836692002Z [err]    File "<frozen importlib._bootstrap>", line 488, in _call_with_frames_removed
2025-12-02T18:29:31.836694573Z [err]    File "/app/new_concierge_backend/urls.py", line 50, in <module>
2025-12-02T18:29:31.836703416Z [err]                             ^^^^^^^^^^^^^^^^^^^^^^^^^
2025-12-02T18:29:31.836705405Z [err]    File "/app/financial/urls.py", line 11, in <module>
2025-12-02T18:29:31.836711750Z [err]    File "/usr/local/lib/python3.12/importlib/__init__.py", line 90, in import_module
2025-12-02T18:29:31.836718096Z [err]      from .backup_views import backup_database, restore_database, backup_history, backup_detail
2025-12-02T18:29:31.836720105Z [err]    File "<frozen importlib._bootstrap>", line 935, in _load_unlocked
2025-12-02T18:29:31.836727694Z [err]    File "/app/financial/backup_views.py", line 34, in <module>
2025-12-02T18:29:31.836728674Z [err]    File "<frozen importlib._bootstrap_external>", line 999, in exec_module
2025-12-02T18:29:31.836736972Z [err]      from .models import (
2025-12-02T18:29:31.836737104Z [err]    File "<frozen importlib._bootstrap>", line 488, in _call_with_frames_removed
2025-12-02T18:29:31.836744215Z [err]  ImportError: cannot import name 'ExpensePeriod' from 'financial.models' (/app/financial/models.py)
2025-12-02T18:29:31.836750603Z [err]  
2025-12-02T18:29:31.836756256Z [err]  During handling of the above exception, another exception occurred:
2025-12-02T18:29:31.836762132Z [err]  
2025-12-02T18:29:31.836770251Z [err]  Traceback (most recent call last):
2025-12-02T18:29:31.836775645Z [err]    File "/usr/local/lib/python3.12/site-packages/django/core/handlers/exception.py", line 55, in inner
2025-12-02T18:29:31.836779993Z [err]      response = get_response(request)
2025-12-02T18:29:31.836783975Z [err]                 ^^^^^^^^^^^^^^^^^^^^^
2025-12-02T18:29:31.836788363Z [err]    File "/usr/local/lib/python3.12/site-packages/django/utils/deprecation.py", line 120, in __call__
2025-12-02T18:29:31.836792641Z [err]      response = response or self.get_response(request)
2025-12-02T18:29:31.836796884Z [err]                             ^^^^^^^^^^^^^^^^^^^^^^^^^^
2025-12-02T18:29:31.836802001Z [err]    File "/usr/local/lib/python3.12/site-packages/django/core/handlers/exception.py", line 57, in inner
2025-12-02T18:29:31.836805899Z [err]      response = response_for_exception(request, exc)
2025-12-02T18:29:31.836811098Z [err]                 ^^^^^^^^^^^^^^^^^^^^^^^^^^^^^^^^^^^^
2025-12-02T18:29:31.836817211Z [err]    File "/usr/local/lib/python3.12/site-packages/django/core/handlers/exception.py", line 141, in response_for_exception
2025-12-02T18:29:31.836829637Z [err]                       ^^^^^^^^^^^^^^^^^^^^^^^^^^^^^
2025-12-02T18:29:31.836830337Z [err]      response = handle_uncaught_exception(
2025-12-02T18:29:31.836855808Z [err]             ^^^^^^^^^^^^^^^^^^^^^^^^^^^^^^^^
2025-12-02T18:29:31.836856758Z [err]    File "/usr/local/lib/python3.12/importlib/__init__.py", line 90, in import_module
2025-12-02T18:29:31.836858251Z [err]    File "/usr/local/lib/python3.12/site-packages/django/core/handlers/exception.py", line 57, in inner
2025-12-02T18:29:31.836868566Z [err]    File "/usr/local/lib/python3.12/importlib/__init__.py", line 90, in import_module
2025-12-02T18:29:31.836875229Z [err]      return _bootstrap._gcd_import(name[level:], package, level)
2025-12-02T18:29:31.836877009Z [err]      response = response_for_exception(request, exc)
2025-12-02T18:29:31.836891053Z [err]             ^^^^^^^^^^^^^^^^^^^^^^^^^^^^^^^^^^^^^^^^^^^^^^^^^^^^
2025-12-02T18:29:31.836892982Z [err]                 ^^^^^^^^^^^^^^^^^^^^^^^^^^^^^^^^^^^^
2025-12-02T18:29:31.836908202Z [err]    File "/usr/local/lib/python3.12/site-packages/django/core/handlers/exception.py", line 141, in response_for_exception
2025-12-02T18:29:31.836908620Z [err]    File "<frozen importlib._bootstrap>", line 1387, in _gcd_import
2025-12-02T18:29:31.836923161Z [err]      response = handle_uncaught_exception(
2025-12-02T18:29:31.836924997Z [err]    File "<frozen importlib._bootstrap>", line 1360, in _find_and_load
2025-12-02T18:29:31.836940872Z [err]    File "<frozen importlib._bootstrap>", line 1331, in _find_and_load_unlocked
2025-12-02T18:29:31.836941347Z [err]                 ^^^^^^^^^^^^^^^^^^^^^^^^^^
2025-12-02T18:29:31.836957500Z [err]    File "<frozen importlib._bootstrap>", line 935, in _load_unlocked
2025-12-02T18:29:31.836958415Z [err]    File "/usr/local/lib/python3.12/site-packages/django/core/handlers/exception.py", line 185, in handle_uncaught_exception
2025-12-02T18:29:31.836971360Z [err]    File "<frozen importlib._bootstrap_external>", line 999, in exec_module
2025-12-02T18:29:31.836973258Z [err]      callback = resolver.resolve_error_handler(500)
2025-12-02T18:29:31.836985753Z [err]    File "<frozen importlib._bootstrap>", line 488, in _call_with_frames_removed
2025-12-02T18:29:31.836988803Z [err]                 ^^^^^^^^^^^^^^^^^^^^^^^^^^^^^^^^^^^
2025-12-02T18:29:31.836998609Z [err]    File "/usr/local/lib/python3.12/site-packages/django/urls/resolvers.py", line 732, in resolve_error_handler
2025-12-02T18:29:31.837009752Z [err]      callback = getattr(self.urlconf_module, "handler%s" % view_type, None)
2025-12-02T18:29:31.837013175Z [err]    File "/app/financial/urls.py", line 11, in <module>
2025-12-02T18:29:31.837024285Z [err]                         ^^^^^^^^^^^^^^^^^^^
2025-12-02T18:29:31.837029535Z [err]      from .backup_views import backup_database, restore_database, backup_history, backup_detail
2025-12-02T18:29:31.837037870Z [err]    File "/usr/local/lib/python3.12/site-packages/django/utils/functional.py", line 47, in __get__
2025-12-02T18:29:31.837044578Z [err]    File "/app/financial/backup_views.py", line 34, in <module>
2025-12-02T18:29:31.837052152Z [err]      res = instance.__dict__[self.name] = self.func(instance)
2025-12-02T18:29:31.837064569Z [err]      from .models import (
2025-12-02T18:29:31.837066995Z [err]                                           ^^^^^^^^^^^^^^^^^^^
2025-12-02T18:29:31.837078369Z [err]  ImportError: cannot import name 'ExpensePeriod' from 'financial.models' (/app/financial/models.py)
2025-12-02T18:29:31.837082737Z [err]    File "/usr/local/lib/python3.12/site-packages/django/urls/resolvers.py", line 711, in urlconf_module
2025-12-02T18:29:31.837088128Z [err]  
2025-12-02T18:29:31.837098913Z [err]  During handling of the above exception, another exception occurred:
2025-12-02T18:29:31.837100567Z [err]      return import_module(self.urlconf_name)
2025-12-02T18:29:31.837110757Z [err]  
2025-12-02T18:29:31.837120045Z [err]  Traceback (most recent call last):
2025-12-02T18:29:31.837126974Z [err]    File "/usr/local/lib/python3.12/site-packages/django/core/handlers/exception.py", line 55, in inner
2025-12-02T18:29:31.837134404Z [err]      response = get_response(request)
2025-12-02T18:29:31.837142789Z [err]                 ^^^^^^^^^^^^^^^^^^^^^
2025-12-02T18:29:31.837153613Z [err]    File "/usr/local/lib/python3.12/site-packages/django/utils/deprecation.py", line 120, in __call__
2025-12-02T18:29:31.837166063Z [err]      response = response or self.get_response(request)
2025-12-02T18:29:31.837175368Z [err]                             ^^^^^^^^^^^^^^^^^^^^^^^^^^
2025-12-02T18:29:31.856508564Z [err]      return _bootstrap._gcd_import(name[level:], package, level)
2025-12-02T18:29:31.856514409Z [err]             ^^^^^^^^^^^^^^^^^^^^^^^^^^^^^^^^^^^^^^^^^^^^^^^^^^^^
2025-12-02T18:29:31.856520374Z [err]    File "<frozen importlib._bootstrap>", line 1387, in _gcd_import
2025-12-02T18:29:31.856526183Z [err]    File "<frozen importlib._bootstrap>", line 1360, in _find_and_load
2025-12-02T18:29:31.856532639Z [err]    File "<frozen importlib._bootstrap>", line 1331, in _find_and_load_unlocked
2025-12-02T18:29:31.856539602Z [err]    File "<frozen importlib._bootstrap>", line 935, in _load_unlocked
2025-12-02T18:29:31.856545872Z [err]    File "<frozen importlib._bootstrap_external>", line 999, in exec_module
2025-12-02T18:29:31.858829060Z [err]    File "<frozen importlib._bootstrap>", line 488, in _call_with_frames_removed
2025-12-02T18:29:31.858837930Z [err]    File "/app/new_concierge_backend/urls.py", line 50, in <module>
2025-12-02T18:29:31.858846427Z [err]      path('api/financial/', include('financial.urls')),
2025-12-02T18:29:31.858852263Z [err]                             ^^^^^^^^^^^^^^^^^^^^^^^^^
2025-12-02T18:29:31.858858192Z [err]    File "/usr/local/lib/python3.12/site-packages/django/urls/conf.py", line 39, in include
2025-12-02T18:29:31.858863725Z [err]      urlconf_module = import_module(urlconf_module)
2025-12-02T18:29:31.858869238Z [err]                       ^^^^^^^^^^^^^^^^^^^^^^^^^^^^^
2025-12-02T18:29:31.858875613Z [err]    File "/usr/local/lib/python3.12/importlib/__init__.py", line 90, in import_module
2025-12-02T18:29:31.858881481Z [err]      return _bootstrap._gcd_import(name[level:], package, level)
2025-12-02T18:29:31.858886887Z [err]             ^^^^^^^^^^^^^^^^^^^^^^^^^^^^^^^^^^^^^^^^^^^^^^^^^^^^
2025-12-02T18:29:31.858894074Z [err]    File "<frozen importlib._bootstrap>", line 1387, in _gcd_import
2025-12-02T18:29:31.858899757Z [err]    File "<frozen importlib._bootstrap>", line 1360, in _find_and_load
2025-12-02T18:29:31.858905376Z [err]    File "<frozen importlib._bootstrap>", line 1331, in _find_and_load_unlocked
2025-12-02T18:29:31.858911336Z [err]    File "<frozen importlib._bootstrap>", line 935, in _load_unlocked
2025-12-02T18:29:31.858916981Z [err]    File "<frozen importlib._bootstrap_external>", line 999, in exec_module
2025-12-02T18:29:31.858922269Z [err]    File "<frozen importlib._bootstrap>", line 488, in _call_with_frames_removed
2025-12-02T18:29:31.858927725Z [err]    File "/app/financial/urls.py", line 11, in <module>
2025-12-02T18:29:31.858933585Z [err]      from .backup_views import backup_database, restore_database, backup_history, backup_detail
2025-12-02T18:29:31.858939076Z [err]    File "/app/financial/backup_views.py", line 34, in <module>
2025-12-02T18:29:31.860265596Z [err]      from .models import (
2025-12-02T18:29:31.860280625Z [err]  ImportError: cannot import name 'ExpensePeriod' from 'financial.models' (/app/financial/models.py)
2025-12-02T18:29:31.860287873Z [err]  
2025-12-02T18:29:31.860294657Z [err]  During handling of the above exception, another exception occurred:
2025-12-02T18:29:31.860300914Z [err]  
2025-12-02T18:29:31.860307939Z [err]  Traceback (most recent call last):
2025-12-02T18:29:31.860313329Z [err]    File "/usr/local/lib/python3.12/site-packages/django/core/handlers/exception.py", line 55, in inner
2025-12-02T18:29:31.860319125Z [err]      response = get_response(request)
2025-12-02T18:29:31.860326682Z [err]                 ^^^^^^^^^^^^^^^^^^^^^
2025-12-02T18:29:31.860331859Z [err]    File "/usr/local/lib/python3.12/site-packages/django/utils/deprecation.py", line 120, in __call__
2025-12-02T18:29:31.860337193Z [err]      response = response or self.get_response(request)
2025-12-02T18:29:31.860344261Z [err]                             ^^^^^^^^^^^^^^^^^^^^^^^^^^
2025-12-02T18:29:31.860349467Z [err]    File "/usr/local/lib/python3.12/site-packages/django/core/handlers/exception.py", line 57, in inner
2025-12-02T18:29:31.860354490Z [err]      response = response_for_exception(request, exc)
2025-12-02T18:29:31.860359418Z [err]                 ^^^^^^^^^^^^^^^^^^^^^^^^^^^^^^^^^^^^
2025-12-02T18:29:31.860364312Z [err]    File "/usr/local/lib/python3.12/site-packages/django/core/handlers/exception.py", line 141, in response_for_exception
2025-12-02T18:29:31.860369161Z [err]      response = handle_uncaught_exception(
2025-12-02T18:29:31.860374287Z [err]                 ^^^^^^^^^^^^^^^^^^^^^^^^^^
2025-12-02T18:29:31.860379670Z [err]    File "/usr/local/lib/python3.12/site-packages/django/core/handlers/exception.py", line 185, in handle_uncaught_exception
2025-12-02T18:29:31.860384664Z [err]      callback = resolver.resolve_error_handler(500)
2025-12-02T18:29:31.862049506Z [err]                 ^^^^^^^^^^^^^^^^^^^^^^^^^^^^^^^^^^^
2025-12-02T18:29:31.862055948Z [err]    File "/usr/local/lib/python3.12/site-packages/django/urls/resolvers.py", line 732, in resolve_error_handler
2025-12-02T18:29:31.862061749Z [err]      callback = getattr(self.urlconf_module, "handler%s" % view_type, None)
2025-12-02T18:29:31.862066947Z [err]                         ^^^^^^^^^^^^^^^^^^^
2025-12-02T18:29:31.862072378Z [err]    File "/usr/local/lib/python3.12/site-packages/django/utils/functional.py", line 47, in __get__
2025-12-02T18:29:31.862077588Z [err]      res = instance.__dict__[self.name] = self.func(instance)
2025-12-02T18:29:31.862083081Z [err]                                           ^^^^^^^^^^^^^^^^^^^
2025-12-02T18:29:31.862088026Z [err]    File "/usr/local/lib/python3.12/site-packages/django/urls/resolvers.py", line 711, in urlconf_module
2025-12-02T18:29:31.862092922Z [err]      return import_module(self.urlconf_name)
2025-12-02T18:29:31.862098056Z [err]             ^^^^^^^^^^^^^^^^^^^^^^^^^^^^^^^^
2025-12-02T18:29:31.862103452Z [err]    File "/usr/local/lib/python3.12/importlib/__init__.py", line 90, in import_module
2025-12-02T18:29:31.862111039Z [err]      return _bootstrap._gcd_import(name[level:], package, level)
2025-12-02T18:29:31.862116674Z [err]             ^^^^^^^^^^^^^^^^^^^^^^^^^^^^^^^^^^^^^^^^^^^^^^^^^^^^
2025-12-02T18:29:31.862122003Z [err]    File "<frozen importlib._bootstrap>", line 1387, in _gcd_import
2025-12-02T18:29:31.862127476Z [err]    File "<frozen importlib._bootstrap>", line 1360, in _find_and_load
2025-12-02T18:29:31.862132883Z [err]    File "<frozen importlib._bootstrap>", line 1331, in _find_and_load_unlocked
2025-12-02T18:29:31.862138506Z [err]    File "<frozen importlib._bootstrap>", line 935, in _load_unlocked
2025-12-02T18:29:31.862143787Z [err]    File "<frozen importlib._bootstrap_external>", line 999, in exec_module
2025-12-02T18:29:31.862149047Z [err]    File "<frozen importlib._bootstrap>", line 488, in _call_with_frames_removed
2025-12-02T18:29:31.864591252Z [err]    File "/app/new_concierge_backend/urls.py", line 50, in <module>
2025-12-02T18:29:31.864598358Z [err]      path('api/financial/', include('financial.urls')),
2025-12-02T18:29:31.864603109Z [err]                             ^^^^^^^^^^^^^^^^^^^^^^^^^
2025-12-02T18:29:31.864608360Z [err]    File "/usr/local/lib/python3.12/site-packages/django/urls/conf.py", line 39, in include
2025-12-02T18:29:31.864614625Z [err]      urlconf_module = import_module(urlconf_module)
2025-12-02T18:29:31.864634297Z [err]                       ^^^^^^^^^^^^^^^^^^^^^^^^^^^^^
2025-12-02T18:29:31.864640458Z [err]    File "/usr/local/lib/python3.12/importlib/__init__.py", line 90, in import_module
2025-12-02T18:29:31.864645959Z [err]      return _bootstrap._gcd_import(name[level:], package, level)
2025-12-02T18:29:31.864650468Z [err]             ^^^^^^^^^^^^^^^^^^^^^^^^^^^^^^^^^^^^^^^^^^^^^^^^^^^^
2025-12-02T18:29:31.864656046Z [err]    File "<frozen importlib._bootstrap>", line 1387, in _gcd_import
2025-12-02T18:29:31.864659996Z [err]    File "<frozen importlib._bootstrap>", line 1360, in _find_and_load
2025-12-02T18:29:31.864663934Z [err]    File "<frozen importlib._bootstrap>", line 1331, in _find_and_load_unlocked
2025-12-02T18:29:31.864667922Z [err]    File "<frozen importlib._bootstrap>", line 935, in _load_unlocked
2025-12-02T18:29:31.864672364Z [err]    File "<frozen importlib._bootstrap_external>", line 999, in exec_module
2025-12-02T18:29:31.864678732Z [err]    File "<frozen importlib._bootstrap>", line 488, in _call_with_frames_removed
2025-12-02T18:29:31.864683568Z [err]    File "/app/financial/urls.py", line 11, in <module>
2025-12-02T18:29:31.864688876Z [err]      from .backup_views import backup_database, restore_database, backup_history, backup_detail
2025-12-02T18:29:31.864693273Z [err]    File "/app/financial/backup_views.py", line 34, in <module>
2025-12-02T18:29:31.864697563Z [err]      from .models import (
2025-12-02T18:29:31.867024733Z [err]  ImportError: cannot import name 'ExpensePeriod' from 'financial.models' (/app/financial/models.py)
2025-12-02T18:29:31.867036055Z [err]  
2025-12-02T18:29:31.867043138Z [err]  During handling of the above exception, another exception occurred:
2025-12-02T18:29:31.867049420Z [err]  
2025-12-02T18:29:31.867055599Z [err]  Traceback (most recent call last):
2025-12-02T18:29:31.867063909Z [err]    File "/usr/local/lib/python3.12/site-packages/django/core/handlers/exception.py", line 55, in inner
2025-12-02T18:29:31.867070697Z [err]      response = get_response(request)
2025-12-02T18:29:31.867077107Z [err]                 ^^^^^^^^^^^^^^^^^^^^^
2025-12-02T18:29:31.867082439Z [err]    File "/app/core/cross_schema_auth.py", line 197, in __call__
2025-12-02T18:29:31.867088628Z [err]      return self.get_response(request)
2025-12-02T18:29:31.867093119Z [err]             ^^^^^^^^^^^^^^^^^^^^^^^^^^
2025-12-02T18:29:31.867098001Z [err]    File "/usr/local/lib/python3.12/site-packages/django/core/handlers/exception.py", line 57, in inner
2025-12-02T18:29:31.867102662Z [err]      response = response_for_exception(request, exc)
2025-12-02T18:29:31.867107512Z [err]                 ^^^^^^^^^^^^^^^^^^^^^^^^^^^^^^^^^^^^
2025-12-02T18:29:31.867112475Z [err]    File "/usr/local/lib/python3.12/site-packages/django/core/handlers/exception.py", line 141, in response_for_exception
2025-12-02T18:29:31.867116814Z [err]      response = handle_uncaught_exception(
2025-12-02T18:29:36.057173932Z [err]  DEBUG 2025-12-02 20:29:36,052 middleware 18 140280851217280 🔍 [TENANT MIDDLEWARE] hostname_from_request: Using X-Tenant-Host 'theo.newconcierge.app' -> 'theo.newconcierge.app' (internal: 'linuxversion-production.up.railway.app')
2025-12-02T18:29:36.057182599Z [err]  DEBUG 2025-12-02 20:29:36,052 middleware 18 140280851217280 🔍 [TENANT MIDDLEWARE] get_tenant called with hostname: 'theo.newconcierge.app'
2025-12-02T18:29:36.057189077Z [err]  INFO 2025-12-02 20:29:36,055 middleware 18 140280851217280 🔍 [TENANT MIDDLEWARE] Resolved 'theo.newconcierge.app' -> tenant 'theo' via domain lookup
2025-12-02T18:29:36.771715941Z [err]  [2025-12-02 20:29:36 +0200] [18] [ERROR] Error handling request /api/todos/notifications/?building=1
2025-12-02T18:29:36.771721597Z [err]  Traceback (most recent call last):
2025-12-02T18:29:36.771727003Z [err]    File "/usr/local/lib/python3.12/site-packages/django/core/handlers/exception.py", line 55, in inner
2025-12-02T18:29:36.771734087Z [err]      response = get_response(request)
2025-12-02T18:29:36.771740993Z [err]                 ^^^^^^^^^^^^^^^^^^^^^
2025-12-02T18:29:36.771754104Z [err]    File "/usr/local/lib/python3.12/site-packages/django/core/handlers/base.py", line 181, in _get_response
2025-12-02T18:29:36.771754856Z [err]                       ^^^^^^^^^^^^^^^^^^^^^^^^^^^^^^^^^^^
2025-12-02T18:29:36.771770155Z [err]    File "/usr/local/lib/python3.12/site-packages/django/urls/resolvers.py", line 666, in resolve
2025-12-02T18:29:36.771775044Z [err]      for pattern in self.url_patterns:
2025-12-02T18:29:36.771778238Z [err]      callback, callback_args, callback_kwargs = self.resolve_request(request)
2025-12-02T18:29:36.771781170Z [err]                     ^^^^^^^^^^^^^^^^^
2025-12-02T18:29:36.771786279Z [err]    File "/usr/local/lib/python3.12/site-packages/django/utils/functional.py", line 47, in __get__
2025-12-02T18:29:36.771788811Z [err]                                                 ^^^^^^^^^^^^^^^^^^^^^^^^^^^^^
2025-12-02T18:29:36.771791401Z [err]      res = instance.__dict__[self.name] = self.func(instance)
2025-12-02T18:29:36.771797057Z [err]                                           ^^^^^^^^^^^^^^^^^^^
2025-12-02T18:29:36.771799177Z [err]    File "/usr/local/lib/python3.12/site-packages/django/core/handlers/base.py", line 313, in resolve_request
2025-12-02T18:29:36.771802986Z [err]    File "/usr/local/lib/python3.12/site-packages/django/urls/resolvers.py", line 718, in url_patterns
2025-12-02T18:29:36.771806080Z [err]      resolver_match = resolver.resolve(request.path_info)
2025-12-02T18:29:36.774470892Z [err]      patterns = getattr(self.urlconf_module, "urlpatterns", self.urlconf_module)
2025-12-02T18:29:36.774474647Z [err]                         ^^^^^^^^^^^^^^^^^^^
2025-12-02T18:29:36.774479972Z [err]    File "/usr/local/lib/python3.12/site-packages/django/utils/functional.py", line 47, in __get__
2025-12-02T18:29:36.774484768Z [err]      res = instance.__dict__[self.name] = self.func(instance)
2025-12-02T18:29:36.774491251Z [err]                                           ^^^^^^^^^^^^^^^^^^^
2025-12-02T18:29:36.774496562Z [err]    File "/usr/local/lib/python3.12/site-packages/django/urls/resolvers.py", line 711, in urlconf_module
2025-12-02T18:29:36.774501619Z [err]      return import_module(self.urlconf_name)
2025-12-02T18:29:36.774506631Z [err]             ^^^^^^^^^^^^^^^^^^^^^^^^^^^^^^^^
2025-12-02T18:29:36.774512188Z [err]    File "/usr/local/lib/python3.12/importlib/__init__.py", line 90, in import_module
2025-12-02T18:29:36.774519154Z [err]      return _bootstrap._gcd_import(name[level:], package, level)
2025-12-02T18:29:36.774524703Z [err]             ^^^^^^^^^^^^^^^^^^^^^^^^^^^^^^^^^^^^^^^^^^^^^^^^^^^^
2025-12-02T18:29:36.774529933Z [err]    File "<frozen importlib._bootstrap>", line 1387, in _gcd_import
2025-12-02T18:29:36.774535842Z [err]    File "<frozen importlib._bootstrap>", line 1360, in _find_and_load
2025-12-02T18:29:36.774541329Z [err]    File "<frozen importlib._bootstrap>", line 1331, in _find_and_load_unlocked
2025-12-02T18:29:36.774546766Z [err]    File "<frozen importlib._bootstrap>", line 935, in _load_unlocked
2025-12-02T18:29:36.774552510Z [err]    File "<frozen importlib._bootstrap_external>", line 999, in exec_module
2025-12-02T18:29:36.774558462Z [err]    File "<frozen importlib._bootstrap>", line 488, in _call_with_frames_removed
2025-12-02T18:29:36.774563713Z [err]    File "/app/new_concierge_backend/urls.py", line 50, in <module>
2025-12-02T18:29:36.774569038Z [err]      path('api/financial/', include('financial.urls')),
2025-12-02T18:29:36.774656645Z [err]                             ^^^^^^^^^^^^^^^^^^^^^^^^^
2025-12-02T18:29:36.774661011Z [err]    File "/usr/local/lib/python3.12/site-packages/django/urls/conf.py", line 39, in include
2025-12-02T18:29:36.774664679Z [err]      urlconf_module = import_module(urlconf_module)
2025-12-02T18:29:36.774668645Z [err]                       ^^^^^^^^^^^^^^^^^^^^^^^^^^^^^
2025-12-02T18:29:36.774673222Z [err]    File "/usr/local/lib/python3.12/importlib/__init__.py", line 90, in import_module
2025-12-02T18:29:36.774676848Z [err]      return _bootstrap._gcd_import(name[level:], package, level)
2025-12-02T18:29:36.774680987Z [err]             ^^^^^^^^^^^^^^^^^^^^^^^^^^^^^^^^^^^^^^^^^^^^^^^^^^^^
2025-12-02T18:29:36.774684751Z [err]    File "<frozen importlib._bootstrap>", line 1387, in _gcd_import
2025-12-02T18:29:36.774688623Z [err]    File "<frozen importlib._bootstrap>", line 1360, in _find_and_load
2025-12-02T18:29:36.774695303Z [err]    File "<frozen importlib._bootstrap>", line 1331, in _find_and_load_unlocked
2025-12-02T18:29:36.774699257Z [err]    File "<frozen importlib._bootstrap>", line 935, in _load_unlocked
2025-12-02T18:29:36.774703778Z [err]    File "<frozen importlib._bootstrap_external>", line 999, in exec_module
2025-12-02T18:29:36.774707741Z [err]    File "<frozen importlib._bootstrap>", line 488, in _call_with_frames_removed
2025-12-02T18:29:36.774711739Z [err]    File "/app/financial/urls.py", line 11, in <module>
2025-12-02T18:29:36.774715687Z [err]      from .backup_views import backup_database, restore_database, backup_history, backup_detail
2025-12-02T18:29:36.774719844Z [err]    File "/app/financial/backup_views.py", line 34, in <module>
2025-12-02T18:29:36.774724052Z [err]      from .models import (
2025-12-02T18:29:36.774728023Z [err]  ImportError: cannot import name 'ExpensePeriod' from 'financial.models' (/app/financial/models.py)
2025-12-02T18:29:36.774731999Z [err]  
2025-12-02T18:29:36.775946192Z [err]    File "/usr/local/lib/python3.12/site-packages/django/utils/deprecation.py", line 120, in __call__
2025-12-02T18:29:36.775955803Z [err]      response = response or self.get_response(request)
2025-12-02T18:29:36.775963058Z [err]                             ^^^^^^^^^^^^^^^^^^^^^^^^^^
2025-12-02T18:29:36.775968984Z [err]    File "/usr/local/lib/python3.12/site-packages/django/core/handlers/exception.py", line 57, in inner
2025-12-02T18:29:36.775974630Z [err]      response = response_for_exception(request, exc)
2025-12-02T18:29:36.775980956Z [err]                 ^^^^^^^^^^^^^^^^^^^^^^^^^^^^^^^^^^^^
2025-12-02T18:29:36.775989462Z [err]    File "/usr/local/lib/python3.12/site-packages/django/core/handlers/exception.py", line 141, in response_for_exception
2025-12-02T18:29:36.775996062Z [err]      response = handle_uncaught_exception(
2025-12-02T18:29:36.776000776Z [err]                 ^^^^^^^^^^^^^^^^^^^^^^^^^^
2025-12-02T18:29:36.776005265Z [err]    File "/usr/local/lib/python3.12/site-packages/django/core/handlers/exception.py", line 185, in handle_uncaught_exception
2025-12-02T18:29:36.776009621Z [err]      callback = resolver.resolve_error_handler(500)
2025-12-02T18:29:36.776014206Z [err]                 ^^^^^^^^^^^^^^^^^^^^^^^^^^^^^^^^^^^
2025-12-02T18:29:36.776020143Z [err]    File "/usr/local/lib/python3.12/site-packages/django/urls/resolvers.py", line 732, in resolve_error_handler
2025-12-02T18:29:36.776028227Z [err]  During handling of the above exception, another exception occurred:
2025-12-02T18:29:36.776033891Z [err]  
2025-12-02T18:29:36.776049835Z [err]  Traceback (most recent call last):
2025-12-02T18:29:36.776055610Z [err]    File "/usr/local/lib/python3.12/site-packages/django/core/handlers/exception.py", line 55, in inner
2025-12-02T18:29:36.776060404Z [err]      response = get_response(request)
2025-12-02T18:29:36.776066502Z [err]                 ^^^^^^^^^^^^^^^^^^^^^
2025-12-02T18:29:36.777502658Z [err]    File "/usr/local/lib/python3.12/site-packages/django/urls/resolvers.py", line 711, in urlconf_module
2025-12-02T18:29:36.777507855Z [err]    File "<frozen importlib._bootstrap>", line 488, in _call_with_frames_removed
2025-12-02T18:29:36.777512232Z [err]      return import_module(self.urlconf_name)
2025-12-02T18:29:36.777515352Z [err]             ^^^^^^^^^^^^^^^^^^^^^^^^^^^^^^^^^^^^^^^^^^^^^^^^^^^^
2025-12-02T18:29:36.777519490Z [err]    File "/app/new_concierge_backend/urls.py", line 50, in <module>
2025-12-02T18:29:36.777520029Z [err]      callback = getattr(self.urlconf_module, "handler%s" % view_type, None)
2025-12-02T18:29:36.777520819Z [err]             ^^^^^^^^^^^^^^^^^^^^^^^^^^^^^^^^
2025-12-02T18:29:36.777528637Z [err]      path('api/financial/', include('financial.urls')),
2025-12-02T18:29:36.777532550Z [err]                         ^^^^^^^^^^^^^^^^^^^
2025-12-02T18:29:36.777534331Z [err]    File "<frozen importlib._bootstrap>", line 1387, in _gcd_import
2025-12-02T18:29:36.777541308Z [err]    File "/usr/local/lib/python3.12/site-packages/django/utils/functional.py", line 47, in __get__
2025-12-02T18:29:36.777543017Z [err]    File "<frozen importlib._bootstrap>", line 1360, in _find_and_load
2025-12-02T18:29:36.777549620Z [err]      res = instance.__dict__[self.name] = self.func(instance)
2025-12-02T18:29:36.777550484Z [err]    File "/usr/local/lib/python3.12/importlib/__init__.py", line 90, in import_module
2025-12-02T18:29:36.777551975Z [err]    File "<frozen importlib._bootstrap>", line 1331, in _find_and_load_unlocked
2025-12-02T18:29:36.777558854Z [err]      return _bootstrap._gcd_import(name[level:], package, level)
2025-12-02T18:29:36.777559179Z [err]                                           ^^^^^^^^^^^^^^^^^^^
2025-12-02T18:29:36.777559608Z [err]    File "<frozen importlib._bootstrap>", line 935, in _load_unlocked
2025-12-02T18:29:36.777566941Z [err]    File "<frozen importlib._bootstrap_external>", line 999, in exec_module
2025-12-02T18:29:36.779579463Z [err]    File "/app/financial/backup_views.py", line 34, in <module>
2025-12-02T18:29:36.779584974Z [err]    File "/usr/local/lib/python3.12/importlib/__init__.py", line 90, in import_module
2025-12-02T18:29:36.779589540Z [err]                             ^^^^^^^^^^^^^^^^^^^^^^^^^
2025-12-02T18:29:36.779592080Z [err]      from .models import (
2025-12-02T18:29:36.779594429Z [err]      return _bootstrap._gcd_import(name[level:], package, level)
2025-12-02T18:29:36.779595701Z [err]    File "/usr/local/lib/python3.12/site-packages/django/urls/conf.py", line 39, in include
2025-12-02T18:29:36.779601781Z [err]  ImportError: cannot import name 'ExpensePeriod' from 'financial.models' (/app/financial/models.py)
2025-12-02T18:29:36.779602999Z [err]             ^^^^^^^^^^^^^^^^^^^^^^^^^^^^^^^^^^^^^^^^^^^^^^^^^^^^
2025-12-02T18:29:36.779603067Z [err]      urlconf_module = import_module(urlconf_module)
2025-12-02T18:29:36.779611258Z [err]    File "<frozen importlib._bootstrap>", line 1387, in _gcd_import
2025-12-02T18:29:36.779612720Z [err]                       ^^^^^^^^^^^^^^^^^^^^^^^^^^^^^
2025-12-02T18:29:36.779613961Z [err]  
2025-12-02T18:29:36.779619613Z [err]    File "<frozen importlib._bootstrap>", line 1360, in _find_and_load
2025-12-02T18:29:36.779625649Z [err]    File "<frozen importlib._bootstrap>", line 1331, in _find_and_load_unlocked
2025-12-02T18:29:36.779630213Z [err]    File "<frozen importlib._bootstrap>", line 935, in _load_unlocked
2025-12-02T18:29:36.779634866Z [err]    File "<frozen importlib._bootstrap_external>", line 999, in exec_module
2025-12-02T18:29:36.779639516Z [err]    File "<frozen importlib._bootstrap>", line 488, in _call_with_frames_removed
2025-12-02T18:29:36.779644540Z [err]    File "/app/financial/urls.py", line 11, in <module>
2025-12-02T18:29:36.779651450Z [err]      from .backup_views import backup_database, restore_database, backup_history, backup_detail
2025-12-02T18:29:36.781278306Z [err]  During handling of the above exception, another exception occurred:
2025-12-02T18:29:36.781287635Z [err]  
2025-12-02T18:29:36.781295334Z [err]  Traceback (most recent call last):
2025-12-02T18:29:36.781302388Z [err]    File "/usr/local/lib/python3.12/site-packages/django/core/handlers/exception.py", line 55, in inner
2025-12-02T18:29:36.781311086Z [err]      response = get_response(request)
2025-12-02T18:29:36.781319178Z [err]                 ^^^^^^^^^^^^^^^^^^^^^
2025-12-02T18:29:36.781326291Z [err]    File "/usr/local/lib/python3.12/site-packages/django/utils/deprecation.py", line 120, in __call__
2025-12-02T18:29:36.781332532Z [err]      response = response or self.get_response(request)
2025-12-02T18:29:36.781338606Z [err]                             ^^^^^^^^^^^^^^^^^^^^^^^^^^
2025-12-02T18:29:36.781346758Z [err]    File "/usr/local/lib/python3.12/site-packages/django/core/handlers/exception.py", line 57, in inner
2025-12-02T18:29:36.781353423Z [err]      response = response_for_exception(request, exc)
2025-12-02T18:29:36.781359516Z [err]                 ^^^^^^^^^^^^^^^^^^^^^^^^^^^^^^^^^^^^
2025-12-02T18:29:36.781366316Z [err]    File "/usr/local/lib/python3.12/site-packages/django/core/handlers/exception.py", line 141, in response_for_exception
2025-12-02T18:29:36.781377066Z [err]      response = handle_uncaught_exception(
2025-12-02T18:29:36.781383294Z [err]                 ^^^^^^^^^^^^^^^^^^^^^^^^^^
2025-12-02T18:29:36.781390872Z [err]    File "/usr/local/lib/python3.12/site-packages/django/core/handlers/exception.py", line 185, in handle_uncaught_exception
2025-12-02T18:29:36.781397671Z [err]      callback = resolver.resolve_error_handler(500)
2025-12-02T18:29:36.781404056Z [err]                 ^^^^^^^^^^^^^^^^^^^^^^^^^^^^^^^^^^^
2025-12-02T18:29:36.781410737Z [err]    File "/usr/local/lib/python3.12/site-packages/django/urls/resolvers.py", line 732, in resolve_error_handler
2025-12-02T18:29:36.783311429Z [err]      callback = getattr(self.urlconf_module, "handler%s" % view_type, None)
2025-12-02T18:29:36.783312762Z [err]    File "<frozen importlib._bootstrap>", line 1360, in _find_and_load
2025-12-02T18:29:36.783321523Z [err]                         ^^^^^^^^^^^^^^^^^^^
2025-12-02T18:29:36.783324333Z [err]    File "<frozen importlib._bootstrap>", line 1331, in _find_and_load_unlocked
2025-12-02T18:29:36.783329160Z [err]    File "/usr/local/lib/python3.12/site-packages/django/utils/functional.py", line 47, in __get__
2025-12-02T18:29:36.783333092Z [err]    File "<frozen importlib._bootstrap>", line 935, in _load_unlocked
2025-12-02T18:29:36.783338282Z [err]      res = instance.__dict__[self.name] = self.func(instance)
2025-12-02T18:29:36.783341556Z [err]    File "<frozen importlib._bootstrap_external>", line 999, in exec_module
2025-12-02T18:29:36.783348176Z [err]                                           ^^^^^^^^^^^^^^^^^^^
2025-12-02T18:29:36.783350669Z [err]    File "<frozen importlib._bootstrap>", line 488, in _call_with_frames_removed
2025-12-02T18:29:36.783355894Z [err]    File "/usr/local/lib/python3.12/site-packages/django/urls/resolvers.py", line 711, in urlconf_module
2025-12-02T18:29:36.783359340Z [err]    File "/app/new_concierge_backend/urls.py", line 50, in <module>
2025-12-02T18:29:36.783363629Z [err]      return import_module(self.urlconf_name)
2025-12-02T18:29:36.783367626Z [err]      path('api/financial/', include('financial.urls')),
2025-12-02T18:29:36.783371059Z [err]             ^^^^^^^^^^^^^^^^^^^^^^^^^^^^^^^^
2025-12-02T18:29:36.783377451Z [err]    File "/usr/local/lib/python3.12/importlib/__init__.py", line 90, in import_module
2025-12-02T18:29:36.783383613Z [err]      return _bootstrap._gcd_import(name[level:], package, level)
2025-12-02T18:29:36.783389793Z [err]             ^^^^^^^^^^^^^^^^^^^^^^^^^^^^^^^^^^^^^^^^^^^^^^^^^^^^
2025-12-02T18:29:36.783410428Z [err]    File "<frozen importlib._bootstrap>", line 1387, in _gcd_import
2025-12-02T18:29:36.784922282Z [err]                             ^^^^^^^^^^^^^^^^^^^^^^^^^
2025-12-02T18:29:36.784931383Z [err]      from .models import (
2025-12-02T18:29:36.784932302Z [err]    File "/usr/local/lib/python3.12/site-packages/django/urls/conf.py", line 39, in include
2025-12-02T18:29:36.784939980Z [err]      urlconf_module = import_module(urlconf_module)
2025-12-02T18:29:36.784941618Z [err]  ImportError: cannot import name 'ExpensePeriod' from 'financial.models' (/app/financial/models.py)
2025-12-02T18:29:36.784947860Z [err]  
2025-12-02T18:29:36.784948846Z [err]                       ^^^^^^^^^^^^^^^^^^^^^^^^^^^^^
2025-12-02T18:29:36.784954507Z [err]    File "/usr/local/lib/python3.12/importlib/__init__.py", line 90, in import_module
2025-12-02T18:29:36.784960023Z [err]      return _bootstrap._gcd_import(name[level:], package, level)
2025-12-02T18:29:36.784965384Z [err]             ^^^^^^^^^^^^^^^^^^^^^^^^^^^^^^^^^^^^^^^^^^^^^^^^^^^^
2025-12-02T18:29:36.784972079Z [err]    File "<frozen importlib._bootstrap>", line 1387, in _gcd_import
2025-12-02T18:29:36.784977766Z [err]    File "<frozen importlib._bootstrap>", line 1360, in _find_and_load
2025-12-02T18:29:36.784983077Z [err]    File "<frozen importlib._bootstrap>", line 1331, in _find_and_load_unlocked
2025-12-02T18:29:36.784988566Z [err]    File "<frozen importlib._bootstrap>", line 935, in _load_unlocked
2025-12-02T18:29:36.784994136Z [err]    File "<frozen importlib._bootstrap_external>", line 999, in exec_module
2025-12-02T18:29:36.784999515Z [err]    File "<frozen importlib._bootstrap>", line 488, in _call_with_frames_removed
2025-12-02T18:29:36.785005236Z [err]    File "/app/financial/urls.py", line 11, in <module>
2025-12-02T18:29:36.785010640Z [err]      from .backup_views import backup_database, restore_database, backup_history, backup_detail
2025-12-02T18:29:36.785016014Z [err]    File "/app/financial/backup_views.py", line 34, in <module>
2025-12-02T18:29:36.786570114Z [err]  During handling of the above exception, another exception occurred:
2025-12-02T18:29:36.786576751Z [err]  
2025-12-02T18:29:36.786584855Z [err]    File "/usr/local/lib/python3.12/site-packages/django/urls/resolvers.py", line 732, in resolve_error_handler
2025-12-02T18:29:36.786584882Z [err]  Traceback (most recent call last):
2025-12-02T18:29:36.786586131Z [err]                 ^^^^^^^^^^^^^^^^^^^^^
2025-12-02T18:29:36.786593642Z [err]    File "/usr/local/lib/python3.12/site-packages/django/core/handlers/exception.py", line 55, in inner
2025-12-02T18:29:36.786596925Z [err]    File "/usr/local/lib/python3.12/site-packages/django/utils/deprecation.py", line 120, in __call__
2025-12-02T18:29:36.786597403Z [err]    File "/usr/local/lib/python3.12/site-packages/django/core/handlers/exception.py", line 185, in handle_uncaught_exception
2025-12-02T18:29:36.786601471Z [err]                 ^^^^^^^^^^^^^^^^^^^^^^^^^^^^^^^^^^^^
2025-12-02T18:29:36.786602474Z [err]      response = get_response(request)
2025-12-02T18:29:36.786606279Z [err]      response = response or self.get_response(request)
2025-12-02T18:29:36.786608052Z [err]      callback = resolver.resolve_error_handler(500)
2025-12-02T18:29:36.786610268Z [err]    File "/usr/local/lib/python3.12/site-packages/django/core/handlers/exception.py", line 141, in response_for_exception
2025-12-02T18:29:36.786614043Z [err]                             ^^^^^^^^^^^^^^^^^^^^^^^^^^
2025-12-02T18:29:36.786619759Z [err]      response = handle_uncaught_exception(
2025-12-02T18:29:36.786622174Z [err]    File "/usr/local/lib/python3.12/site-packages/django/core/handlers/exception.py", line 57, in inner
2025-12-02T18:29:36.786622253Z [err]                 ^^^^^^^^^^^^^^^^^^^^^^^^^^^^^^^^^^^
2025-12-02T18:29:36.786626361Z [err]                 ^^^^^^^^^^^^^^^^^^^^^^^^^^
2025-12-02T18:29:36.786631011Z [err]      response = response_for_exception(request, exc)
2025-12-02T18:29:36.788288868Z [err]    File "<frozen importlib._bootstrap>", line 1387, in _gcd_import
2025-12-02T18:29:36.788297803Z [err]    File "<frozen importlib._bootstrap>", line 1360, in _find_and_load
2025-12-02T18:29:36.788302745Z [err]    File "<frozen importlib._bootstrap>", line 1331, in _find_and_load_unlocked
2025-12-02T18:29:36.788307836Z [err]      path('api/financial/', include('financial.urls')),
2025-12-02T18:29:36.788309144Z [err]    File "<frozen importlib._bootstrap>", line 935, in _load_unlocked
2025-12-02T18:29:36.788315113Z [err]    File "<frozen importlib._bootstrap_external>", line 999, in exec_module
2025-12-02T18:29:36.788317321Z [err]      callback = getattr(self.urlconf_module, "handler%s" % view_type, None)
2025-12-02T18:29:36.788320724Z [err]    File "<frozen importlib._bootstrap>", line 488, in _call_with_frames_removed
2025-12-02T18:29:36.788326879Z [err]    File "/app/new_concierge_backend/urls.py", line 50, in <module>
2025-12-02T18:29:36.788328099Z [err]                         ^^^^^^^^^^^^^^^^^^^
2025-12-02T18:29:36.788335013Z [err]    File "/usr/local/lib/python3.12/site-packages/django/utils/functional.py", line 47, in __get__
2025-12-02T18:29:36.788340497Z [err]      res = instance.__dict__[self.name] = self.func(instance)
2025-12-02T18:29:36.788346503Z [err]                                           ^^^^^^^^^^^^^^^^^^^
2025-12-02T18:29:36.788352226Z [err]    File "/usr/local/lib/python3.12/site-packages/django/urls/resolvers.py", line 711, in urlconf_module
2025-12-02T18:29:36.788357834Z [err]      return import_module(self.urlconf_name)
2025-12-02T18:29:36.788371037Z [err]             ^^^^^^^^^^^^^^^^^^^^^^^^^^^^^^^^
2025-12-02T18:29:36.788377116Z [err]    File "/usr/local/lib/python3.12/importlib/__init__.py", line 90, in import_module
2025-12-02T18:29:36.788383334Z [err]      return _bootstrap._gcd_import(name[level:], package, level)
2025-12-02T18:29:36.788389718Z [err]             ^^^^^^^^^^^^^^^^^^^^^^^^^^^^^^^^^^^^^^^^^^^^^^^^^^^^
2025-12-02T18:29:36.789838499Z [err]                             ^^^^^^^^^^^^^^^^^^^^^^^^^
2025-12-02T18:29:36.789844384Z [err]    File "/usr/local/lib/python3.12/site-packages/django/urls/conf.py", line 39, in include
2025-12-02T18:29:36.789848888Z [err]      urlconf_module = import_module(urlconf_module)
2025-12-02T18:29:36.789853018Z [err]                       ^^^^^^^^^^^^^^^^^^^^^^^^^^^^^
2025-12-02T18:29:36.789858877Z [err]    File "/app/financial/backup_views.py", line 34, in <module>
2025-12-02T18:29:36.789859153Z [err]    File "/usr/local/lib/python3.12/importlib/__init__.py", line 90, in import_module
2025-12-02T18:29:36.789864759Z [err]      return _bootstrap._gcd_import(name[level:], package, level)
2025-12-02T18:29:36.789868984Z [err]      from .models import (
2025-12-02T18:29:36.789872024Z [err]             ^^^^^^^^^^^^^^^^^^^^^^^^^^^^^^^^^^^^^^^^^^^^^^^^^^^^
2025-12-02T18:29:36.789877343Z [err]  ImportError: cannot import name 'ExpensePeriod' from 'financial.models' (/app/financial/models.py)
2025-12-02T18:29:36.789878811Z [err]    File "<frozen importlib._bootstrap>", line 1387, in _gcd_import
2025-12-02T18:29:36.789884667Z [err]    File "<frozen importlib._bootstrap>", line 1360, in _find_and_load
2025-12-02T18:29:36.789884765Z [err]  
2025-12-02T18:29:36.789890246Z [err]    File "<frozen importlib._bootstrap>", line 1331, in _find_and_load_unlocked
2025-12-02T18:29:36.789894189Z [err]    File "<frozen importlib._bootstrap>", line 935, in _load_unlocked
2025-12-02T18:29:36.789897933Z [err]    File "<frozen importlib._bootstrap_external>", line 999, in exec_module
2025-12-02T18:29:36.789901641Z [err]    File "<frozen importlib._bootstrap>", line 488, in _call_with_frames_removed
2025-12-02T18:29:36.789905614Z [err]    File "/app/financial/urls.py", line 11, in <module>
2025-12-02T18:29:36.789910001Z [err]      from .backup_views import backup_database, restore_database, backup_history, backup_detail
2025-12-02T18:29:36.791968505Z [err]  During handling of the above exception, another exception occurred:
2025-12-02T18:29:36.791975876Z [err]  
2025-12-02T18:29:36.791981362Z [err]  Traceback (most recent call last):
2025-12-02T18:29:36.791985557Z [err]    File "/usr/local/lib/python3.12/site-packages/django/utils/deprecation.py", line 120, in __call__
2025-12-02T18:29:36.791986473Z [err]    File "/usr/local/lib/python3.12/site-packages/django/core/handlers/exception.py", line 55, in inner
2025-12-02T18:29:36.791990957Z [err]      response = get_response(request)
2025-12-02T18:29:36.791997596Z [err]      response = response or self.get_response(request)
2025-12-02T18:29:36.791998363Z [err]                 ^^^^^^^^^^^^^^^^^^^^^
2025-12-02T18:29:36.792004721Z [err]                             ^^^^^^^^^^^^^^^^^^^^^^^^^^
2025-12-02T18:29:36.792009977Z [err]    File "/usr/local/lib/python3.12/site-packages/django/core/handlers/exception.py", line 57, in inner
2025-12-02T18:29:36.792015932Z [err]      response = response_for_exception(request, exc)
2025-12-02T18:29:36.792021767Z [err]                 ^^^^^^^^^^^^^^^^^^^^^^^^^^^^^^^^^^^^
2025-12-02T18:29:36.792027842Z [err]    File "/usr/local/lib/python3.12/site-packages/django/core/handlers/exception.py", line 141, in response_for_exception
2025-12-02T18:29:36.792034594Z [err]      response = handle_uncaught_exception(
2025-12-02T18:29:36.792040756Z [err]                 ^^^^^^^^^^^^^^^^^^^^^^^^^^
2025-12-02T18:29:36.792046822Z [err]    File "/usr/local/lib/python3.12/site-packages/django/core/handlers/exception.py", line 185, in handle_uncaught_exception
2025-12-02T18:29:36.792051417Z [err]      callback = resolver.resolve_error_handler(500)
2025-12-02T18:29:36.792055355Z [err]                 ^^^^^^^^^^^^^^^^^^^^^^^^^^^^^^^^^^^
2025-12-02T18:29:36.792060805Z [err]    File "/usr/local/lib/python3.12/site-packages/django/urls/resolvers.py", line 732, in resolve_error_handler
2025-12-02T18:29:36.793743972Z [err]    File "<frozen importlib._bootstrap>", line 1360, in _find_and_load
2025-12-02T18:29:36.793753777Z [err]    File "<frozen importlib._bootstrap>", line 1331, in _find_and_load_unlocked
2025-12-02T18:29:36.793754795Z [err]      callback = getattr(self.urlconf_module, "handler%s" % view_type, None)
2025-12-02T18:29:36.793762407Z [err]    File "<frozen importlib._bootstrap>", line 935, in _load_unlocked
2025-12-02T18:29:36.793764501Z [err]                         ^^^^^^^^^^^^^^^^^^^
2025-12-02T18:29:36.793772119Z [err]    File "/usr/local/lib/python3.12/site-packages/django/utils/functional.py", line 47, in __get__
2025-12-02T18:29:36.793772476Z [err]    File "<frozen importlib._bootstrap_external>", line 999, in exec_module
2025-12-02T18:29:36.793779163Z [err]      res = instance.__dict__[self.name] = self.func(instance)
2025-12-02T18:29:36.793781235Z [err]    File "<frozen importlib._bootstrap>", line 488, in _call_with_frames_removed
2025-12-02T18:29:36.793785535Z [err]                                           ^^^^^^^^^^^^^^^^^^^
2025-12-02T18:29:36.793789806Z [err]    File "/app/new_concierge_backend/urls.py", line 50, in <module>
2025-12-02T18:29:36.793793371Z [err]    File "/usr/local/lib/python3.12/site-packages/django/urls/resolvers.py", line 711, in urlconf_module
2025-12-02T18:29:36.793799128Z [err]      return import_module(self.urlconf_name)
2025-12-02T18:29:36.793804105Z [err]             ^^^^^^^^^^^^^^^^^^^^^^^^^^^^^^^^
2025-12-02T18:29:36.793808877Z [err]    File "/usr/local/lib/python3.12/importlib/__init__.py", line 90, in import_module
2025-12-02T18:29:36.793813570Z [err]      return _bootstrap._gcd_import(name[level:], package, level)
2025-12-02T18:29:36.793818373Z [err]             ^^^^^^^^^^^^^^^^^^^^^^^^^^^^^^^^^^^^^^^^^^^^^^^^^^^^
2025-12-02T18:29:36.793822994Z [err]    File "<frozen importlib._bootstrap>", line 1387, in _gcd_import
2025-12-02T18:29:36.796818237Z [err]      path('api/financial/', include('financial.urls')),
2025-12-02T18:29:36.796821194Z [err]    File "<frozen importlib._bootstrap>", line 488, in _call_with_frames_removed
2025-12-02T18:29:36.796828824Z [err]                             ^^^^^^^^^^^^^^^^^^^^^^^^^
2025-12-02T18:29:36.796833442Z [err]    File "/app/financial/urls.py", line 11, in <module>
2025-12-02T18:29:36.796836274Z [err]    File "/usr/local/lib/python3.12/site-packages/django/urls/conf.py", line 39, in include
2025-12-02T18:29:36.796840626Z [err]      from .backup_views import backup_database, restore_database, backup_history, backup_detail
2025-12-02T18:29:36.796843706Z [err]      urlconf_module = import_module(urlconf_module)
2025-12-02T18:29:36.796846301Z [err]    File "/app/financial/backup_views.py", line 34, in <module>
2025-12-02T18:29:36.796851686Z [err]      from .models import (
2025-12-02T18:29:36.796852083Z [err]                       ^^^^^^^^^^^^^^^^^^^^^^^^^^^^^
2025-12-02T18:29:36.796857741Z [err]  ImportError: cannot import name 'ExpensePeriod' from 'financial.models' (/app/financial/models.py)
2025-12-02T18:29:36.796859948Z [err]    File "/usr/local/lib/python3.12/importlib/__init__.py", line 90, in import_module
2025-12-02T18:29:36.796865413Z [err]      return _bootstrap._gcd_import(name[level:], package, level)
2025-12-02T18:29:36.796871396Z [err]             ^^^^^^^^^^^^^^^^^^^^^^^^^^^^^^^^^^^^^^^^^^^^^^^^^^^^
2025-12-02T18:29:36.796877289Z [err]    File "<frozen importlib._bootstrap>", line 1387, in _gcd_import
2025-12-02T18:29:36.796882330Z [err]    File "<frozen importlib._bootstrap>", line 1360, in _find_and_load
2025-12-02T18:29:36.796887550Z [err]    File "<frozen importlib._bootstrap>", line 1331, in _find_and_load_unlocked
2025-12-02T18:29:36.796893409Z [err]    File "<frozen importlib._bootstrap>", line 935, in _load_unlocked
2025-12-02T18:29:36.796900905Z [err]    File "<frozen importlib._bootstrap_external>", line 999, in exec_module
2025-12-02T18:29:36.801327564Z [err]    File "/usr/local/lib/python3.12/site-packages/django/core/handlers/exception.py", line 141, in response_for_exception
2025-12-02T18:29:36.801335399Z [err]      response = handle_uncaught_exception(
2025-12-02T18:29:36.801341252Z [err]  
2025-12-02T18:29:36.801341463Z [err]                 ^^^^^^^^^^^^^^^^^^^^^^^^^^
2025-12-02T18:29:36.801346661Z [err]  During handling of the above exception, another exception occurred:
2025-12-02T18:29:36.801347375Z [err]    File "/usr/local/lib/python3.12/site-packages/django/core/handlers/exception.py", line 185, in handle_uncaught_exception
2025-12-02T18:29:36.801353227Z [err]      callback = resolver.resolve_error_handler(500)
2025-12-02T18:29:36.801353243Z [err]  
2025-12-02T18:29:36.801359927Z [err]  Traceback (most recent call last):
2025-12-02T18:29:36.801362299Z [err]                 ^^^^^^^^^^^^^^^^^^^^^^^^^^^^^^^^^^^
2025-12-02T18:29:36.801367549Z [err]    File "/usr/local/lib/python3.12/site-packages/django/core/handlers/exception.py", line 55, in inner
2025-12-02T18:29:36.801373632Z [err]      response = get_response(request)
2025-12-02T18:29:36.801374656Z [err]    File "/usr/local/lib/python3.12/site-packages/django/urls/resolvers.py", line 732, in resolve_error_handler
2025-12-02T18:29:36.801379052Z [err]                 ^^^^^^^^^^^^^^^^^^^^^
2025-12-02T18:29:36.801381178Z [err]      callback = getattr(self.urlconf_module, "handler%s" % view_type, None)
2025-12-02T18:29:36.801385343Z [err]    File "/app/financial/audit.py", line 179, in __call__
2025-12-02T18:29:36.801389306Z [err]      response = self.get_response(request)
2025-12-02T18:29:36.801393756Z [err]                 ^^^^^^^^^^^^^^^^^^^^^^^^^^
2025-12-02T18:29:36.801397910Z [err]    File "/usr/local/lib/python3.12/site-packages/django/core/handlers/exception.py", line 57, in inner
2025-12-02T18:29:36.801402440Z [err]      response = response_for_exception(request, exc)
2025-12-02T18:29:36.801407287Z [err]                 ^^^^^^^^^^^^^^^^^^^^^^^^^^^^^^^^^^^^
2025-12-02T18:29:36.803573884Z [err]    File "<frozen importlib._bootstrap>", line 935, in _load_unlocked
2025-12-02T18:29:36.803578421Z [err]                         ^^^^^^^^^^^^^^^^^^^
2025-12-02T18:29:36.803584642Z [err]    File "/usr/local/lib/python3.12/site-packages/django/utils/functional.py", line 47, in __get__
2025-12-02T18:29:36.803587212Z [err]    File "<frozen importlib._bootstrap_external>", line 999, in exec_module
2025-12-02T18:29:36.803590310Z [err]      res = instance.__dict__[self.name] = self.func(instance)
2025-12-02T18:29:36.803595978Z [err]                                           ^^^^^^^^^^^^^^^^^^^
2025-12-02T18:29:36.803597300Z [err]    File "<frozen importlib._bootstrap>", line 488, in _call_with_frames_removed
2025-12-02T18:29:36.803602367Z [err]    File "/usr/local/lib/python3.12/site-packages/django/urls/resolvers.py", line 711, in urlconf_module
2025-12-02T18:29:36.803607065Z [err]    File "/app/new_concierge_backend/urls.py", line 50, in <module>
2025-12-02T18:29:36.803607829Z [err]      return import_module(self.urlconf_name)
2025-12-02T18:29:36.803613358Z [err]             ^^^^^^^^^^^^^^^^^^^^^^^^^^^^^^^^
2025-12-02T18:29:36.803617796Z [err]      path('api/financial/', include('financial.urls')),
2025-12-02T18:29:36.803621163Z [err]    File "/usr/local/lib/python3.12/importlib/__init__.py", line 90, in import_module
2025-12-02T18:29:36.803627231Z [err]      return _bootstrap._gcd_import(name[level:], package, level)
2025-12-02T18:29:36.803631847Z [err]                             ^^^^^^^^^^^^^^^^^^^^^^^^^
2025-12-02T18:29:36.803633819Z [err]             ^^^^^^^^^^^^^^^^^^^^^^^^^^^^^^^^^^^^^^^^^^^^^^^^^^^^
2025-12-02T18:29:36.803638904Z [err]    File "<frozen importlib._bootstrap>", line 1387, in _gcd_import
2025-12-02T18:29:36.803643084Z [err]    File "<frozen importlib._bootstrap>", line 1360, in _find_and_load
2025-12-02T18:29:36.803647106Z [err]    File "<frozen importlib._bootstrap>", line 1331, in _find_and_load_unlocked
2025-12-02T18:29:36.805551728Z [err]    File "<frozen importlib._bootstrap>", line 935, in _load_unlocked
2025-12-02T18:29:36.805555677Z [err]    File "/usr/local/lib/python3.12/site-packages/django/urls/conf.py", line 39, in include
2025-12-02T18:29:36.805563250Z [err]    File "<frozen importlib._bootstrap_external>", line 999, in exec_module
2025-12-02T18:29:36.805565464Z [err]      urlconf_module = import_module(urlconf_module)
2025-12-02T18:29:36.805573794Z [err]                       ^^^^^^^^^^^^^^^^^^^^^^^^^^^^^
2025-12-02T18:29:36.805577150Z [err]    File "<frozen importlib._bootstrap>", line 488, in _call_with_frames_removed
2025-12-02T18:29:36.805580304Z [err]    File "/usr/local/lib/python3.12/importlib/__init__.py", line 90, in import_module
2025-12-02T18:29:36.805586436Z [err]      return _bootstrap._gcd_import(name[level:], package, level)
2025-12-02T18:29:36.805591350Z [err]    File "/app/financial/urls.py", line 11, in <module>
2025-12-02T18:29:36.805594085Z [err]             ^^^^^^^^^^^^^^^^^^^^^^^^^^^^^^^^^^^^^^^^^^^^^^^^^^^^
2025-12-02T18:29:36.805599701Z [err]      from .backup_views import backup_database, restore_database, backup_history, backup_detail
2025-12-02T18:29:36.805602015Z [err]    File "<frozen importlib._bootstrap>", line 1387, in _gcd_import
2025-12-02T18:29:36.805608754Z [err]    File "/app/financial/backup_views.py", line 34, in <module>
2025-12-02T18:29:36.805608889Z [err]    File "<frozen importlib._bootstrap>", line 1360, in _find_and_load
2025-12-02T18:29:36.805616158Z [err]    File "<frozen importlib._bootstrap>", line 1331, in _find_and_load_unlocked
2025-12-02T18:29:36.805618386Z [err]      from .models import (
2025-12-02T18:29:36.805627352Z [err]  ImportError: cannot import name 'ExpensePeriod' from 'financial.models' (/app/financial/models.py)
2025-12-02T18:29:36.805633580Z [err]  
2025-12-02T18:29:36.805639625Z [err]  During handling of the above exception, another exception occurred:
2025-12-02T18:29:36.807719856Z [err]    File "/usr/local/lib/python3.12/site-packages/django/core/handlers/exception.py", line 185, in handle_uncaught_exception
2025-12-02T18:29:36.807727414Z [err]      callback = resolver.resolve_error_handler(500)
2025-12-02T18:29:36.807771710Z [err]    File "/usr/local/lib/python3.12/site-packages/django/utils/deprecation.py", line 120, in __call__
2025-12-02T18:29:36.807779738Z [err]  
2025-12-02T18:29:36.807783706Z [err]      response = response or self.get_response(request)
2025-12-02T18:29:36.807787551Z [err]                 ^^^^^^^^^^^^^^^^^^^^^^^^^^^^^^^^^^^
2025-12-02T18:29:36.807787895Z [err]  Traceback (most recent call last):
2025-12-02T18:29:36.807792210Z [err]                             ^^^^^^^^^^^^^^^^^^^^^^^^^^
2025-12-02T18:29:36.807798294Z [err]    File "/usr/local/lib/python3.12/site-packages/django/core/handlers/exception.py", line 55, in inner
2025-12-02T18:29:36.807798430Z [err]    File "/usr/local/lib/python3.12/site-packages/django/urls/resolvers.py", line 732, in resolve_error_handler
2025-12-02T18:29:36.807806018Z [err]    File "/usr/local/lib/python3.12/site-packages/django/core/handlers/exception.py", line 57, in inner
2025-12-02T18:29:36.807807026Z [err]      callback = getattr(self.urlconf_module, "handler%s" % view_type, None)
2025-12-02T18:29:36.807807506Z [err]      response = get_response(request)
2025-12-02T18:29:36.807814544Z [err]      response = response_for_exception(request, exc)
2025-12-02T18:29:36.807818639Z [err]                 ^^^^^^^^^^^^^^^^^^^^^
2025-12-02T18:29:36.807821988Z [err]                 ^^^^^^^^^^^^^^^^^^^^^^^^^^^^^^^^^^^^
2025-12-02T18:29:36.807827622Z [err]    File "/usr/local/lib/python3.12/site-packages/django/core/handlers/exception.py", line 141, in response_for_exception
2025-12-02T18:29:36.807834052Z [err]      response = handle_uncaught_exception(
2025-12-02T18:29:36.807840006Z [err]                 ^^^^^^^^^^^^^^^^^^^^^^^^^^
2025-12-02T18:29:36.809727392Z [err]                         ^^^^^^^^^^^^^^^^^^^
2025-12-02T18:29:36.809735209Z [err]    File "/usr/local/lib/python3.12/site-packages/django/utils/functional.py", line 47, in __get__
2025-12-02T18:29:36.809741213Z [err]      res = instance.__dict__[self.name] = self.func(instance)
2025-12-02T18:29:36.809746564Z [err]                                           ^^^^^^^^^^^^^^^^^^^
2025-12-02T18:29:36.809751672Z [err]    File "/usr/local/lib/python3.12/site-packages/django/urls/resolvers.py", line 711, in urlconf_module
2025-12-02T18:29:36.809757261Z [err]      return import_module(self.urlconf_name)
2025-12-02T18:29:36.809762677Z [err]             ^^^^^^^^^^^^^^^^^^^^^^^^^^^^^^^^
2025-12-02T18:29:36.809767903Z [err]    File "/usr/local/lib/python3.12/importlib/__init__.py", line 90, in import_module
2025-12-02T18:29:36.809773039Z [err]      return _bootstrap._gcd_import(name[level:], package, level)
2025-12-02T18:29:36.809778042Z [err]             ^^^^^^^^^^^^^^^^^^^^^^^^^^^^^^^^^^^^^^^^^^^^^^^^^^^^
2025-12-02T18:29:36.809783552Z [err]    File "<frozen importlib._bootstrap>", line 1387, in _gcd_import
2025-12-02T18:29:36.809789111Z [err]    File "<frozen importlib._bootstrap>", line 1360, in _find_and_load
2025-12-02T18:29:36.809794331Z [err]    File "<frozen importlib._bootstrap>", line 1331, in _find_and_load_unlocked
2025-12-02T18:29:36.809798958Z [err]    File "<frozen importlib._bootstrap>", line 935, in _load_unlocked
2025-12-02T18:29:36.809804742Z [err]    File "<frozen importlib._bootstrap_external>", line 999, in exec_module
2025-12-02T18:29:36.809812436Z [err]    File "<frozen importlib._bootstrap>", line 488, in _call_with_frames_removed
2025-12-02T18:29:36.809817508Z [err]    File "/app/new_concierge_backend/urls.py", line 50, in <module>
2025-12-02T18:29:36.809822801Z [err]      path('api/financial/', include('financial.urls')),
2025-12-02T18:29:36.811416650Z [err]  
2025-12-02T18:29:36.811430324Z [err]                             ^^^^^^^^^^^^^^^^^^^^^^^^^
2025-12-02T18:29:36.811436085Z [err]    File "/usr/local/lib/python3.12/site-packages/django/urls/conf.py", line 39, in include
2025-12-02T18:29:36.811442800Z [err]      urlconf_module = import_module(urlconf_module)
2025-12-02T18:29:36.811448563Z [err]                       ^^^^^^^^^^^^^^^^^^^^^^^^^^^^^
2025-12-02T18:29:36.811453911Z [err]    File "/usr/local/lib/python3.12/importlib/__init__.py", line 90, in import_module
2025-12-02T18:29:36.811459296Z [err]      return _bootstrap._gcd_import(name[level:], package, level)
2025-12-02T18:29:36.811465199Z [err]             ^^^^^^^^^^^^^^^^^^^^^^^^^^^^^^^^^^^^^^^^^^^^^^^^^^^^
2025-12-02T18:29:36.811471210Z [err]    File "<frozen importlib._bootstrap>", line 1387, in _gcd_import
2025-12-02T18:29:36.811477005Z [err]    File "<frozen importlib._bootstrap>", line 1360, in _find_and_load
2025-12-02T18:29:36.811483639Z [err]    File "<frozen importlib._bootstrap>", line 1331, in _find_and_load_unlocked
2025-12-02T18:29:36.811491297Z [err]    File "<frozen importlib._bootstrap>", line 935, in _load_unlocked
2025-12-02T18:29:36.811495786Z [err]    File "<frozen importlib._bootstrap_external>", line 999, in exec_module
2025-12-02T18:29:36.811500209Z [err]    File "<frozen importlib._bootstrap>", line 488, in _call_with_frames_removed
2025-12-02T18:29:36.811508318Z [err]    File "/app/financial/urls.py", line 11, in <module>
2025-12-02T18:29:36.811514298Z [err]      from .backup_views import backup_database, restore_database, backup_history, backup_detail
2025-12-02T18:29:36.811518830Z [err]    File "/app/financial/backup_views.py", line 34, in <module>
2025-12-02T18:29:36.811525134Z [err]      from .models import (
2025-12-02T18:29:36.811529886Z [err]  ImportError: cannot import name 'ExpensePeriod' from 'financial.models' (/app/financial/models.py)
2025-12-02T18:29:36.813117850Z [err]  During handling of the above exception, another exception occurred:
2025-12-02T18:29:36.813127829Z [err]  
2025-12-02T18:29:36.813135322Z [err]  Traceback (most recent call last):
2025-12-02T18:29:36.813142624Z [err]    File "/usr/local/lib/python3.12/site-packages/django/core/handlers/exception.py", line 55, in inner
2025-12-02T18:29:36.813146750Z [err]    File "/usr/local/lib/python3.12/site-packages/django/utils/deprecation.py", line 120, in __call__
2025-12-02T18:29:36.813150011Z [err]      response = get_response(request)
2025-12-02T18:29:36.813155609Z [err]      response = response or self.get_response(request)
2025-12-02T18:29:36.813157953Z [err]                 ^^^^^^^^^^^^^^^^^^^^^
2025-12-02T18:29:36.813163107Z [err]                             ^^^^^^^^^^^^^^^^^^^^^^^^^^
2025-12-02T18:29:36.813167514Z [err]    File "/usr/local/lib/python3.12/site-packages/django/core/handlers/exception.py", line 57, in inner
2025-12-02T18:29:36.813171753Z [err]      response = response_for_exception(request, exc)
2025-12-02T18:29:36.813177028Z [err]                 ^^^^^^^^^^^^^^^^^^^^^^^^^^^^^^^^^^^^
2025-12-02T18:29:36.813181405Z [err]    File "/usr/local/lib/python3.12/site-packages/django/core/handlers/exception.py", line 141, in response_for_exception
2025-12-02T18:29:36.813186158Z [err]      response = handle_uncaught_exception(
2025-12-02T18:29:36.813190670Z [err]                 ^^^^^^^^^^^^^^^^^^^^^^^^^^
2025-12-02T18:29:36.890273752Z [err]    File "<frozen importlib._bootstrap_external>", line 999, in exec_module
2025-12-02T18:29:36.891707304Z [err]    File "/usr/local/lib/python3.12/site-packages/django/core/handlers/exception.py", line 185, in handle_uncaught_exception
2025-12-02T18:29:36.893758011Z [err]    File "<frozen importlib._bootstrap>", line 1387, in _gcd_import
2025-12-02T18:29:36.898772811Z [err]    File "/usr/local/lib/python3.12/site-packages/django/core/handlers/exception.py", line 141, in response_for_exception
2025-12-02T18:29:36.898780415Z [err]      response = handle_uncaught_exception(
2025-12-02T18:29:36.900233541Z [err]    File "<frozen importlib._bootstrap>", line 1387, in _gcd_import
2025-12-02T18:29:36.901966969Z [err]    File "<frozen importlib._bootstrap_external>", line 999, in exec_module
2025-12-02T18:29:36.903885183Z [err]    File "/usr/local/lib/python3.12/site-packages/django/core/handlers/exception.py", line 141, in response_for_exception
2025-12-02T18:29:36.905902084Z [err]    File "<frozen importlib._bootstrap>", line 1387, in _gcd_import
2025-12-02T18:29:36.907712029Z [err]    File "<frozen importlib._bootstrap_external>", line 999, in exec_module
2025-12-02T18:29:36.911634309Z [err]    File "<frozen importlib._bootstrap>", line 1331, in _find_and_load_unlocked
2025-12-02T18:29:36.913173953Z [err]    File "/app/financial/urls.py", line 11, in <module>
2025-12-02T18:29:36.915092592Z [err]                 ^^^^^^^^^^^^^^^^^^^^^^^^^^
2025-12-02T18:29:36.916942422Z [err]    File "<frozen importlib._bootstrap>", line 1331, in _find_and_load_unlocked
2025-12-02T18:29:36.918657668Z [err]    File "/app/financial/urls.py", line 11, in <module>
2025-12-02T18:29:36.920514446Z [err]                 ^^^^^^^^^^^^^^^^^^^^^^^^^^
2025-12-02T18:29:36.922148340Z [err]    File "<frozen importlib._bootstrap>", line 935, in _load_unlocked
2025-12-02T18:29:36.930679179Z [err]      from .backup_views import backup_database, restore_database, backup_history, backup_detail
2025-12-02T18:29:36.930692753Z [err]    File "/app/financial/backup_views.py", line 34, in <module>
2025-12-02T18:29:36.930699053Z [err]      from .models import (
2025-12-02T18:29:36.930704591Z [err]  ImportError: cannot import name 'ExpensePeriod' from 'financial.models' (/app/financial/models.py)
2025-12-02T18:29:36.933065113Z [err]      callback = resolver.resolve_error_handler(500)
2025-12-02T18:29:36.935145243Z [err]    File "<frozen importlib._bootstrap>", line 488, in _call_with_frames_removed
2025-12-02T18:29:36.937866997Z [err]    File "/app/financial/backup_views.py", line 34, in <module>
2025-12-02T18:29:36.937877315Z [err]      from .models import (
2025-12-02T18:29:36.941861254Z [err]    File "<frozen importlib._bootstrap>", line 488, in _call_with_frames_removed
2025-12-02T18:29:36.941869061Z [err]    File "/app/new_concierge_backend/urls.py", line 50, in <module>
2025-12-02T18:29:36.943811609Z [err]      from .models import (
2025-12-02T18:29:36.945715316Z [err]      callback = getattr(self.urlconf_module, "handler%s" % view_type, None)
2025-12-02T18:29:36.949541555Z [err]      from .models import (
2025-12-02T18:29:36.951330176Z [err]                 ^^^^^^^^^^^^^^^^^^^^^^^^^^^^^^^^^^^
2025-12-02T18:29:36.953149425Z [err]    File "/app/new_concierge_backend/urls.py", line 50, in <module>
2025-12-02T18:29:36.955237558Z [err]  ImportError: cannot import name 'ExpensePeriod' from 'financial.models' (/app/financial/models.py)
2025-12-02T18:29:36.958179802Z [err]    File "/usr/local/lib/python3.12/site-packages/django/urls/resolvers.py", line 732, in resolve_error_handler
2025-12-02T18:29:36.958189176Z [err]      callback = getattr(self.urlconf_module, "handler%s" % view_type, None)
2025-12-02T18:29:36.960358946Z [err]    File "/app/new_concierge_backend/urls.py", line 50, in <module>
2025-12-02T18:29:36.963451722Z [err]  ImportError: cannot import name 'ExpensePeriod' from 'financial.models' (/app/financial/models.py)
2025-12-02T18:29:36.965404167Z [err]    File "/usr/local/lib/python3.12/site-packages/django/urls/resolvers.py", line 732, in resolve_error_handler
2025-12-02T18:29:36.967701586Z [err]    File "/app/new_concierge_backend/urls.py", line 50, in <module>
2025-12-02T18:29:36.967714022Z [err]             ^^^^^^^^^^^^^^^^^^^^^^^^^^^^^^^^^^^^^^^^^^^^^^^^^^^^
2025-12-02T18:29:36.970034823Z [err]  ImportError: cannot import name 'ExpensePeriod' from 'financial.models' (/app/financial/models.py)
2025-12-02T18:29:36.973207327Z [err]    File "/usr/local/lib/python3.12/site-packages/django/urls/resolvers.py", line 732, in resolve_error_handler
2025-12-02T18:29:36.974869323Z [err]    File "/app/new_concierge_backend/urls.py", line 50, in <module>
2025-12-02T18:29:36.977315628Z [err]  ImportError: cannot import name 'ExpensePeriod' from 'financial.models' (/app/financial/models.py)
2025-12-02T18:29:36.980571782Z [err]                 ^^^^^^^^^^^^^^^^^^^^^^^^^^^^^^^^^^^
2025-12-02T18:29:36.980583074Z [err]    File "/usr/local/lib/python3.12/site-packages/django/urls/resolvers.py", line 732, in resolve_error_handler
2025-12-02T18:29:36.982191984Z [err]    File "/app/new_concierge_backend/urls.py", line 50, in <module>
2025-12-02T18:29:36.985040799Z [err]  ImportError: cannot import name 'ExpensePeriod' from 'financial.models' (/app/financial/models.py)
2025-12-02T18:29:36.986738539Z [err]    File "/usr/local/lib/python3.12/site-packages/django/urls/resolvers.py", line 732, in resolve_error_handler
2025-12-02T18:29:36.988625661Z [err]    File "/app/new_concierge_backend/urls.py", line 50, in <module>
2025-12-02T18:29:36.990861028Z [err]  ImportError: cannot import name 'ExpensePeriod' from 'financial.models' (/app/financial/models.py)
2025-12-02T18:29:36.992708502Z [err]    File "/usr/local/lib/python3.12/site-packages/django/urls/resolvers.py", line 732, in resolve_error_handler
2025-12-02T18:29:36.994603147Z [err]    File "<frozen importlib._bootstrap>", line 488, in _call_with_frames_removed
2025-12-02T18:29:36.996651090Z [err]      from .models import (
2025-12-02T18:29:36.998207486Z [err]    File "/usr/local/lib/python3.12/site-packages/django/core/handlers/exception.py", line 141, in response_for_exception
2025-12-02T18:29:36.999776007Z [err]    File "<frozen importlib._bootstrap>", line 1387, in _gcd_import
2025-12-02T18:29:37.005562076Z [err]    File "<frozen importlib._bootstrap_external>", line 999, in exec_module
2025-12-02T18:29:37.005566665Z [err]    File "<frozen importlib._bootstrap>", line 488, in _call_with_frames_removed
2025-12-02T18:29:37.970361053Z [err]  Railway rate limit of 500 logs/sec reached for replica, update your application to reduce the logging rate. Messages dropped: 1513
2025-12-02T18:29:47.970624177Z [err]  Railway rate limit of 500 logs/sec reached for replica, update your application to reduce the logging rate. Messages dropped: 4626