2025-11-25T09:45:04.000000000Z [inf]  Starting Container
2025-11-25T09:45:05.159935548Z [inf]  🚀 DIGITAL CONCIERGE - CONTAINER STARTUP
2025-11-25T09:45:05.159940556Z [inf]  ========================================
2025-11-25T09:45:05.159978491Z [inf]  📅 Deployment: 2025-11-25 09:45:04
2025-11-25T09:45:05.159984168Z [inf]  📁 Logs directory ready
2025-11-25T09:45:05.159988951Z [inf]  🔍 Checking volume mount path: /data
2025-11-25T09:45:05.159993583Z [inf]  📁 Media directories ready at /data/media
2025-11-25T09:45:05.160000239Z [inf]     Volume: redis-volume
2025-11-25T09:45:05.160005097Z [inf]  ⏳ Waiting for Postgres (postgres.railway.internal:5432)...
2025-11-25T09:45:05.160009786Z [inf]  ✅ Postgres is up!
2025-11-25T09:45:05.160014067Z [inf]  ⏳ Waiting 5 seconds for Postgres to fully initialize...
2025-11-25T09:45:10.232946512Z [inf]  ✅ Postgres ready!
2025-11-25T09:45:10.232954173Z [inf]  
2025-11-25T09:45:10.232960355Z [inf]  🎯 Running auto-initialization...
2025-11-25T09:45:11.452451852Z [err]  ⚠️  [CELERY CONFIG] Running in EAGER mode - tasks execute synchronously (no Redis needed)
2025-11-25T09:45:12.640174686Z [inf]  🎯 ΑΥΤΟΜΑΤΗ ΑΡΧΙΚΟΠΟΙΗΣΗ NEW CONCIERGE PLATFORM
2025-11-25T09:45:12.640179606Z [inf]  ============================================================
2025-11-25T09:45:12.640185499Z [inf]  🚀 Complete System with Authentication, Authorization, Billing & Analytics
2025-11-25T09:45:12.640190873Z [inf]  ============================================================
2025-11-25T09:45:12.818472862Z [inf]  ✅ Σύνδεση βάσης δεδομένων: OK
2025-11-25T09:45:12.818483948Z [inf]  
2025-11-25T09:45:12.818491329Z [inf]  🔄 Εκτέλεση migrations...
2025-11-25T09:45:12.818500083Z [inf]  🔍 Έλεγχος για unmigrated changes...
2025-11-25T09:45:13.432043390Z [inf]  Migrations for 'financial':
2025-11-25T09:45:13.432049743Z [inf]    financial/migrations/0054_delete_financialauditlog.py
2025-11-25T09:45:13.432055945Z [inf]      - Delete model FinancialAuditLog
2025-11-25T09:45:13.432061807Z [inf]  📦 Shared migrations...
2025-11-25T09:45:13.432067901Z [inf]  === Starting migration
2025-11-25T09:45:13.432074320Z [inf]  Operations to perform:
2025-11-25T09:45:13.432093822Z [inf]    Apply all migrations: admin, announcements, apartments, auth, billing, buildings, chat, collaborators, contenttypes, document_parser, events, financial, kiosk, maintenance, notifications, obligations, projects, residents, sessions, teams, tenants, todo_management, user_requests, users, votes
2025-11-25T09:45:13.525682677Z [inf]    No migrations to apply.
2025-11-25T09:45:13.525725664Z [inf]  Running migrations:
2025-11-25T09:45:13.678026508Z [inf]    Your models in app(s): 'financial' have changes that are not yet reflected in a migration, and so won't be applied.
2025-11-25T09:45:13.678032100Z [inf]    Run 'manage.py makemigrations' to make new migrations, and then re-run 'manage.py migrate' to apply them.
2025-11-25T09:45:14.188436074Z [inf]  === Starting migration
2025-11-25T09:45:14.188444000Z [inf]  Operations to perform:
2025-11-25T09:45:14.188468825Z [inf]  🏢 Tenant migrations...
2025-11-25T09:45:14.193024178Z [inf]    Apply all migrations: admin, announcements, apartments, auth, billing, buildings, chat, collaborators, contenttypes, document_parser, events, financial, kiosk, maintenance, notifications, obligations, projects, residents, sessions, teams, tenants, todo_management, user_requests, users, votes
2025-11-25T09:45:14.269243764Z [inf]  Running migrations:
2025-11-25T09:45:14.269250156Z [inf]    No migrations to apply.
2025-11-25T09:45:14.437346354Z [inf]    Your models in app(s): 'financial' have changes that are not yet reflected in a migration, and so won't be applied.
2025-11-25T09:45:14.437352997Z [inf]    Run 'manage.py makemigrations' to make new migrations, and then re-run 'manage.py migrate' to apply them.
2025-11-25T09:45:14.812000416Z [inf]  === Starting migration
2025-11-25T09:45:15.182358637Z [inf]  Operations to perform:
2025-11-25T09:45:15.182384939Z [inf]    Apply all migrations: admin, announcements, apartments, auth, billing, buildings, chat, collaborators, contenttypes, document_parser, events, financial, kiosk, maintenance, notifications, obligations, projects, residents, sessions, teams, tenants, todo_management, user_requests, users, votes
2025-11-25T09:45:15.182392338Z [inf]  Running migrations:
2025-11-25T09:45:15.182398623Z [inf]    No migrations to apply.
2025-11-25T09:45:15.229482392Z [inf]    Your models in app(s): 'financial' have changes that are not yet reflected in a migration, and so won't be applied.
2025-11-25T09:45:15.229505315Z [inf]    Run 'manage.py makemigrations' to make new migrations, and then re-run 'manage.py migrate' to apply them.
2025-11-25T09:45:15.254226966Z [inf]  
2025-11-25T09:45:15.254259283Z [inf]  🔐 Ρύθμιση RBAC System...
2025-11-25T09:45:15.254260745Z [inf]  ✅ Tenant migrations ολοκληρώθηκαν για 1 tenant(s)
2025-11-25T09:45:15.254270281Z [inf]  ✅ Migrations ολοκληρώθηκαν
2025-11-25T09:45:15.416046338Z [inf]  ✅ RBAC System ρυθμίστηκε
2025-11-25T09:45:15.416054271Z [inf]  
2025-11-25T09:45:15.416060666Z [inf]  💳 Ρύθμιση Billing System...
2025-11-25T09:45:15.422311025Z [inf]  ℹ️ Subscription plans υπάρχουν ήδη
2025-11-25T09:45:15.422316209Z [inf]  
2025-11-25T09:45:15.422321389Z [inf]  🏠 Δημιουργία public tenant...
2025-11-25T09:45:15.423826599Z [inf]  ℹ️ Υπάρχει ήδη public tenant
2025-11-25T09:45:15.430053927Z [inf]  ℹ️ Υπάρχει ήδη domain: localhost
2025-11-25T09:45:15.430061669Z [inf]  ℹ️ Υπάρχει ήδη Railway domain: linuxversion-production.up.railway.app
2025-11-25T09:45:15.430068102Z [inf]  
2025-11-25T09:45:15.430076098Z [inf]  👑 Δημιουργία Ultra-Superuser...
2025-11-25T09:45:15.749606202Z [inf]  ✅ Ενημερώθηκε Ultra-Superuser: theostam1966@gmail.com
2025-11-25T09:45:16.147193188Z [inf]  
2025-11-25T09:45:16.147199376Z [inf]     🔧 Admin: admin@demo.localhost / admin123456
2025-11-25T09:45:16.147200939Z [inf]  👑 Ultra-Superuser (System Administrator):
2025-11-25T09:45:16.147209553Z [inf]     👨‍💼 Manager: manager@demo.localhost / manager123456
2025-11-25T09:45:16.147216350Z [inf]     👤 Resident 1: resident1@demo.localhost / resident123456
2025-11-25T09:45:16.147238472Z [inf]     Permissions: Complete system management
2025-11-25T09:45:16.147245156Z [inf]  
2025-11-25T09:45:16.147256999Z [inf]  🌐 Demo Tenant Access:
2025-11-25T09:45:16.147259929Z [inf]     URL: http://localhost:8000/admin/
2025-11-25T09:45:16.147269618Z [inf]     Frontend: http://demo.localhost:8080
2025-11-25T09:45:16.147273831Z [inf]     Email: theostam1966@gmail.com
2025-11-25T09:45:16.147279070Z [inf]     Backend API: http://demo.localhost:8000/api/
2025-11-25T09:45:16.147284802Z [inf]     Password: theo123!@#
2025-11-25T09:45:16.147290192Z [inf]     Admin Panel: http://demo.localhost:8000/admin/
2025-11-25T09:45:16.147295760Z [inf]     API Documentation: http://demo.localhost:8000/api/docs/
2025-11-25T09:45:16.147301184Z [inf]  
2025-11-25T09:45:16.147306608Z [inf]  👥 Demo Users (RBAC Enabled):
2025-11-25T09:45:16.147316250Z [inf]  ✅ ΟΛΟΚΛΗΡΩΘΗΚΕ Η ΑΥΤΟΜΑΤΗ ΑΡΧΙΚΟΠΟΙΗΣΗ!
2025-11-25T09:45:16.147322989Z [inf]  ==================================================
2025-11-25T09:45:16.147323704Z [inf]  🔥 Starting frontend warm-up in background...
2025-11-25T09:45:16.147330078Z [inf]     ✅ Authentication verified - login will work!
2025-11-25T09:45:16.147330314Z [inf]  
2025-11-25T09:45:16.147334359Z [inf]  ============================================================
2025-11-25T09:45:16.147334621Z [inf]  
2025-11-25T09:45:16.147338265Z [inf]  📄 Credentials αποθηκεύτηκαν: backend/logs/demo_credentials.log
2025-11-25T09:45:16.147343099Z [inf]  🎯 NEW CONCIERGE PLATFORM - PRODUCTION READY!
2025-11-25T09:45:16.147343966Z [inf]  🔥 Frontend Warm-up...
2025-11-25T09:45:16.147348794Z [inf]  
2025-11-25T09:45:16.147352229Z [inf]  ============================================================
2025-11-25T09:45:16.147352814Z [inf]  ============================================================
2025-11-25T09:45:16.148553867Z [inf]     👤 Resident 2: resident2@demo.localhost / resident123456
2025-11-25T09:45:16.148561119Z [inf]  
2025-11-25T09:45:16.148566258Z [inf]  🏢 Demo Building: Αλκμάνος 22
2025-11-25T09:45:16.148570954Z [inf]     Address: Αλκμάνος 22, Αθήνα 115 28, Ελλάδα
2025-11-25T09:45:16.148584385Z [inf]     Apartments: 10 (Α1-Α3, Β1-Β3, Γ1-Γ3, Δ1)
2025-11-25T09:45:16.148593026Z [inf]     Mills: 1000/1000/1000 (Participation/Heating/Elevator)
2025-11-25T09:45:16.148599866Z [inf]     Financial Data: Zero demo amounts
2025-11-25T09:45:16.148606755Z [inf]  
2025-11-25T09:45:16.148613095Z [inf]  💳 Billing System Features:
2025-11-25T09:45:16.148618586Z [inf]     ✅ Subscription Plans: Starter, Professional, Enterprise
2025-11-25T09:45:16.148623819Z [inf]     ✅ Demo Subscription: Manager has Starter plan
2025-11-25T09:45:16.148629506Z [inf]     ✅ Usage Tracking: Real-time usage monitoring
2025-11-25T09:45:16.148634706Z [inf]     ✅ Stripe Integration: Ready for payment processing
2025-11-25T09:45:16.148640974Z [inf]     ✅ Advanced Analytics: Business intelligence
2025-11-25T09:45:16.148645400Z [inf]  
2025-11-25T09:45:16.148649841Z [inf]  🔐 Security Features:
2025-11-25T09:45:16.148653614Z [inf]     ✅ RBAC System: Manager & Resident roles
2025-11-25T09:45:16.148702227Z [inf]     ✅ Email Verification: All users verified
2025-11-25T09:45:16.148706812Z [inf]     ✅ JWT Authentication: Secure token-based auth
2025-11-25T09:45:16.148711955Z [inf]     ✅ Rate Limiting: API protection
2025-11-25T09:45:16.148718424Z [inf]     ✅ Audit Logging: Security monitoring
2025-11-25T09:45:16.148723529Z [inf]  
2025-11-25T09:45:16.148729891Z [inf]  📊 System Capabilities:
2025-11-25T09:45:16.148735468Z [inf]     ✅ Complete API: 70+ endpoints
2025-11-25T09:45:16.148741194Z [inf]     ✅ Admin Portal: System management
2025-11-25T09:45:16.148747551Z [inf]     ✅ User Management: Full lifecycle
2025-11-25T09:45:16.148752523Z [inf]     ✅ Analytics: Revenue, customer, usage analytics
2025-11-25T09:45:16.148758128Z [inf]     ✅ Documentation: Complete user guides
2025-11-25T09:45:16.148763686Z [inf]  
2025-11-25T09:45:16.148768075Z [inf]  📄 Documentation:
2025-11-25T09:45:16.148773144Z [inf]     📚 User Guides: USER_GUIDES.md
2025-11-25T09:45:16.148777606Z [inf]     ⚙️ System Admin: SYSTEM_ADMINISTRATION_GUIDE.md
2025-11-25T09:45:16.148783880Z [inf]     🧪 API Testing: API_TESTING_GUIDE.md
2025-11-25T09:45:16.148789215Z [inf]     🚀 Deployment: DEPLOYMENT_GUIDE.md
2025-11-25T09:45:16.148794441Z [inf]     ⚡ Quick Start: QUICK_START.md
2025-11-25T09:45:16.148799422Z [inf]     📋 Project Summary: PROJECT_SUMMARY.md
2025-11-25T09:45:16.148806372Z [inf]     📄 Credentials: backend/logs/demo_credentials.log
2025-11-25T09:45:16.148959147Z [inf]  
2025-11-25T09:45:16.148963706Z [inf]  🚀 READY FOR PRODUCTION!
2025-11-25T09:45:16.148967956Z [inf]     The New Concierge platform is fully operational
2025-11-25T09:45:16.148971812Z [inf]     with complete Authentication, Authorization, Billing,
2025-11-25T09:45:16.148976011Z [inf]     and Analytics systems ready for immediate use!
2025-11-25T09:45:16.587799097Z [inf]  
2025-11-25T09:45:16.587813146Z [inf]  💳 Creating Stripe Prices...
2025-11-25T09:45:18.148001907Z [err]  ⚠️  [CELERY CONFIG] Running in EAGER mode - tasks execute synchronously (no Redis needed)
2025-11-25T09:45:19.152790649Z [inf]  ======================================================================
2025-11-25T09:45:19.152801478Z [inf]  
2025-11-25T09:45:19.152824813Z [inf]  ======================================================================
2025-11-25T09:45:19.152831698Z [inf]    💳 CREATING STRIPE PRICES
2025-11-25T09:45:19.179235633Z [inf]  📦 Processing plan: Starter
2025-11-25T09:45:19.179245003Z [inf]     ℹ️  Product already exists: prod_TOFuyDd8xL00Qj
2025-11-25T09:45:19.179250915Z [inf]     ℹ️  Monthly price already exists: price_1SRTOWRpRJxSaTlvGW7HG6nV
2025-11-25T09:45:19.179257671Z [inf]     ℹ️  Yearly price already exists: price_1SRTOWRpRJxSaTlvjenESiFp
2025-11-25T09:45:19.182966344Z [inf]     💾 Plan saved with Stripe IDs
2025-11-25T09:45:19.182975742Z [inf]  
2025-11-25T09:45:19.182982437Z [inf]  📦 Processing plan: Professional
2025-11-25T09:45:19.182988422Z [inf]     ℹ️  Product already exists: prod_TOFu4XWM2Nkhmz
2025-11-25T09:45:19.182995037Z [inf]     ℹ️  Monthly price already exists: price_1SRTOXRpRJxSaTlvGxr0dG80
2025-11-25T09:45:19.183001075Z [inf]     ℹ️  Yearly price already exists: price_1SRTOXRpRJxSaTlvpDkyhk4c
2025-11-25T09:45:19.184709235Z [inf]     💾 Plan saved with Stripe IDs
2025-11-25T09:45:19.184715747Z [inf]  
2025-11-25T09:45:19.184721394Z [inf]  📦 Processing plan: Enterprise
2025-11-25T09:45:19.184726855Z [inf]     ℹ️  Product already exists: prod_TOFuZdgY8iNsC7
2025-11-25T09:45:19.184732691Z [inf]     ℹ️  Monthly price already exists: price_1SRTOXRpRJxSaTlvlN1NVzHu
2025-11-25T09:45:19.184738373Z [inf]     ℹ️  Yearly price already exists: price_1SRTOYRpRJxSaTlvIsi8rcDG
2025-11-25T09:45:19.192974906Z [inf]        Yearly Price ID: price_1SRTOWRpRJxSaTlvjenESiFp
2025-11-25T09:45:19.192975354Z [inf]     💾 Plan saved with Stripe IDs
2025-11-25T09:45:19.192989623Z [inf]  
2025-11-25T09:45:19.192989984Z [inf]  
2025-11-25T09:45:19.192999251Z [inf]     Professional:
2025-11-25T09:45:19.193000535Z [inf]  ======================================================================
2025-11-25T09:45:19.193008441Z [inf]        Product ID: prod_TOFu4XWM2Nkhmz
2025-11-25T09:45:19.193009324Z [inf]    ✅ STRIPE PRICES CREATED SUCCESSFULLY!
2025-11-25T09:45:19.193017007Z [inf]        Monthly Price ID: price_1SRTOXRpRJxSaTlvGxr0dG80
2025-11-25T09:45:19.193017857Z [inf]  ======================================================================
2025-11-25T09:45:19.193026220Z [inf]        Yearly Price ID: price_1SRTOXRpRJxSaTlvpDkyhk4c
2025-11-25T09:45:19.193032373Z [inf]  
2025-11-25T09:45:19.193034387Z [inf]  
2025-11-25T09:45:19.193042129Z [inf]     Enterprise:
2025-11-25T09:45:19.193042638Z [inf]  📊 Summary:
2025-11-25T09:45:19.193050271Z [inf]        Product ID: prod_TOFuZdgY8iNsC7
2025-11-25T09:45:19.193051543Z [inf]     Starter:
2025-11-25T09:45:19.193058405Z [inf]        Monthly Price ID: price_1SRTOXRpRJxSaTlvlN1NVzHu
2025-11-25T09:45:19.193060007Z [inf]        Product ID: prod_TOFuyDd8xL00Qj
2025-11-25T09:45:19.193065138Z [inf]        Yearly Price ID: price_1SRTOYRpRJxSaTlvIsi8rcDG
2025-11-25T09:45:19.193072603Z [inf]  
2025-11-25T09:45:19.193073389Z [inf]        Monthly Price ID: price_1SRTOWRpRJxSaTlvGW7HG6nV
2025-11-25T09:45:19.471662931Z [inf]  
2025-11-25T09:45:19.471671017Z [inf]  🔄 Running additional migrations...
2025-11-25T09:45:19.471678098Z [inf]     AUTO_MAKEMIGRATIONS=unset
2025-11-25T09:45:19.471684998Z [inf]  
2025-11-25T09:45:19.471701451Z [inf]  📦 Collecting static files...
2025-11-25T09:45:20.318089063Z [err]  ⚠️  [CELERY CONFIG] Running in EAGER mode - tasks execute synchronously (no Redis needed)
2025-11-25T09:45:21.339222174Z [inf]  
2025-11-25T09:45:21.339227798Z [inf]  163 static files copied to '/app/staticfiles'.
2025-11-25T09:45:21.616025268Z [inf]  
2025-11-25T09:45:21.616031609Z [inf]  🔥 Initiating frontend warm-up process...
2025-11-25T09:45:21.616041263Z [inf]  🚂 Railway deployment detected - skipping frontend warm-up
2025-11-25T09:45:21.616048101Z [inf]     Frontend is deployed separately on Vercel
2025-11-25T09:45:21.616053966Z [inf]  
2025-11-25T09:45:21.616059864Z [inf]  🚀 Launching Django server...
2025-11-25T09:45:21.616065453Z [inf]     🌐 Production mode detected
2025-11-25T09:45:21.616071473Z [inf]     Starting gunicorn on port 8080
2025-11-25T09:45:22.284913833Z [err]  [2025-11-25 09:45:22 +0000] [1] [INFO] Starting gunicorn 21.2.0
2025-11-25T09:45:22.284919822Z [err]  [2025-11-25 09:45:22 +0000] [1] [INFO] Listening at: http://0.0.0.0:8080 (1)
2025-11-25T09:45:22.284925663Z [err]  [2025-11-25 09:45:22 +0000] [1] [INFO] Using worker: sync
2025-11-25T09:45:22.284931975Z [err]  [2025-11-25 09:45:22 +0000] [18] [INFO] Booting worker with pid: 18
2025-11-25T09:45:22.321599247Z [err]  [2025-11-25 09:45:22 +0000] [19] [INFO] Booting worker with pid: 19
2025-11-25T09:45:22.857333363Z [err]  ⚠️  [CELERY CONFIG] Running in EAGER mode - tasks execute synchronously (no Redis needed)
2025-11-25T09:45:23.210924675Z [err]  ⚠️  [CELERY CONFIG] Running in EAGER mode - tasks execute synchronously (no Redis needed)
2025-11-25T09:45:52.906306692Z [err]  DEBUG 2025-11-25 11:45:52,284 middleware 18 140546424867712 🔍 [TENANT MIDDLEWARE] hostname_from_request: Using X-Tenant-Host 'theo.newconcierge.app' -> 'theo.newconcierge.app' (internal: 'linuxversion-production.up.railway.app')
2025-11-25T09:45:52.906313126Z [err]  DEBUG 2025-11-25 11:45:52,284 middleware 18 140546424867712 🔍 [TENANT MIDDLEWARE] get_tenant called with hostname: 'theo.newconcierge.app'
2025-11-25T09:45:52.906318189Z [err]  INFO 2025-11-25 11:45:52,458 middleware 18 140546424867712 🔍 [TENANT MIDDLEWARE] Resolved 'theo.newconcierge.app' -> tenant 'theo' via domain lookup
2025-11-25T09:45:53.417725218Z [err]  WARNING 2025-11-25 11:45:53,243 log 18 140546424867712 Unauthorized: /api/financial/expenses/
2025-11-25T09:45:53.417735026Z [inf]  100.64.0.2 - - [25/Nov/2025:11:45:53 +0200] "GET /api/financial/expenses/?building=2&expense_date_after=2025-09-01&expense_date_before=2026-05-31&page_size=100 HTTP/1.1" 401 64 "https://theo.newconcierge.app/kiosk-display?building=2&building_id=2" "Mozilla/5.0 (Windows NT 10.0; Win64; x64) AppleWebKit/537.36 (KHTML, like Gecko) Chrome/142.0.0.0 Safari/537.36"
2025-11-25T09:45:57.543199262Z [err]  DEBUG 2025-11-25 11:45:57,137 middleware 19 140546424867712 🔍 [TENANT MIDDLEWARE] hostname_from_request: Using X-Tenant-Host 'theo.newconcierge.app' -> 'theo.newconcierge.app' (internal: 'linuxversion-production.up.railway.app')
2025-11-25T09:45:57.543208479Z [err]  DEBUG 2025-11-25 11:45:57,137 middleware 19 140546424867712 🔍 [TENANT MIDDLEWARE] get_tenant called with hostname: 'theo.newconcierge.app'
2025-11-25T09:45:57.543214056Z [err]  INFO 2025-11-25 11:45:57,306 middleware 19 140546424867712 🔍 [TENANT MIDDLEWARE] Resolved 'theo.newconcierge.app' -> tenant 'theo' via domain lookup
2025-11-25T09:45:57.543218000Z [err]  DEBUG 2025-11-25 11:45:57,417 middleware 18 140546424867712 🔍 [TENANT MIDDLEWARE] hostname_from_request: Using X-Tenant-Host 'theo.newconcierge.app' -> 'theo.newconcierge.app' (internal: 'linuxversion-production.up.railway.app')
2025-11-25T09:45:57.543222355Z [err]  DEBUG 2025-11-25 11:45:57,417 middleware 18 140546424867712 🔍 [TENANT MIDDLEWARE] get_tenant called with hostname: 'theo.newconcierge.app'
2025-11-25T09:45:57.543228190Z [err]  INFO 2025-11-25 11:45:57,421 middleware 18 140546424867712 🔍 [TENANT MIDDLEWARE] Resolved 'theo.newconcierge.app' -> tenant 'theo' via domain lookup
2025-11-25T09:45:57.543232891Z [err]  INFO 2025-11-25 11:45:57,426 views 18 140546424867712 [public_info] Resolving schema
2025-11-25T09:45:57.543249708Z [err]  ERROR 2025-11-25 11:45:57,448 views 18 140546424867712 [public_info] Error fetching expenses for building 2: Cannot resolve keyword 'description' into field. Choices are: add_to_calendar, affected_apartments, amount, attachment, audit_trail, building, building_id, category, created_at, date, distribution_type, due_date, expense_type, id, linked_projects, linked_service_receipts, maintenance_payment_receipts, notes, payer_responsibility, project, project_id, scheduled_maintenance_tasks, source_document, split_ratio, supplier, supplier_id, title, updated_at
2025-11-25T09:45:57.546828435Z [err]  Traceback (most recent call last):
2025-11-25T09:45:57.546834287Z [err]    File "/usr/local/lib/python3.12/site-packages/django/db/models/sql/query.py", line 2238, in add_fields
2025-11-25T09:45:57.546841554Z [err]      join_info = self.setup_joins(
2025-11-25T09:45:57.546847642Z [err]                  ^^^^^^^^^^^^^^^^^
2025-11-25T09:45:57.546852838Z [err]    File "/usr/local/lib/python3.12/site-packages/django/db/models/sql/query.py", line 1901, in setup_joins
2025-11-25T09:45:57.546857479Z [err]      path, final_field, targets, rest = self.names_to_path(
2025-11-25T09:45:57.546863067Z [err]                                         ^^^^^^^^^^^^^^^^^^^
2025-11-25T09:45:57.546868834Z [err]    File "/usr/local/lib/python3.12/site-packages/django/db/models/sql/query.py", line 1806, in names_to_path
2025-11-25T09:45:57.546874474Z [err]      raise FieldError(
2025-11-25T09:45:57.546880250Z [err]  django.core.exceptions.FieldError: Cannot resolve keyword 'description' into field. Choices are: add_to_calendar, affected_apartments, amount, attachment, audit_trail, building, building_id, category, created_at, date, distribution_type, due_date, expense_type, id, linked_projects, linked_service_receipts, maintenance_payment_receipts, notes, payer_responsibility, project, project_id, scheduled_maintenance_tasks, source_document, split_ratio, supplier, supplier_id, title, updated_at
2025-11-25T09:45:57.546885966Z [err]  
2025-11-25T09:45:57.546891589Z [err]  During handling of the above exception, another exception occurred:
2025-11-25T09:45:57.546897163Z [err]  
2025-11-25T09:45:57.546903242Z [err]  Traceback (most recent call last):
2025-11-25T09:45:57.546909150Z [err]    File "/app/public_info/views.py", line 181, in building_info
2025-11-25T09:45:57.546953641Z [err]      ).order_by('-date').values('id', 'title', 'description', 'amount', 'date', 'category')
2025-11-25T09:45:57.546960031Z [err]                          ^^^^^^^^^^^^^^^^^^^^^^^^^^^^^^^^^^^^^^^^^^^^^^^^^^^^^^^^^^^^^^^^^^
2025-11-25T09:45:57.547641735Z [err]    File "/usr/local/lib/python3.12/site-packages/django/db/models/query.py", line 1370, in values
2025-11-25T09:45:57.547647102Z [err]      clone = self._values(*fields, **expressions)
2025-11-25T09:45:57.547652484Z [err]              ^^^^^^^^^^^^^^^^^^^^^^^^^^^^^^^^^^^^
2025-11-25T09:45:57.547656352Z [err]    File "/usr/local/lib/python3.12/site-packages/django/db/models/query.py", line 1365, in _values
2025-11-25T09:45:57.547659933Z [err]      clone.query.set_values(fields)
2025-11-25T09:45:57.547664367Z [err]    File "/usr/local/lib/python3.12/site-packages/django/db/models/sql/query.py", line 2577, in set_values
2025-11-25T09:45:57.547668092Z [err]      self.add_fields(field_names, True)
2025-11-25T09:45:57.547673522Z [err]    File "/usr/local/lib/python3.12/site-packages/django/db/models/sql/query.py", line 2279, in add_fields
2025-11-25T09:45:57.547677560Z [err]      raise FieldError(
2025-11-25T09:45:57.547682422Z [err]  django.core.exceptions.FieldError: Cannot resolve keyword 'description' into field. Choices are: add_to_calendar, affected_apartments, amount, attachment, audit_trail, building, building_id, category, created_at, date, distribution_type, due_date, expense_type, id, linked_projects, linked_service_receipts, maintenance_payment_receipts, notes, payer_responsibility, project, project_id, scheduled_maintenance_tasks, source_document, split_ratio, supplier, supplier_id, title, updated_at
2025-11-25T09:45:57.547687736Z [inf]  📊 Apartment 1 - Previous balance from MonthlyBalance:
2025-11-25T09:45:57.547695248Z [inf]     Total carry_forward (10/2025): €0.00
2025-11-25T09:45:57.547702427Z [inf]     Apartment ratio: 100/1000
2025-11-25T09:45:57.547708579Z [inf]     Apartment previous_balance: €0.00
2025-11-25T09:45:57.547715339Z [inf]  📊 Apartment 1 - 2025-11:
2025-11-25T09:45:57.547720863Z [inf]     Previous Balance: €0.00
2025-11-25T09:45:57.547727188Z [inf]     Current Month Expenses: €230.00
2025-11-25T09:45:57.549451760Z [inf]     Payments This Month: €210.00
2025-11-25T09:45:57.549458843Z [inf]     Net Obligation: €20.00
2025-11-25T09:45:57.549464687Z [inf]  📊 Apartment 10 - Previous balance from MonthlyBalance:
2025-11-25T09:45:57.549469461Z [inf]     Reserve Fund Share: €0.00
2025-11-25T09:45:57.549472349Z [inf]     Total carry_forward (10/2025): €0.00
2025-11-25T09:45:57.549473087Z [inf]  📊 Apartment 10 - 2025-11:
2025-11-25T09:45:57.549478900Z [inf]     Payments This Month: €0.00
2025-11-25T09:45:57.549481234Z [inf]     Apartment ratio: 68/1000
2025-11-25T09:45:57.549485718Z [inf]     Net Obligation: €156.40
2025-11-25T09:45:57.549486896Z [inf]     Previous Balance: €0.00
2025-11-25T09:45:57.549489434Z [inf]     Apartment previous_balance: €0.00
2025-11-25T09:45:57.549495623Z [inf]     Current Month Expenses: €156.40
2025-11-25T09:45:57.549501619Z [inf]       - Resident: €20.40
2025-11-25T09:45:57.549508236Z [inf]       - Owner: €136.00
2025-11-25T09:45:57.549550966Z [inf]       - Resident: €30.00
2025-11-25T09:45:57.549563103Z [inf]       - Owner: €200.00
2025-11-25T09:45:57.549572869Z [inf]     Reserve Fund Share: €0.00
2025-11-25T09:45:57.563406733Z [inf]     Apartment previous_balance: €0.00
2025-11-25T09:45:57.563435517Z [inf]  📊 Apartment 11 - Previous balance from MonthlyBalance:
2025-11-25T09:45:57.563440750Z [inf]     Total carry_forward (10/2025): €0.00
2025-11-25T09:45:57.563446820Z [inf]     Apartment ratio: 63/1000
2025-11-25T09:45:57.572414969Z [inf]     Payments This Month: €0.00
2025-11-25T09:45:57.572429269Z [inf]  📊 Apartment 11 - 2025-11:
2025-11-25T09:45:57.572429717Z [inf]     Net Obligation: €144.90
2025-11-25T09:45:57.572446063Z [inf]     Previous Balance: €0.00
2025-11-25T09:45:57.572454320Z [inf]     Current Month Expenses: €144.90
2025-11-25T09:45:57.572461805Z [inf]       - Resident: €18.90
2025-11-25T09:45:57.572471098Z [inf]       - Owner: €126.00
2025-11-25T09:45:57.572478997Z [inf]     Reserve Fund Share: €0.00
2025-11-25T09:45:57.594855729Z [inf]  📊 Apartment 12 - Previous balance from MonthlyBalance:
2025-11-25T09:45:57.594861376Z [inf]     Total carry_forward (10/2025): €0.00
2025-11-25T09:45:57.594867040Z [inf]     Apartment ratio: 49/1000
2025-11-25T09:45:57.594872501Z [inf]     Apartment previous_balance: €0.00
2025-11-25T09:45:57.604758272Z [inf]  📊 Apartment 12 - 2025-11:
2025-11-25T09:45:57.604765873Z [inf]     Previous Balance: €0.00
2025-11-25T09:45:57.604771986Z [inf]     Current Month Expenses: €112.70
2025-11-25T09:45:57.604777519Z [inf]       - Resident: €14.70
2025-11-25T09:45:57.604783378Z [inf]       - Owner: €98.00
2025-11-25T09:45:57.604789293Z [inf]     Reserve Fund Share: €0.00
2025-11-25T09:45:57.604795925Z [inf]     Payments This Month: €0.00
2025-11-25T09:45:57.604812550Z [inf]     Net Obligation: €112.70
2025-11-25T09:45:57.628416700Z [inf]  📊 Apartment 13 - Previous balance from MonthlyBalance:
2025-11-25T09:45:57.628423426Z [inf]     Total carry_forward (10/2025): €0.00
2025-11-25T09:45:57.628428423Z [inf]     Apartment ratio: 69/1000
2025-11-25T09:45:57.628432795Z [inf]     Apartment previous_balance: €0.00
2025-11-25T09:45:57.640839657Z [inf]  📊 Apartment 13 - 2025-11:
2025-11-25T09:45:57.640845404Z [inf]     Previous Balance: €0.00
2025-11-25T09:45:57.640852342Z [inf]     Current Month Expenses: €158.70
2025-11-25T09:45:57.640859960Z [inf]       - Resident: €20.70
2025-11-25T09:45:57.640867070Z [inf]       - Owner: €138.00
2025-11-25T09:45:57.640872902Z [inf]     Reserve Fund Share: €0.00
2025-11-25T09:45:57.640878288Z [inf]     Payments This Month: €0.00
2025-11-25T09:45:57.640885282Z [inf]     Net Obligation: €158.70
2025-11-25T09:45:57.662728214Z [inf]  📊 Apartment 14 - Previous balance from MonthlyBalance:
2025-11-25T09:45:57.662739921Z [inf]     Total carry_forward (10/2025): €0.00
2025-11-25T09:45:57.662747253Z [inf]     Apartment ratio: 65/1000
2025-11-25T09:45:57.662753894Z [inf]     Apartment previous_balance: €0.00
2025-11-25T09:45:57.673264803Z [inf]  📊 Apartment 14 - 2025-11:
2025-11-25T09:45:57.673277202Z [inf]     Previous Balance: €0.00
2025-11-25T09:45:57.673284769Z [inf]     Current Month Expenses: €149.50
2025-11-25T09:45:57.673291038Z [inf]       - Resident: €19.50
2025-11-25T09:45:57.673299724Z [inf]       - Owner: €130.00
2025-11-25T09:45:57.673307181Z [inf]     Reserve Fund Share: €0.00
2025-11-25T09:45:57.673313939Z [inf]     Payments This Month: €0.00
2025-11-25T09:45:57.673321633Z [inf]     Net Obligation: €149.50
2025-11-25T09:45:57.702138016Z [inf]  📊 Apartment 15 - Previous balance from MonthlyBalance:
2025-11-25T09:45:57.702144010Z [inf]     Total carry_forward (10/2025): €0.00
2025-11-25T09:45:57.702150408Z [inf]     Apartment ratio: 65/1000
2025-11-25T09:45:57.702156554Z [inf]     Apartment previous_balance: €0.00
2025-11-25T09:45:57.718422520Z [inf]  📊 Apartment 15 - 2025-11:
2025-11-25T09:45:57.718435749Z [inf]     Previous Balance: €0.00
2025-11-25T09:45:57.718442390Z [inf]     Current Month Expenses: €149.50
2025-11-25T09:45:57.718448645Z [inf]       - Resident: €19.50
2025-11-25T09:45:57.718455255Z [inf]       - Owner: €130.00
2025-11-25T09:45:57.718462229Z [inf]     Reserve Fund Share: €0.00
2025-11-25T09:45:57.718468591Z [inf]     Payments This Month: €0.00
2025-11-25T09:45:57.718474205Z [inf]     Net Obligation: €149.50
2025-11-25T09:45:57.733391404Z [inf]  📊 Apartment 2 - Previous balance from MonthlyBalance:
2025-11-25T09:45:57.733399890Z [inf]     Total carry_forward (10/2025): €0.00
2025-11-25T09:45:57.733406218Z [inf]     Apartment ratio: 66/1000
2025-11-25T09:45:57.733411888Z [inf]     Apartment previous_balance: €0.00
2025-11-25T09:45:57.749824031Z [inf]  📊 Apartment 2 - 2025-11:
2025-11-25T09:45:57.749830402Z [inf]     Previous Balance: €0.00
2025-11-25T09:45:57.749836100Z [inf]     Current Month Expenses: €151.80
2025-11-25T09:45:57.749841854Z [inf]       - Resident: €19.80
2025-11-25T09:45:57.749848264Z [inf]       - Owner: €132.00
2025-11-25T09:45:57.749854392Z [inf]     Reserve Fund Share: €0.00
2025-11-25T09:45:57.749860041Z [inf]     Payments This Month: €0.00
2025-11-25T09:45:57.749866090Z [inf]     Net Obligation: €151.80
2025-11-25T09:45:57.764011440Z [inf]  📊 Apartment 3 - Previous balance from MonthlyBalance:
2025-11-25T09:45:57.764016197Z [inf]     Total carry_forward (10/2025): €0.00
2025-11-25T09:45:57.764021910Z [inf]     Apartment ratio: 77/1000
2025-11-25T09:45:57.764028338Z [inf]     Apartment previous_balance: €0.00
2025-11-25T09:45:57.774799283Z [inf]  📊 Apartment 3 - 2025-11:
2025-11-25T09:45:57.774805257Z [inf]     Previous Balance: €0.00
2025-11-25T09:45:57.774810722Z [inf]     Current Month Expenses: €177.10
2025-11-25T09:45:57.774816965Z [inf]       - Resident: €23.10
2025-11-25T09:45:57.774822858Z [inf]       - Owner: €154.00
2025-11-25T09:45:57.774827940Z [inf]     Reserve Fund Share: €0.00
2025-11-25T09:45:57.774836013Z [inf]     Payments This Month: €0.00
2025-11-25T09:45:57.774842209Z [inf]     Net Obligation: €177.10
2025-11-25T09:45:57.801519511Z [inf]  📊 Apartment 4 - Previous balance from MonthlyBalance:
2025-11-25T09:45:57.801529689Z [inf]     Total carry_forward (10/2025): €0.00
2025-11-25T09:45:57.801536786Z [inf]     Apartment ratio: 70/1000
2025-11-25T09:45:57.801541503Z [inf]     Apartment previous_balance: €0.00
2025-11-25T09:45:57.810597693Z [inf]  📊 Apartment 4 - 2025-11:
2025-11-25T09:45:57.810606387Z [inf]     Previous Balance: €0.00
2025-11-25T09:45:57.810612479Z [inf]     Current Month Expenses: €161.00
2025-11-25T09:45:57.810618004Z [inf]       - Resident: €21.00
2025-11-25T09:45:57.810623328Z [inf]       - Owner: €140.00
2025-11-25T09:45:57.810629474Z [inf]     Reserve Fund Share: €0.00
2025-11-25T09:45:57.810634838Z [inf]     Payments This Month: €0.00
2025-11-25T09:45:57.810643964Z [inf]     Net Obligation: €161.00
2025-11-25T09:45:57.828680790Z [inf]  📊 Apartment 5 - Previous balance from MonthlyBalance:
2025-11-25T09:45:57.828687370Z [inf]     Total carry_forward (10/2025): €0.00
2025-11-25T09:45:57.828691749Z [inf]     Apartment ratio: 65/1000
2025-11-25T09:45:57.828696465Z [inf]     Apartment previous_balance: €0.00
2025-11-25T09:45:57.845725536Z [inf]  📊 Apartment 5 - 2025-11:
2025-11-25T09:45:57.845730412Z [inf]     Previous Balance: €0.00
2025-11-25T09:45:57.845736882Z [inf]     Current Month Expenses: €149.50
2025-11-25T09:45:57.845742239Z [inf]       - Resident: €19.50
2025-11-25T09:45:57.845747030Z [inf]       - Owner: €130.00
2025-11-25T09:45:57.845751256Z [inf]     Reserve Fund Share: €0.00
2025-11-25T09:45:57.845755523Z [inf]     Payments This Month: €0.00
2025-11-25T09:45:57.845760170Z [inf]     Net Obligation: €149.50
2025-11-25T09:45:57.862041964Z [inf]  📊 Apartment 6 - Previous balance from MonthlyBalance:
2025-11-25T09:45:57.862048535Z [inf]     Total carry_forward (10/2025): €0.00
2025-11-25T09:45:57.862053288Z [inf]     Apartment ratio: 52/1000
2025-11-25T09:45:57.862057594Z [inf]     Apartment previous_balance: €0.00
2025-11-25T09:45:57.872697639Z [inf]  📊 Apartment 6 - 2025-11:
2025-11-25T09:45:57.872705532Z [inf]     Previous Balance: €0.00
2025-11-25T09:45:57.872712329Z [inf]     Current Month Expenses: €119.60
2025-11-25T09:45:57.872720012Z [inf]       - Resident: €15.60
2025-11-25T09:45:57.872727281Z [inf]       - Owner: €104.00
2025-11-25T09:45:57.872734116Z [inf]     Reserve Fund Share: €0.00
2025-11-25T09:45:57.872740992Z [inf]     Payments This Month: €0.00
2025-11-25T09:45:57.872747702Z [inf]     Net Obligation: €119.60
2025-11-25T09:45:57.894719460Z [inf]  📊 Apartment 7 - Previous balance from MonthlyBalance:
2025-11-25T09:45:57.894723622Z [inf]     Total carry_forward (10/2025): €0.00
2025-11-25T09:45:57.894728630Z [inf]     Apartment ratio: 59/1000
2025-11-25T09:45:57.894733390Z [inf]     Apartment previous_balance: €0.00
2025-11-25T09:45:57.902600153Z [inf]  📊 Apartment 7 - 2025-11:
2025-11-25T09:45:57.902606310Z [inf]     Previous Balance: €0.00
2025-11-25T09:45:57.902610651Z [inf]     Current Month Expenses: €135.70
2025-11-25T09:45:57.902614903Z [inf]       - Resident: €17.70
2025-11-25T09:45:57.902619306Z [inf]       - Owner: €118.00
2025-11-25T09:45:57.902634063Z [inf]     Reserve Fund Share: €0.00
2025-11-25T09:45:57.902639119Z [inf]     Payments This Month: €0.00
2025-11-25T09:45:57.902643199Z [inf]     Net Obligation: €135.70
2025-11-25T09:45:57.927374730Z [inf]  📊 Apartment 8 - Previous balance from MonthlyBalance:
2025-11-25T09:45:57.927380150Z [inf]     Total carry_forward (10/2025): €0.00
2025-11-25T09:45:57.927386079Z [inf]     Apartment ratio: 75/1000
2025-11-25T09:45:57.927391442Z [inf]     Apartment previous_balance: €0.00
2025-11-25T09:45:57.933291225Z [inf]  📊 Apartment 8 - 2025-11:
2025-11-25T09:45:57.933298906Z [inf]     Previous Balance: €0.00
2025-11-25T09:45:57.933304802Z [inf]     Current Month Expenses: €172.50
2025-11-25T09:45:57.933310215Z [inf]       - Resident: €22.50
2025-11-25T09:45:57.933315763Z [inf]       - Owner: €150.00
2025-11-25T09:45:57.933319937Z [inf]     Reserve Fund Share: €0.00
2025-11-25T09:45:57.933324065Z [inf]     Payments This Month: €0.00
2025-11-25T09:45:57.933328259Z [inf]     Net Obligation: €172.50
2025-11-25T09:45:57.960351753Z [inf]  📊 Apartment 9 - Previous balance from MonthlyBalance:
2025-11-25T09:45:57.960356370Z [inf]     Total carry_forward (10/2025): €0.00
2025-11-25T09:45:57.960361115Z [inf]     Apartment ratio: 57/1000
2025-11-25T09:45:57.960366508Z [inf]     Apartment previous_balance: €0.00
2025-11-25T09:45:57.968124827Z [inf]  📊 Apartment 9 - 2025-11:
2025-11-25T09:45:57.968133163Z [inf]     Previous Balance: €0.00
2025-11-25T09:45:57.968139049Z [inf]     Current Month Expenses: €131.10
2025-11-25T09:45:57.968144702Z [inf]       - Resident: €17.10
2025-11-25T09:45:57.968151128Z [inf]       - Owner: €114.00
2025-11-25T09:45:57.968156842Z [inf]     Reserve Fund Share: €0.00
2025-11-25T09:45:57.968162581Z [inf]     Payments This Month: €0.00
2025-11-25T09:45:57.968168040Z [inf]     Net Obligation: €131.10
2025-11-25T09:45:57.989316762Z [inf]  100.64.0.3 - - [25/Nov/2025:11:45:57 +0200] "GET /api/public-info/2/ HTTP/1.1" 200 9996 "-" "node"
2025-11-25T09:45:58.501828276Z [inf]  100.64.0.2 - - [25/Nov/2025:11:45:58 +0200] "GET /api/kiosk/public/scenes/active/?building_id=2 HTTP/1.1" 200 70 "-" "node"
2025-11-25T09:46:38.076177413Z [err]  DEBUG 2025-11-25 11:46:32,634 middleware 18 140546424867712 🔍 [TENANT MIDDLEWARE] hostname_from_request: Using X-Tenant-Host 'theo.newconcierge.app' -> 'theo.newconcierge.app' (internal: 'linuxversion-production.up.railway.app')
2025-11-25T09:46:38.076182749Z [err]  DEBUG 2025-11-25 11:46:32,634 middleware 18 140546424867712 🔍 [TENANT MIDDLEWARE] get_tenant called with hostname: 'theo.newconcierge.app'
2025-11-25T09:46:38.076187390Z [err]  INFO 2025-11-25 11:46:32,638 middleware 18 140546424867712 🔍 [TENANT MIDDLEWARE] Resolved 'theo.newconcierge.app' -> tenant 'theo' via domain lookup
2025-11-25T09:46:38.076193167Z [inf]  100.64.0.4 - - [25/Nov/2025:11:46:32 +0200] "GET /api/kiosk/public/scenes/active/?building_id=1 HTTP/1.1" 200 70 "-" "node"
2025-11-25T09:46:38.076197126Z [err]  DEBUG 2025-11-25 11:46:32,800 middleware 19 140546424867712 🔍 [TENANT MIDDLEWARE] hostname_from_request: Using X-Tenant-Host 'theo.newconcierge.app' -> 'theo.newconcierge.app' (internal: 'linuxversion-production.up.railway.app')
2025-11-25T09:46:38.076200884Z [err]  DEBUG 2025-11-25 11:46:32,800 middleware 19 140546424867712 🔍 [TENANT MIDDLEWARE] get_tenant called with hostname: 'theo.newconcierge.app'
2025-11-25T09:46:38.076204572Z [err]  INFO 2025-11-25 11:46:32,805 middleware 19 140546424867712 🔍 [TENANT MIDDLEWARE] Resolved 'theo.newconcierge.app' -> tenant 'theo' via domain lookup
2025-11-25T09:46:38.076208896Z [inf]  100.64.0.5 - - [25/Nov/2025:11:46:32 +0200] "GET /api/kiosk/public/scenes/active/?building_id=2 HTTP/1.1" 200 70 "-" "node"
2025-11-25T09:46:38.076212864Z [err]  DEBUG 2025-11-25 11:46:32,870 middleware 19 140546424867712 🔍 [TENANT MIDDLEWARE] hostname_from_request: Using X-Tenant-Host 'theo.newconcierge.app' -> 'theo.newconcierge.app' (internal: 'linuxversion-production.up.railway.app')
2025-11-25T09:46:38.076218765Z [err]  DEBUG 2025-11-25 11:46:32,870 middleware 19 140546424867712 🔍 [TENANT MIDDLEWARE] get_tenant called with hostname: 'theo.newconcierge.app'
2025-11-25T09:46:38.079293813Z [err]  INFO 2025-11-25 11:46:32,873 middleware 19 140546424867712 🔍 [TENANT MIDDLEWARE] Resolved 'theo.newconcierge.app' -> tenant 'theo' via domain lookup
2025-11-25T09:46:38.079300033Z [err]  INFO 2025-11-25 11:46:32,878 views 19 140546424867712 [public_info] Resolving schema
2025-11-25T09:46:38.079305770Z [err]  ERROR 2025-11-25 11:46:32,901 views 19 140546424867712 [public_info] Error fetching expenses for building 2: Cannot resolve keyword 'description' into field. Choices are: add_to_calendar, affected_apartments, amount, attachment, audit_trail, building, building_id, category, created_at, date, distribution_type, due_date, expense_type, id, linked_projects, linked_service_receipts, maintenance_payment_receipts, notes, payer_responsibility, project, project_id, scheduled_maintenance_tasks, source_document, split_ratio, supplier, supplier_id, title, updated_at
2025-11-25T09:46:38.079310809Z [err]  Traceback (most recent call last):
2025-11-25T09:46:38.079315699Z [err]    File "/usr/local/lib/python3.12/site-packages/django/db/models/sql/query.py", line 2238, in add_fields
2025-11-25T09:46:38.079334328Z [err]      join_info = self.setup_joins(
2025-11-25T09:46:38.079341754Z [err]                  ^^^^^^^^^^^^^^^^^
2025-11-25T09:46:38.079347406Z [err]    File "/usr/local/lib/python3.12/site-packages/django/db/models/sql/query.py", line 1901, in setup_joins
2025-11-25T09:46:38.079352982Z [err]      path, final_field, targets, rest = self.names_to_path(
2025-11-25T09:46:38.079358626Z [err]                                         ^^^^^^^^^^^^^^^^^^^
2025-11-25T09:46:38.079363757Z [err]    File "/usr/local/lib/python3.12/site-packages/django/db/models/sql/query.py", line 1806, in names_to_path
2025-11-25T09:46:38.079370267Z [err]      raise FieldError(
2025-11-25T09:46:38.079375396Z [err]  django.core.exceptions.FieldError: Cannot resolve keyword 'description' into field. Choices are: add_to_calendar, affected_apartments, amount, attachment, audit_trail, building, building_id, category, created_at, date, distribution_type, due_date, expense_type, id, linked_projects, linked_service_receipts, maintenance_payment_receipts, notes, payer_responsibility, project, project_id, scheduled_maintenance_tasks, source_document, split_ratio, supplier, supplier_id, title, updated_at
2025-11-25T09:46:38.081322888Z [err]  
2025-11-25T09:46:38.081328672Z [err]  During handling of the above exception, another exception occurred:
2025-11-25T09:46:38.081334918Z [err]  
2025-11-25T09:46:38.081339621Z [err]  Traceback (most recent call last):
2025-11-25T09:46:38.081344307Z [err]    File "/app/public_info/views.py", line 181, in building_info
2025-11-25T09:46:38.081349734Z [err]      ).order_by('-date').values('id', 'title', 'description', 'amount', 'date', 'category')
2025-11-25T09:46:38.081356039Z [err]                          ^^^^^^^^^^^^^^^^^^^^^^^^^^^^^^^^^^^^^^^^^^^^^^^^^^^^^^^^^^^^^^^^^^
2025-11-25T09:46:38.081360476Z [err]    File "/usr/local/lib/python3.12/site-packages/django/db/models/query.py", line 1370, in values
2025-11-25T09:46:38.081364590Z [err]      clone = self._values(*fields, **expressions)
2025-11-25T09:46:38.081371574Z [err]              ^^^^^^^^^^^^^^^^^^^^^^^^^^^^^^^^^^^^
2025-11-25T09:46:38.081375324Z [err]    File "/usr/local/lib/python3.12/site-packages/django/db/models/query.py", line 1365, in _values
2025-11-25T09:46:38.081381812Z [err]      clone.query.set_values(fields)
2025-11-25T09:46:38.081386102Z [err]    File "/usr/local/lib/python3.12/site-packages/django/db/models/sql/query.py", line 2577, in set_values
2025-11-25T09:46:38.081389891Z [err]      self.add_fields(field_names, True)
2025-11-25T09:46:38.081393760Z [err]    File "/usr/local/lib/python3.12/site-packages/django/db/models/sql/query.py", line 2279, in add_fields
2025-11-25T09:46:38.081397694Z [err]      raise FieldError(
2025-11-25T09:46:38.081401474Z [err]  django.core.exceptions.FieldError: Cannot resolve keyword 'description' into field. Choices are: add_to_calendar, affected_apartments, amount, attachment, audit_trail, building, building_id, category, created_at, date, distribution_type, due_date, expense_type, id, linked_projects, linked_service_receipts, maintenance_payment_receipts, notes, payer_responsibility, project, project_id, scheduled_maintenance_tasks, source_document, split_ratio, supplier, supplier_id, title, updated_at
2025-11-25T09:46:38.084296800Z [inf]  📊 Apartment 1 - Previous balance from MonthlyBalance:
2025-11-25T09:46:38.084306051Z [inf]     Total carry_forward (10/2025): €0.00
2025-11-25T09:46:38.084312630Z [inf]       - Owner: €136.00
2025-11-25T09:46:38.084313623Z [inf]     Apartment ratio: 100/1000
2025-11-25T09:46:38.084320622Z [inf]     Apartment previous_balance: €0.00
2025-11-25T09:46:38.084329148Z [inf]  📊 Apartment 1 - 2025-11:
2025-11-25T09:46:38.084330744Z [inf]     Reserve Fund Share: €0.00
2025-11-25T09:46:38.084335340Z [inf]     Previous Balance: €0.00
2025-11-25T09:46:38.084343763Z [inf]     Payments This Month: €0.00
2025-11-25T09:46:38.084343885Z [inf]     Current Month Expenses: €230.00
2025-11-25T09:46:38.084352212Z [inf]       - Resident: €30.00
2025-11-25T09:46:38.084357293Z [inf]     Net Obligation: €156.40
2025-11-25T09:46:38.084361445Z [inf]       - Owner: €200.00
2025-11-25T09:46:38.084369836Z [inf]     Reserve Fund Share: €0.00
2025-11-25T09:46:38.084371674Z [inf]  📊 Apartment 11 - Previous balance from MonthlyBalance:
2025-11-25T09:46:38.084377450Z [inf]     Payments This Month: €210.00
2025-11-25T09:46:38.084387070Z [inf]     Total carry_forward (10/2025): €0.00
2025-11-25T09:46:38.084387289Z [inf]     Net Obligation: €20.00
2025-11-25T09:46:38.084394388Z [inf]  📊 Apartment 10 - Previous balance from MonthlyBalance:
2025-11-25T09:46:38.084401819Z [inf]     Total carry_forward (10/2025): €0.00
2025-11-25T09:46:38.084406059Z [inf]     Apartment ratio: 68/1000
2025-11-25T09:46:38.084410618Z [inf]     Apartment previous_balance: €0.00
2025-11-25T09:46:38.084415241Z [inf]  📊 Apartment 10 - 2025-11:
2025-11-25T09:46:38.084419599Z [inf]     Previous Balance: €0.00
2025-11-25T09:46:38.084423461Z [inf]     Current Month Expenses: €156.40
2025-11-25T09:46:38.084428177Z [inf]       - Resident: €20.40
2025-11-25T09:46:38.086238130Z [inf]     Payments This Month: €0.00
2025-11-25T09:46:38.086251894Z [inf]     Net Obligation: €112.70
2025-11-25T09:46:38.086258961Z [inf]  📊 Apartment 13 - Previous balance from MonthlyBalance:
2025-11-25T09:46:38.086263265Z [inf]     Total carry_forward (10/2025): €0.00
2025-11-25T09:46:38.086268104Z [inf]     Apartment ratio: 69/1000
2025-11-25T09:46:38.086273937Z [inf]     Apartment previous_balance: €0.00
2025-11-25T09:46:38.086278527Z [inf]     Apartment ratio: 63/1000
2025-11-25T09:46:38.086280114Z [inf]  📊 Apartment 13 - 2025-11:
2025-11-25T09:46:38.086285724Z [inf]     Apartment previous_balance: €0.00
2025-11-25T09:46:38.086293614Z [inf]  📊 Apartment 11 - 2025-11:
2025-11-25T09:46:38.086298181Z [inf]     Previous Balance: €0.00
2025-11-25T09:46:38.086303153Z [inf]     Current Month Expenses: €144.90
2025-11-25T09:46:38.086307647Z [inf]       - Resident: €18.90
2025-11-25T09:46:38.086311891Z [inf]       - Owner: €126.00
2025-11-25T09:46:38.086316215Z [inf]     Reserve Fund Share: €0.00
2025-11-25T09:46:38.086320353Z [inf]     Payments This Month: €0.00
2025-11-25T09:46:38.086324580Z [inf]     Net Obligation: €144.90
2025-11-25T09:46:38.086328856Z [inf]  📊 Apartment 12 - Previous balance from MonthlyBalance:
2025-11-25T09:46:38.086333288Z [inf]     Total carry_forward (10/2025): €0.00
2025-11-25T09:46:38.086337313Z [inf]     Apartment ratio: 49/1000
2025-11-25T09:46:38.086341679Z [inf]     Apartment previous_balance: €0.00
2025-11-25T09:46:38.086346620Z [inf]  📊 Apartment 12 - 2025-11:
2025-11-25T09:46:38.086350440Z [inf]     Previous Balance: €0.00
2025-11-25T09:46:38.086355150Z [inf]     Current Month Expenses: €112.70
2025-11-25T09:46:38.086368403Z [inf]       - Resident: €14.70
2025-11-25T09:46:38.086375102Z [inf]       - Owner: €98.00
2025-11-25T09:46:38.086380791Z [inf]     Reserve Fund Share: €0.00
2025-11-25T09:46:38.089406939Z [inf]     Apartment ratio: 65/1000
2025-11-25T09:46:38.089409958Z [inf]     Previous Balance: €0.00
2025-11-25T09:46:38.089418467Z [inf]     Apartment previous_balance: €0.00
2025-11-25T09:46:38.089418598Z [inf]     Current Month Expenses: €149.50
2025-11-25T09:46:38.089427112Z [inf]  📊 Apartment 14 - 2025-11:
2025-11-25T09:46:38.089427195Z [inf]       - Resident: €19.50
2025-11-25T09:46:38.089435853Z [inf]     Previous Balance: €0.00
2025-11-25T09:46:38.089442086Z [inf]     Current Month Expenses: €149.50
2025-11-25T09:46:38.089460584Z [inf]       - Resident: €19.50
2025-11-25T09:46:38.089465741Z [inf]     Previous Balance: €0.00
2025-11-25T09:46:38.089468609Z [inf]       - Owner: €130.00
2025-11-25T09:46:38.089471880Z [inf]     Current Month Expenses: €158.70
2025-11-25T09:46:38.089478091Z [inf]     Reserve Fund Share: €0.00
2025-11-25T09:46:38.089484085Z [inf]     Payments This Month: €0.00
2025-11-25T09:46:38.089487255Z [inf]       - Resident: €20.70
2025-11-25T09:46:38.089492805Z [inf]     Net Obligation: €149.50
2025-11-25T09:46:38.089495711Z [inf]       - Owner: €138.00
2025-11-25T09:46:38.089506716Z [inf]     Reserve Fund Share: €0.00
2025-11-25T09:46:38.089507817Z [inf]  📊 Apartment 15 - Previous balance from MonthlyBalance:
2025-11-25T09:46:38.089515586Z [inf]     Payments This Month: €0.00
2025-11-25T09:46:38.089516705Z [inf]     Total carry_forward (10/2025): €0.00
2025-11-25T09:46:38.089520781Z [inf]     Net Obligation: €158.70
2025-11-25T09:46:38.089527301Z [inf]     Apartment ratio: 65/1000
2025-11-25T09:46:38.089527375Z [inf]  📊 Apartment 14 - Previous balance from MonthlyBalance:
2025-11-25T09:46:38.089533788Z [inf]     Total carry_forward (10/2025): €0.00
2025-11-25T09:46:38.089536215Z [inf]     Apartment previous_balance: €0.00
2025-11-25T09:46:38.089542051Z [inf]  📊 Apartment 15 - 2025-11:
2025-11-25T09:46:38.095035903Z [inf]       - Owner: €130.00
2025-11-25T09:46:38.095043506Z [inf]     Reserve Fund Share: €0.00
2025-11-25T09:46:38.095048893Z [inf]     Previous Balance: €0.00
2025-11-25T09:46:38.095050914Z [inf]     Payments This Month: €0.00
2025-11-25T09:46:38.095061974Z [inf]     Net Obligation: €149.50
2025-11-25T09:46:38.095069599Z [inf]     Current Month Expenses: €177.10
2025-11-25T09:46:38.095073845Z [inf]  📊 Apartment 2 - Previous balance from MonthlyBalance:
2025-11-25T09:46:38.095082256Z [inf]       - Resident: €23.10
2025-11-25T09:46:38.095086462Z [inf]     Total carry_forward (10/2025): €0.00
2025-11-25T09:46:38.095091759Z [inf]       - Owner: €154.00
2025-11-25T09:46:38.095100478Z [inf]     Reserve Fund Share: €0.00
2025-11-25T09:46:38.095103131Z [inf]     Apartment ratio: 66/1000
2025-11-25T09:46:38.095112074Z [inf]     Payments This Month: €0.00
2025-11-25T09:46:38.095115495Z [inf]     Apartment previous_balance: €0.00
2025-11-25T09:46:38.095121267Z [inf]  📊 Apartment 2 - 2025-11:
2025-11-25T09:46:38.095128946Z [inf]     Previous Balance: €0.00
2025-11-25T09:46:38.095134846Z [inf]     Current Month Expenses: €151.80
2025-11-25T09:46:38.095139920Z [inf]       - Resident: €19.80
2025-11-25T09:46:38.095146121Z [inf]       - Owner: €132.00
2025-11-25T09:46:38.095151666Z [inf]     Reserve Fund Share: €0.00
2025-11-25T09:46:38.095159969Z [inf]     Payments This Month: €0.00
2025-11-25T09:46:38.095165502Z [inf]     Net Obligation: €151.80
2025-11-25T09:46:38.095171265Z [inf]  📊 Apartment 3 - Previous balance from MonthlyBalance:
2025-11-25T09:46:38.095177018Z [inf]     Total carry_forward (10/2025): €0.00
2025-11-25T09:46:38.095185030Z [inf]     Apartment ratio: 77/1000
2025-11-25T09:46:38.095193755Z [inf]     Apartment previous_balance: €0.00
2025-11-25T09:46:38.095199322Z [inf]  📊 Apartment 3 - 2025-11:
2025-11-25T09:46:38.097336785Z [inf]     Net Obligation: €177.10
2025-11-25T09:46:38.097342128Z [inf]  📊 Apartment 4 - Previous balance from MonthlyBalance:
2025-11-25T09:46:38.097347346Z [inf]     Total carry_forward (10/2025): €0.00
2025-11-25T09:46:38.097352648Z [inf]     Apartment ratio: 70/1000
2025-11-25T09:46:38.097357871Z [inf]     Apartment previous_balance: €0.00
2025-11-25T09:46:38.097363026Z [inf]  📊 Apartment 4 - 2025-11:
2025-11-25T09:46:38.097371701Z [inf]     Previous Balance: €0.00
2025-11-25T09:46:38.097376980Z [inf]     Current Month Expenses: €161.00
2025-11-25T09:46:38.097382003Z [inf]       - Resident: €21.00
2025-11-25T09:46:38.097386906Z [inf]       - Owner: €140.00
2025-11-25T09:46:38.097392376Z [inf]     Reserve Fund Share: €0.00
2025-11-25T09:46:38.097399436Z [inf]     Payments This Month: €0.00
2025-11-25T09:46:38.097404444Z [inf]     Net Obligation: €161.00
2025-11-25T09:46:38.097410597Z [inf]  📊 Apartment 5 - Previous balance from MonthlyBalance:
2025-11-25T09:46:38.097415774Z [inf]     Total carry_forward (10/2025): €0.00
2025-11-25T09:46:38.097421104Z [inf]     Apartment ratio: 65/1000
2025-11-25T09:46:38.097430455Z [inf]     Apartment previous_balance: €0.00
2025-11-25T09:46:38.097435702Z [inf]  📊 Apartment 5 - 2025-11:
2025-11-25T09:46:38.097440558Z [inf]     Previous Balance: €0.00
2025-11-25T09:46:38.097445684Z [inf]     Current Month Expenses: €149.50
2025-11-25T09:46:38.097504750Z [inf]       - Resident: €19.50
2025-11-25T09:46:38.097511944Z [inf]       - Owner: €130.00
2025-11-25T09:46:38.097520512Z [inf]     Reserve Fund Share: €0.00
2025-11-25T09:46:38.097525898Z [inf]     Payments This Month: €0.00
2025-11-25T09:46:38.097531188Z [inf]     Net Obligation: €149.50
2025-11-25T09:46:38.097537506Z [inf]  📊 Apartment 6 - Previous balance from MonthlyBalance:
2025-11-25T09:46:38.097542954Z [inf]     Total carry_forward (10/2025): €0.00
2025-11-25T09:46:38.101069912Z [inf]       - Owner: €118.00
2025-11-25T09:46:38.101084731Z [inf]     Reserve Fund Share: €0.00
2025-11-25T09:46:38.101092541Z [inf]     Payments This Month: €0.00
2025-11-25T09:46:38.101100368Z [inf]     Net Obligation: €135.70
2025-11-25T09:46:38.101112365Z [inf]  📊 Apartment 8 - Previous balance from MonthlyBalance:
2025-11-25T09:46:38.101119079Z [inf]     Total carry_forward (10/2025): €0.00
2025-11-25T09:46:38.101125351Z [inf]     Apartment ratio: 75/1000
2025-11-25T09:46:38.101132048Z [inf]     Apartment previous_balance: €0.00
2025-11-25T09:46:38.101139884Z [inf]  📊 Apartment 8 - 2025-11:
2025-11-25T09:46:38.101171999Z [inf]     Apartment ratio: 52/1000
2025-11-25T09:46:38.101178521Z [inf]     Apartment previous_balance: €0.00
2025-11-25T09:46:38.101184697Z [inf]  📊 Apartment 6 - 2025-11:
2025-11-25T09:46:38.101190891Z [inf]     Previous Balance: €0.00
2025-11-25T09:46:38.101197275Z [inf]     Current Month Expenses: €119.60
2025-11-25T09:46:38.101203358Z [inf]       - Resident: €15.60
2025-11-25T09:46:38.101209561Z [inf]       - Owner: €104.00
2025-11-25T09:46:38.101215501Z [inf]     Reserve Fund Share: €0.00
2025-11-25T09:46:38.101233472Z [inf]     Payments This Month: €0.00
2025-11-25T09:46:38.101240802Z [inf]     Net Obligation: €119.60
2025-11-25T09:46:38.101247918Z [inf]  📊 Apartment 7 - Previous balance from MonthlyBalance:
2025-11-25T09:46:38.101254124Z [inf]     Total carry_forward (10/2025): €0.00
2025-11-25T09:46:38.101260933Z [inf]     Apartment ratio: 59/1000
2025-11-25T09:46:38.101267052Z [inf]     Apartment previous_balance: €0.00
2025-11-25T09:46:38.101273259Z [inf]  📊 Apartment 7 - 2025-11:
2025-11-25T09:46:38.101280025Z [inf]     Previous Balance: €0.00
2025-11-25T09:46:38.101286287Z [inf]     Current Month Expenses: €135.70
2025-11-25T09:46:38.101293147Z [inf]       - Resident: €17.70
2025-11-25T09:46:38.103298529Z [inf]     Net Obligation: €172.50
2025-11-25T09:46:38.103313573Z [err]  DEBUG 2025-11-25 11:46:33,400 middleware 18 140546424867712 🔍 [TENANT MIDDLEWARE] hostname_from_request: Using X-Tenant-Host 'theo.newconcierge.app' -> 'theo.newconcierge.app' (internal: 'linuxversion-production.up.railway.app')
2025-11-25T09:46:38.103322983Z [err]  DEBUG 2025-11-25 11:46:33,400 middleware 18 140546424867712 🔍 [TENANT MIDDLEWARE] get_tenant called with hostname: 'theo.newconcierge.app'
2025-11-25T09:46:38.103339422Z [inf]     Previous Balance: €0.00
2025-11-25T09:46:38.103341961Z [err]  INFO 2025-11-25 11:46:33,402 middleware 18 140546424867712 🔍 [TENANT MIDDLEWARE] Resolved 'theo.newconcierge.app' -> tenant 'theo' via domain lookup
2025-11-25T09:46:38.103349491Z [inf]     Current Month Expenses: €172.50
2025-11-25T09:46:38.103353918Z [err]  INFO 2025-11-25 11:46:33,406 views 18 140546424867712 [public_info] Resolving schema
2025-11-25T09:46:38.103361017Z [inf]       - Resident: €22.50
2025-11-25T09:46:38.103365354Z [inf]  📊 Apartment 9 - Previous balance from MonthlyBalance:
2025-11-25T09:46:38.103373327Z [inf]       - Owner: €150.00
2025-11-25T09:46:38.103374732Z [inf]     Total carry_forward (10/2025): €0.00
2025-11-25T09:46:38.103385111Z [inf]     Apartment ratio: 57/1000
2025-11-25T09:46:38.103386047Z [inf]     Reserve Fund Share: €0.00
2025-11-25T09:46:38.103395311Z [inf]     Apartment previous_balance: €0.00
2025-11-25T09:46:38.103399286Z [inf]     Payments This Month: €0.00
2025-11-25T09:46:38.103407200Z [inf]  📊 Apartment 9 - 2025-11:
2025-11-25T09:46:38.103413260Z [inf]     Previous Balance: €0.00
2025-11-25T09:46:38.103418349Z [inf]     Current Month Expenses: €131.10
2025-11-25T09:46:38.103424967Z [inf]       - Resident: €17.10
2025-11-25T09:46:38.103432645Z [inf]       - Owner: €114.00
2025-11-25T09:46:38.103438824Z [inf]     Reserve Fund Share: €0.00
2025-11-25T09:46:38.105642828Z [inf]     Payments This Month: €0.00
2025-11-25T09:46:38.105650280Z [inf]     Net Obligation: €131.10
2025-11-25T09:46:38.105687151Z [err]  ERROR 2025-11-25 11:46:33,427 views 18 140546424867712 [public_info] Error fetching expenses for building 1: Cannot resolve keyword 'description' into field. Choices are: add_to_calendar, affected_apartments, amount, attachment, audit_trail, building, building_id, category, created_at, date, distribution_type, due_date, expense_type, id, linked_projects, linked_service_receipts, maintenance_payment_receipts, notes, payer_responsibility, project, project_id, scheduled_maintenance_tasks, source_document, split_ratio, supplier, supplier_id, title, updated_at
2025-11-25T09:46:38.105693644Z [err]  Traceback (most recent call last):
2025-11-25T09:46:38.105698843Z [err]    File "/usr/local/lib/python3.12/site-packages/django/db/models/sql/query.py", line 2238, in add_fields
2025-11-25T09:46:38.105703893Z [err]      join_info = self.setup_joins(
2025-11-25T09:46:38.105710539Z [err]                  ^^^^^^^^^^^^^^^^^
2025-11-25T09:46:38.105715239Z [err]    File "/usr/local/lib/python3.12/site-packages/django/db/models/sql/query.py", line 1901, in setup_joins
2025-11-25T09:46:38.105720464Z [err]      path, final_field, targets, rest = self.names_to_path(
2025-11-25T09:46:38.105725454Z [err]                                         ^^^^^^^^^^^^^^^^^^^
2025-11-25T09:46:38.105729808Z [err]    File "/usr/local/lib/python3.12/site-packages/django/db/models/sql/query.py", line 1806, in names_to_path
2025-11-25T09:46:38.105734408Z [err]      raise FieldError(
2025-11-25T09:46:38.105739491Z [err]  django.core.exceptions.FieldError: Cannot resolve keyword 'description' into field. Choices are: add_to_calendar, affected_apartments, amount, attachment, audit_trail, building, building_id, category, created_at, date, distribution_type, due_date, expense_type, id, linked_projects, linked_service_receipts, maintenance_payment_receipts, notes, payer_responsibility, project, project_id, scheduled_maintenance_tasks, source_document, split_ratio, supplier, supplier_id, title, updated_at
2025-11-25T09:46:38.108955445Z [err]  
2025-11-25T09:46:38.108964729Z [err]  During handling of the above exception, another exception occurred:
2025-11-25T09:46:38.108973023Z [err]  
2025-11-25T09:46:38.108979372Z [err]  Traceback (most recent call last):
2025-11-25T09:46:38.108987223Z [err]    File "/app/public_info/views.py", line 181, in building_info
2025-11-25T09:46:38.108993059Z [err]      ).order_by('-date').values('id', 'title', 'description', 'amount', 'date', 'category')
2025-11-25T09:46:38.108999429Z [err]                          ^^^^^^^^^^^^^^^^^^^^^^^^^^^^^^^^^^^^^^^^^^^^^^^^^^^^^^^^^^^^^^^^^^
2025-11-25T09:46:38.109005694Z [err]    File "/usr/local/lib/python3.12/site-packages/django/db/models/query.py", line 1370, in values
2025-11-25T09:46:38.109010996Z [err]      clone = self._values(*fields, **expressions)
2025-11-25T09:46:38.109017503Z [err]              ^^^^^^^^^^^^^^^^^^^^^^^^^^^^^^^^^^^^
2025-11-25T09:46:38.109023409Z [err]    File "/usr/local/lib/python3.12/site-packages/django/db/models/query.py", line 1365, in _values
2025-11-25T09:46:38.109028848Z [err]      clone.query.set_values(fields)
2025-11-25T09:46:38.109036287Z [err]    File "/usr/local/lib/python3.12/site-packages/django/db/models/sql/query.py", line 2577, in set_values
2025-11-25T09:46:38.109041375Z [err]      self.add_fields(field_names, True)
2025-11-25T09:46:38.109045623Z [err]    File "/usr/local/lib/python3.12/site-packages/django/db/models/sql/query.py", line 2279, in add_fields
2025-11-25T09:46:38.109049645Z [err]      raise FieldError(
2025-11-25T09:46:38.109053556Z [err]  django.core.exceptions.FieldError: Cannot resolve keyword 'description' into field. Choices are: add_to_calendar, affected_apartments, amount, attachment, audit_trail, building, building_id, category, created_at, date, distribution_type, due_date, expense_type, id, linked_projects, linked_service_receipts, maintenance_payment_receipts, notes, payer_responsibility, project, project_id, scheduled_maintenance_tasks, source_document, split_ratio, supplier, supplier_id, title, updated_at
2025-11-25T09:46:38.112420601Z [inf]     Payments This Month: €0.00
2025-11-25T09:46:38.112442004Z [inf]     Net Obligation: €0.00
2025-11-25T09:46:38.112442564Z [inf]  100.64.0.6 - - [25/Nov/2025:11:46:33 +0200] "GET /api/public-info/2/ HTTP/1.1" 200 9996 "-" "node"
2025-11-25T09:46:38.112449277Z [inf]  ⚠️ No MonthlyBalance found for 10/2025, using calculated_balance: €0.00
2025-11-25T09:46:38.112451688Z [inf]  ⚠️ No MonthlyBalance found for 10/2025, using calculated_balance: €0.00
2025-11-25T09:46:38.112454565Z [inf]  📊 Apartment Α1 - 2025-11:
2025-11-25T09:46:38.112459565Z [inf]  📊 Apartment Α3 - 2025-11:
2025-11-25T09:46:38.112460075Z [inf]     Previous Balance: €0.00
2025-11-25T09:46:38.112467701Z [inf]     Previous Balance: €0.00
2025-11-25T09:46:38.112467875Z [inf]     Current Month Expenses: €0.00
2025-11-25T09:46:38.112476131Z [inf]     Current Month Expenses: €0.00
2025-11-25T09:46:38.112476202Z [inf]       - Resident: €0.00
2025-11-25T09:46:38.112481558Z [inf]       - Owner: €0.00
2025-11-25T09:46:38.112483927Z [inf]       - Resident: €0.00
2025-11-25T09:46:38.112487026Z [inf]     Reserve Fund Share: €0.00
2025-11-25T09:46:38.112492128Z [inf]       - Owner: €0.00
2025-11-25T09:46:38.112492318Z [inf]     Payments This Month: €0.00
2025-11-25T09:46:38.112498098Z [inf]     Net Obligation: €0.00
2025-11-25T09:46:38.112500220Z [inf]     Reserve Fund Share: €0.00
2025-11-25T09:46:38.112504435Z [inf]  ⚠️ No MonthlyBalance found for 10/2025, using calculated_balance: €0.00
2025-11-25T09:46:38.112508712Z [inf]  📊 Apartment Α2 - 2025-11:
2025-11-25T09:46:38.112512661Z [inf]     Previous Balance: €0.00
2025-11-25T09:46:38.112516434Z [inf]     Current Month Expenses: €0.00
2025-11-25T09:46:38.112520259Z [inf]       - Resident: €0.00
2025-11-25T09:46:38.112526297Z [inf]       - Owner: €0.00
2025-11-25T09:46:38.112530308Z [inf]     Reserve Fund Share: €0.00
2025-11-25T09:46:38.115338369Z [inf]     Payments This Month: €0.00
2025-11-25T09:46:38.115338628Z [inf]  ⚠️ No MonthlyBalance found for 10/2025, using calculated_balance: €0.00
2025-11-25T09:46:38.115342677Z [inf]     Payments This Month: €0.00
2025-11-25T09:46:38.115349254Z [inf]  📊 Apartment Β3 - 2025-11:
2025-11-25T09:46:38.115349970Z [inf]     Net Obligation: €0.00
2025-11-25T09:46:38.115353442Z [inf]     Net Obligation: €0.00
2025-11-25T09:46:38.115356115Z [inf]     Previous Balance: €0.00
2025-11-25T09:46:38.115358822Z [inf]  ⚠️ No MonthlyBalance found for 10/2025, using calculated_balance: €0.00
2025-11-25T09:46:38.115361728Z [inf]  ⚠️ No MonthlyBalance found for 10/2025, using calculated_balance: €0.00
2025-11-25T09:46:38.115363147Z [inf]     Current Month Expenses: €0.00
2025-11-25T09:46:38.115367627Z [inf]  📊 Apartment Β2 - 2025-11:
2025-11-25T09:46:38.115368578Z [inf]  📊 Apartment Β1 - 2025-11:
2025-11-25T09:46:38.115369250Z [inf]       - Resident: €0.00
2025-11-25T09:46:38.115376248Z [inf]     Previous Balance: €0.00
2025-11-25T09:46:38.115376314Z [inf]       - Owner: €0.00
2025-11-25T09:46:38.115381383Z [inf]     Previous Balance: €0.00
2025-11-25T09:46:38.115386780Z [inf]     Reserve Fund Share: €0.00
2025-11-25T09:46:38.115387049Z [inf]     Current Month Expenses: €0.00
2025-11-25T09:46:38.115388264Z [inf]     Current Month Expenses: €0.00
2025-11-25T09:46:38.115395003Z [inf]       - Resident: €0.00
2025-11-25T09:46:38.115395383Z [inf]       - Resident: €0.00
2025-11-25T09:46:38.115402858Z [inf]       - Owner: €0.00
2025-11-25T09:46:38.115404786Z [inf]       - Owner: €0.00
2025-11-25T09:46:38.115409866Z [inf]     Reserve Fund Share: €0.00
2025-11-25T09:46:38.115410725Z [inf]     Reserve Fund Share: €0.00
2025-11-25T09:46:38.115417267Z [inf]     Payments This Month: €0.00
2025-11-25T09:46:38.115423014Z [inf]     Net Obligation: €0.00
2025-11-25T09:46:38.118149812Z [inf]     Payments This Month: €0.00
2025-11-25T09:46:38.118155622Z [inf]     Net Obligation: €0.00
2025-11-25T09:46:38.118160155Z [inf]     Net Obligation: €0.00
2025-11-25T09:46:38.118167129Z [inf]  ⚠️ No MonthlyBalance found for 10/2025, using calculated_balance: €0.00
2025-11-25T09:46:38.118167170Z [inf]  ⚠️ No MonthlyBalance found for 10/2025, using calculated_balance: €0.00
2025-11-25T09:46:38.118173697Z [inf]  📊 Apartment Γ1 - 2025-11:
2025-11-25T09:46:38.118175739Z [inf]  📊 Apartment Γ3 - 2025-11:
2025-11-25T09:46:38.118180297Z [inf]     Previous Balance: €0.00
2025-11-25T09:46:38.118181301Z [inf]       - Resident: €0.00
2025-11-25T09:46:38.118183874Z [inf]     Previous Balance: €0.00
2025-11-25T09:46:38.118187474Z [inf]     Current Month Expenses: €0.00
2025-11-25T09:46:38.118193672Z [inf]       - Owner: €0.00
2025-11-25T09:46:38.118194062Z [inf]     Current Month Expenses: €0.00
2025-11-25T09:46:38.118194679Z [inf]     Payments This Month: €0.00
2025-11-25T09:46:38.118195052Z [inf]       - Resident: €0.00
2025-11-25T09:46:38.118202494Z [inf]       - Owner: €0.00
2025-11-25T09:46:38.118203208Z [inf]     Reserve Fund Share: €0.00
2025-11-25T09:46:38.118209065Z [inf]     Reserve Fund Share: €0.00
2025-11-25T09:46:38.118209775Z [inf]     Net Obligation: €0.00
2025-11-25T09:46:38.118217681Z [inf]  ⚠️ No MonthlyBalance found for 10/2025, using calculated_balance: €0.00
2025-11-25T09:46:38.118224736Z [inf]  📊 Apartment Γ2 - 2025-11:
2025-11-25T09:46:38.118231150Z [inf]     Previous Balance: €0.00
2025-11-25T09:46:38.118239485Z [inf]     Current Month Expenses: €0.00
2025-11-25T09:46:38.118246488Z [inf]       - Resident: €0.00
2025-11-25T09:46:38.118253536Z [inf]       - Owner: €0.00
2025-11-25T09:46:38.118262176Z [inf]     Reserve Fund Share: €0.00
2025-11-25T09:46:38.118269253Z [inf]     Payments This Month: €0.00
2025-11-25T09:46:38.120766675Z [inf]     Reserve Fund Share: €0.00
2025-11-25T09:46:38.120790377Z [inf]     Payments This Month: €0.00
2025-11-25T09:46:38.120802281Z [inf]     Net Obligation: €0.00
2025-11-25T09:46:38.120810562Z [inf]  100.64.0.7 - - [25/Nov/2025:11:46:33 +0200] "GET /api/public-info/1/ HTTP/1.1" 200 5896 "-" "node"
2025-11-25T09:46:38.120810964Z [inf]     Payments This Month: €0.00
2025-11-25T09:46:38.120816002Z [inf]     Net Obligation: €0.00
2025-11-25T09:46:38.120819080Z [err]  DEBUG 2025-11-25 11:46:33,961 middleware 18 140546424867712 🔍 [TENANT MIDDLEWARE] hostname_from_request: Using X-Forwarded-Host 'linuxversion-production.up.railway.app' -> 'linuxversion-production.up.railway.app' (internal: 'linuxversion-production.up.railway.app')
2025-11-25T09:46:38.120829670Z [err]  DEBUG 2025-11-25 11:46:33,961 middleware 18 140546424867712 🔍 [TENANT MIDDLEWARE] get_tenant called with hostname: 'linuxversion-production.up.railway.app'
2025-11-25T09:46:38.120840585Z [err]  INFO 2025-11-25 11:46:33,968 middleware 18 140546424867712 🔍 [TENANT MIDDLEWARE] Resolved 'linuxversion-production.up.railway.app' -> tenant 'public' via domain lookup
2025-11-25T09:46:38.120846571Z [inf]  100.64.0.7 - - [25/Nov/2025:11:46:33 +0200] "GET /media/office_logos/logo_Oy16F1g.jpg HTTP/1.1" 200 0 "-" "Mozilla/5.0 (Windows NT 10.0; Win64; x64) AppleWebKit/537.36 (KHTML, like Gecko) Chrome/142.0.0.0 Safari/537.36"
2025-11-25T09:46:38.120852083Z [err]  DEBUG 2025-11-25 11:46:34,566 middleware 18 140546424867712 🔍 [TENANT MIDDLEWARE] hostname_from_request: Using X-Tenant-Host 'theo.newconcierge.app' -> 'theo.newconcierge.app' (internal: 'linuxversion-production.up.railway.app')
2025-11-25T09:46:38.120865196Z [inf]  ⚠️ No MonthlyBalance found for 10/2025, using calculated_balance: €0.00
2025-11-25T09:46:38.120869372Z [inf]  📊 Apartment Δ1 - 2025-11:
2025-11-25T09:46:38.120873459Z [inf]     Previous Balance: €0.00
2025-11-25T09:46:38.120877552Z [inf]     Current Month Expenses: €0.00
2025-11-25T09:46:38.120881790Z [inf]       - Resident: €0.00
2025-11-25T09:46:38.120886196Z [inf]       - Owner: €0.00
2025-11-25T09:46:38.123093133Z [err]  DEBUG 2025-11-25 11:46:34,566 middleware 18 140546424867712 🔍 [TENANT MIDDLEWARE] get_tenant called with hostname: 'theo.newconcierge.app'
2025-11-25T09:46:38.123099243Z [err]  INFO 2025-11-25 11:46:34,569 middleware 18 140546424867712 🔍 [TENANT MIDDLEWARE] Resolved 'theo.newconcierge.app' -> tenant 'theo' via domain lookup
2025-11-25T09:46:38.123112823Z [inf]  100.64.0.7 - - [25/Nov/2025:11:46:34 +0200] "GET /api/announcements/?page_size=5&ordering=-created_at&building=1 HTTP/1.1" 200 52 "https://theo.newconcierge.app/kiosk-display?building=2&building_id=2" "Mozilla/5.0 (Windows NT 10.0; Win64; x64) AppleWebKit/537.36 (KHTML, like Gecko) Chrome/142.0.0.0 Safari/537.36"
2025-11-25T09:46:58.123224533Z [err]  DEBUG 2025-11-25 11:46:51,870 middleware 19 140546424867712 🔍 [TENANT MIDDLEWARE] hostname_from_request: Using X-Tenant-Host 'theo.newconcierge.app' -> 'theo.newconcierge.app' (internal: 'linuxversion-production.up.railway.app')
2025-11-25T09:46:58.123229000Z [err]  DEBUG 2025-11-25 11:46:51,870 middleware 19 140546424867712 🔍 [TENANT MIDDLEWARE] get_tenant called with hostname: 'theo.newconcierge.app'
2025-11-25T09:46:58.123233199Z [err]  INFO 2025-11-25 11:46:51,877 middleware 19 140546424867712 🔍 [TENANT MIDDLEWARE] Resolved 'theo.newconcierge.app' -> tenant 'theo' via domain lookup
2025-11-25T09:46:58.123238289Z [inf]  100.64.0.6 - - [25/Nov/2025:11:46:51 +0200] "GET /api/kiosk/public/scenes/active/?building_id=2 HTTP/1.1" 200 70 "-" "node"
2025-11-25T09:46:58.123242570Z [err]  DEBUG 2025-11-25 11:46:51,894 middleware 19 140546424867712 🔍 [TENANT MIDDLEWARE] hostname_from_request: Using X-Tenant-Host 'theo.newconcierge.app' -> 'theo.newconcierge.app' (internal: 'linuxversion-production.up.railway.app')
2025-11-25T09:46:58.123246755Z [err]  DEBUG 2025-11-25 11:46:51,894 middleware 19 140546424867712 🔍 [TENANT MIDDLEWARE] get_tenant called with hostname: 'theo.newconcierge.app'
2025-11-25T09:46:58.123250642Z [err]  INFO 2025-11-25 11:46:51,897 middleware 19 140546424867712 🔍 [TENANT MIDDLEWARE] Resolved 'theo.newconcierge.app' -> tenant 'theo' via domain lookup
2025-11-25T09:46:58.123255485Z [err]  INFO 2025-11-25 11:46:51,902 views 19 140546424867712 [public_info] Resolving schema
2025-11-25T09:46:58.123259924Z [err]  ERROR 2025-11-25 11:46:51,920 views 19 140546424867712 [public_info] Error fetching expenses for building 2: Cannot resolve keyword 'description' into field. Choices are: add_to_calendar, affected_apartments, amount, attachment, audit_trail, building, building_id, category, created_at, date, distribution_type, due_date, expense_type, id, linked_projects, linked_service_receipts, maintenance_payment_receipts, notes, payer_responsibility, project, project_id, scheduled_maintenance_tasks, source_document, split_ratio, supplier, supplier_id, title, updated_at
2025-11-25T09:46:58.126552219Z [err]                          ^^^^^^^^^^^^^^^^^^^^^^^^^^^^^^^^^^^^^^^^^^^^^^^^^^^^^^^^^^^^^^^^^^
2025-11-25T09:46:58.126553659Z [err]    File "/usr/local/lib/python3.12/site-packages/django/db/models/sql/query.py", line 1901, in setup_joins
2025-11-25T09:46:58.126559628Z [err]  Traceback (most recent call last):
2025-11-25T09:46:58.126567102Z [err]    File "/usr/local/lib/python3.12/site-packages/django/db/models/sql/query.py", line 2238, in add_fields
2025-11-25T09:46:58.126569787Z [err]      path, final_field, targets, rest = self.names_to_path(
2025-11-25T09:46:58.126573861Z [err]      join_info = self.setup_joins(
2025-11-25T09:46:58.126579052Z [err]                                         ^^^^^^^^^^^^^^^^^^^
2025-11-25T09:46:58.126581664Z [err]                  ^^^^^^^^^^^^^^^^^
2025-11-25T09:46:58.126586743Z [err]    File "/usr/local/lib/python3.12/site-packages/django/db/models/sql/query.py", line 1806, in names_to_path
2025-11-25T09:46:58.126592847Z [err]      raise FieldError(
2025-11-25T09:46:58.126600027Z [err]  django.core.exceptions.FieldError: Cannot resolve keyword 'description' into field. Choices are: add_to_calendar, affected_apartments, amount, attachment, audit_trail, building, building_id, category, created_at, date, distribution_type, due_date, expense_type, id, linked_projects, linked_service_receipts, maintenance_payment_receipts, notes, payer_responsibility, project, project_id, scheduled_maintenance_tasks, source_document, split_ratio, supplier, supplier_id, title, updated_at
2025-11-25T09:46:58.126605614Z [err]  
2025-11-25T09:46:58.126610425Z [err]  During handling of the above exception, another exception occurred:
2025-11-25T09:46:58.126615582Z [err]  
2025-11-25T09:46:58.126620375Z [err]  Traceback (most recent call last):
2025-11-25T09:46:58.126625170Z [err]    File "/app/public_info/views.py", line 181, in building_info
2025-11-25T09:46:58.126630354Z [err]      ).order_by('-date').values('id', 'title', 'description', 'amount', 'date', 'category')
2025-11-25T09:46:58.129407790Z [err]    File "/usr/local/lib/python3.12/site-packages/django/db/models/query.py", line 1370, in values
2025-11-25T09:46:58.129412733Z [err]      clone = self._values(*fields, **expressions)
2025-11-25T09:46:58.129418044Z [err]              ^^^^^^^^^^^^^^^^^^^^^^^^^^^^^^^^^^^^
2025-11-25T09:46:58.129424595Z [err]    File "/usr/local/lib/python3.12/site-packages/django/db/models/query.py", line 1365, in _values
2025-11-25T09:46:58.129429877Z [err]      clone.query.set_values(fields)
2025-11-25T09:46:58.129436372Z [err]    File "/usr/local/lib/python3.12/site-packages/django/db/models/sql/query.py", line 2577, in set_values
2025-11-25T09:46:58.129442005Z [err]      self.add_fields(field_names, True)
2025-11-25T09:46:58.129447482Z [err]    File "/usr/local/lib/python3.12/site-packages/django/db/models/sql/query.py", line 2279, in add_fields
2025-11-25T09:46:58.129453550Z [err]      raise FieldError(
2025-11-25T09:46:58.129459910Z [err]  django.core.exceptions.FieldError: Cannot resolve keyword 'description' into field. Choices are: add_to_calendar, affected_apartments, amount, attachment, audit_trail, building, building_id, category, created_at, date, distribution_type, due_date, expense_type, id, linked_projects, linked_service_receipts, maintenance_payment_receipts, notes, payer_responsibility, project, project_id, scheduled_maintenance_tasks, source_document, split_ratio, supplier, supplier_id, title, updated_at
2025-11-25T09:46:58.129465505Z [inf]  📊 Apartment 1 - Previous balance from MonthlyBalance:
2025-11-25T09:46:58.129471511Z [inf]     Total carry_forward (10/2025): €0.00
2025-11-25T09:46:58.129477042Z [inf]     Apartment ratio: 100/1000
2025-11-25T09:46:58.129483837Z [inf]     Apartment previous_balance: €0.00
2025-11-25T09:46:58.129489476Z [inf]  📊 Apartment 1 - 2025-11:
2025-11-25T09:46:58.129495254Z [inf]     Previous Balance: €0.00
2025-11-25T09:46:58.129500818Z [inf]     Current Month Expenses: €230.00
2025-11-25T09:46:58.132847972Z [inf]       - Resident: €30.00
2025-11-25T09:46:58.132857856Z [inf]       - Owner: €200.00
2025-11-25T09:46:58.132863155Z [inf]     Reserve Fund Share: €0.00
2025-11-25T09:46:58.132867967Z [inf]     Payments This Month: €210.00
2025-11-25T09:46:58.132873993Z [inf]     Net Obligation: €20.00
2025-11-25T09:46:58.132878655Z [inf]  📊 Apartment 10 - Previous balance from MonthlyBalance:
2025-11-25T09:46:58.132883473Z [inf]     Total carry_forward (10/2025): €0.00
2025-11-25T09:46:58.132887470Z [inf]     Apartment ratio: 68/1000
2025-11-25T09:46:58.132891816Z [inf]     Apartment previous_balance: €0.00
2025-11-25T09:46:58.132896669Z [inf]  📊 Apartment 10 - 2025-11:
2025-11-25T09:46:58.132900971Z [inf]     Previous Balance: €0.00
2025-11-25T09:46:58.132906221Z [inf]     Current Month Expenses: €156.40
2025-11-25T09:46:58.132910638Z [inf]       - Resident: €20.40
2025-11-25T09:46:58.132914396Z [inf]       - Owner: €136.00
2025-11-25T09:46:58.132919247Z [inf]     Reserve Fund Share: €0.00
2025-11-25T09:46:58.132923792Z [inf]     Payments This Month: €0.00
2025-11-25T09:46:58.132927919Z [inf]     Net Obligation: €156.40
2025-11-25T09:46:58.132932634Z [inf]  📊 Apartment 11 - Previous balance from MonthlyBalance:
2025-11-25T09:46:58.132937158Z [inf]     Total carry_forward (10/2025): €0.00
2025-11-25T09:46:58.132943373Z [inf]     Apartment ratio: 63/1000
2025-11-25T09:46:58.132949594Z [inf]     Apartment previous_balance: €0.00
2025-11-25T09:46:58.132953657Z [inf]  📊 Apartment 11 - 2025-11:
2025-11-25T09:46:58.132957543Z [inf]     Previous Balance: €0.00
2025-11-25T09:46:58.132961141Z [inf]     Current Month Expenses: €144.90
2025-11-25T09:46:58.132965972Z [inf]       - Resident: €18.90
2025-11-25T09:46:58.132970041Z [inf]       - Owner: €126.00
2025-11-25T09:46:58.135144405Z [inf]     Apartment ratio: 69/1000
2025-11-25T09:46:58.135156228Z [inf]     Apartment previous_balance: €0.00
2025-11-25T09:46:58.135163082Z [inf]  📊 Apartment 13 - 2025-11:
2025-11-25T09:46:58.135174227Z [inf]     Reserve Fund Share: €0.00
2025-11-25T09:46:58.135175755Z [inf]     Previous Balance: €0.00
2025-11-25T09:46:58.135190947Z [inf]     Current Month Expenses: €158.70
2025-11-25T09:46:58.135191052Z [inf]     Payments This Month: €0.00
2025-11-25T09:46:58.135204614Z [inf]       - Resident: €20.70
2025-11-25T09:46:58.135209597Z [inf]     Net Obligation: €144.90
2025-11-25T09:46:58.135218095Z [inf]       - Owner: €138.00
2025-11-25T09:46:58.135221603Z [inf]  📊 Apartment 12 - Previous balance from MonthlyBalance:
2025-11-25T09:46:58.135228936Z [inf]     Reserve Fund Share: €0.00
2025-11-25T09:46:58.135236426Z [inf]     Total carry_forward (10/2025): €0.00
2025-11-25T09:46:58.135239828Z [inf]     Payments This Month: €0.00
2025-11-25T09:46:58.135249673Z [inf]     Apartment ratio: 49/1000
2025-11-25T09:46:58.135249882Z [inf]     Net Obligation: €158.70
2025-11-25T09:46:58.135259912Z [inf]     Apartment previous_balance: €0.00
2025-11-25T09:46:58.135267132Z [inf]  📊 Apartment 12 - 2025-11:
2025-11-25T09:46:58.135273452Z [inf]     Previous Balance: €0.00
2025-11-25T09:46:58.135281752Z [inf]     Current Month Expenses: €112.70
2025-11-25T09:46:58.135289487Z [inf]       - Resident: €14.70
2025-11-25T09:46:58.135296628Z [inf]       - Owner: €98.00
2025-11-25T09:46:58.135303773Z [inf]     Reserve Fund Share: €0.00
2025-11-25T09:46:58.135311007Z [inf]     Payments This Month: €0.00
2025-11-25T09:46:58.135318633Z [inf]     Net Obligation: €112.70
2025-11-25T09:46:58.135326334Z [inf]  📊 Apartment 13 - Previous balance from MonthlyBalance:
2025-11-25T09:46:58.135335573Z [inf]     Total carry_forward (10/2025): €0.00
2025-11-25T09:46:58.137398448Z [inf]  📊 Apartment 14 - Previous balance from MonthlyBalance:
2025-11-25T09:46:58.137405075Z [inf]     Total carry_forward (10/2025): €0.00
2025-11-25T09:46:58.137410516Z [inf]     Apartment ratio: 65/1000
2025-11-25T09:46:58.137417091Z [inf]     Apartment previous_balance: €0.00
2025-11-25T09:46:58.137423201Z [inf]  📊 Apartment 14 - 2025-11:
2025-11-25T09:46:58.137429443Z [inf]     Previous Balance: €0.00
2025-11-25T09:46:58.137434811Z [inf]     Current Month Expenses: €149.50
2025-11-25T09:46:58.137441437Z [inf]       - Resident: €19.50
2025-11-25T09:46:58.137447299Z [inf]       - Owner: €130.00
2025-11-25T09:46:58.137452929Z [inf]     Reserve Fund Share: €0.00
2025-11-25T09:46:58.137459352Z [inf]     Payments This Month: €0.00
2025-11-25T09:46:58.137465157Z [inf]     Net Obligation: €149.50
2025-11-25T09:46:58.137470821Z [inf]  📊 Apartment 15 - Previous balance from MonthlyBalance:
2025-11-25T09:46:58.137478148Z [inf]     Total carry_forward (10/2025): €0.00
2025-11-25T09:46:58.137484963Z [inf]     Apartment ratio: 65/1000
2025-11-25T09:46:58.137490687Z [inf]     Apartment previous_balance: €0.00
2025-11-25T09:46:58.137496492Z [inf]  📊 Apartment 15 - 2025-11:
2025-11-25T09:46:58.137502122Z [inf]     Previous Balance: €0.00
2025-11-25T09:46:58.137506691Z [inf]     Current Month Expenses: €149.50
2025-11-25T09:46:58.137511217Z [inf]       - Resident: €19.50
2025-11-25T09:46:58.137515657Z [inf]       - Owner: €130.00
2025-11-25T09:46:58.137519900Z [inf]     Reserve Fund Share: €0.00
2025-11-25T09:46:58.137524013Z [inf]     Payments This Month: €0.00
2025-11-25T09:46:58.137528104Z [inf]     Net Obligation: €149.50
2025-11-25T09:46:58.137532519Z [inf]  📊 Apartment 2 - Previous balance from MonthlyBalance:
2025-11-25T09:46:58.137537498Z [inf]     Total carry_forward (10/2025): €0.00
2025-11-25T09:46:58.139906728Z [inf]     Apartment ratio: 66/1000
2025-11-25T09:46:58.139916786Z [inf]     Apartment previous_balance: €0.00
2025-11-25T09:46:58.139932754Z [inf]  📊 Apartment 2 - 2025-11:
2025-11-25T09:46:58.139938426Z [inf]     Previous Balance: €0.00
2025-11-25T09:46:58.139943351Z [inf]     Current Month Expenses: €151.80
2025-11-25T09:46:58.139948483Z [inf]       - Resident: €19.80
2025-11-25T09:46:58.139957946Z [inf]       - Owner: €132.00
2025-11-25T09:46:58.139962679Z [inf]     Reserve Fund Share: €0.00
2025-11-25T09:46:58.139968182Z [inf]     Payments This Month: €0.00
2025-11-25T09:46:58.139973048Z [inf]     Net Obligation: €151.80
2025-11-25T09:46:58.139978052Z [inf]  📊 Apartment 3 - Previous balance from MonthlyBalance:
2025-11-25T09:46:58.139983260Z [inf]     Total carry_forward (10/2025): €0.00
2025-11-25T09:46:58.139989859Z [inf]     Apartment ratio: 77/1000
2025-11-25T09:46:58.139994870Z [inf]     Apartment previous_balance: €0.00
2025-11-25T09:46:58.139999135Z [inf]  📊 Apartment 3 - 2025-11:
2025-11-25T09:46:58.140005124Z [inf]     Previous Balance: €0.00
2025-11-25T09:46:58.140011359Z [inf]     Current Month Expenses: €177.10
2025-11-25T09:46:58.140017957Z [inf]       - Resident: €23.10
2025-11-25T09:46:58.140024228Z [inf]       - Owner: €154.00
2025-11-25T09:46:58.140030754Z [inf]     Reserve Fund Share: €0.00
2025-11-25T09:46:58.140036638Z [inf]     Payments This Month: €0.00
2025-11-25T09:46:58.140043042Z [inf]     Net Obligation: €177.10
2025-11-25T09:46:58.140050811Z [inf]  📊 Apartment 4 - Previous balance from MonthlyBalance:
2025-11-25T09:46:58.140057827Z [inf]     Total carry_forward (10/2025): €0.00
2025-11-25T09:46:58.140063627Z [inf]     Apartment ratio: 70/1000
2025-11-25T09:46:58.140068899Z [inf]     Apartment previous_balance: €0.00
2025-11-25T09:46:58.140074962Z [inf]  📊 Apartment 4 - 2025-11:
2025-11-25T09:46:58.142936098Z [inf]     Previous Balance: €0.00
2025-11-25T09:46:58.142947587Z [inf]     Current Month Expenses: €119.60
2025-11-25T09:46:58.142953979Z [inf]     Previous Balance: €0.00
2025-11-25T09:46:58.142958565Z [inf]       - Resident: €15.60
2025-11-25T09:46:58.142961938Z [inf]     Previous Balance: €0.00
2025-11-25T09:46:58.142966636Z [inf]     Current Month Expenses: €149.50
2025-11-25T09:46:58.142969574Z [inf]     Current Month Expenses: €161.00
2025-11-25T09:46:58.142975449Z [inf]       - Resident: €19.50
2025-11-25T09:46:58.142977414Z [inf]       - Resident: €21.00
2025-11-25T09:46:58.142982439Z [inf]       - Owner: €130.00
2025-11-25T09:46:58.142983476Z [inf]       - Owner: €140.00
2025-11-25T09:46:58.142988962Z [inf]     Reserve Fund Share: €0.00
2025-11-25T09:46:58.142990983Z [inf]     Reserve Fund Share: €0.00
2025-11-25T09:46:58.142997383Z [inf]     Payments This Month: €0.00
2025-11-25T09:46:58.142997999Z [inf]     Payments This Month: €0.00
2025-11-25T09:46:58.143004737Z [inf]     Net Obligation: €149.50
2025-11-25T09:46:58.143005041Z [inf]     Net Obligation: €161.00
2025-11-25T09:46:58.143011876Z [inf]  📊 Apartment 5 - Previous balance from MonthlyBalance:
2025-11-25T09:46:58.143012236Z [inf]  📊 Apartment 6 - Previous balance from MonthlyBalance:
2025-11-25T09:46:58.143018570Z [inf]     Total carry_forward (10/2025): €0.00
2025-11-25T09:46:58.143019106Z [inf]     Total carry_forward (10/2025): €0.00
2025-11-25T09:46:58.143026670Z [inf]     Apartment ratio: 65/1000
2025-11-25T09:46:58.143032988Z [inf]     Apartment previous_balance: €0.00
2025-11-25T09:46:58.143034332Z [inf]     Apartment ratio: 52/1000
2025-11-25T09:46:58.143039123Z [inf]  📊 Apartment 5 - 2025-11:
2025-11-25T09:46:58.143041691Z [inf]     Apartment previous_balance: €0.00
2025-11-25T09:46:58.143047965Z [inf]  📊 Apartment 6 - 2025-11:
2025-11-25T09:46:58.145449881Z [inf]  📊 Apartment 7 - Previous balance from MonthlyBalance:
2025-11-25T09:46:58.145461078Z [inf]     Total carry_forward (10/2025): €0.00
2025-11-25T09:46:58.145468329Z [inf]     Apartment ratio: 59/1000
2025-11-25T09:46:58.145475288Z [inf]     Apartment previous_balance: €0.00
2025-11-25T09:46:58.145482242Z [inf]  📊 Apartment 7 - 2025-11:
2025-11-25T09:46:58.145489056Z [inf]     Previous Balance: €0.00
2025-11-25T09:46:58.145494662Z [inf]     Current Month Expenses: €135.70
2025-11-25T09:46:58.145500648Z [inf]       - Resident: €17.70
2025-11-25T09:46:58.145506444Z [inf]       - Owner: €118.00
2025-11-25T09:46:58.145513298Z [inf]     Reserve Fund Share: €0.00
2025-11-25T09:46:58.145520431Z [inf]     Payments This Month: €0.00
2025-11-25T09:46:58.145522211Z [inf]       - Owner: €104.00
2025-11-25T09:46:58.145527166Z [inf]     Reserve Fund Share: €0.00
2025-11-25T09:46:58.145528879Z [inf]     Net Obligation: €135.70
2025-11-25T09:46:58.145533227Z [inf]     Payments This Month: €0.00
2025-11-25T09:46:58.145538599Z [inf]     Net Obligation: €119.60
2025-11-25T09:46:58.145539063Z [inf]  📊 Apartment 8 - Previous balance from MonthlyBalance:
2025-11-25T09:46:58.145545439Z [inf]     Total carry_forward (10/2025): €0.00
2025-11-25T09:46:58.145550921Z [inf]     Apartment ratio: 75/1000
2025-11-25T09:46:58.145556449Z [inf]     Apartment previous_balance: €0.00
2025-11-25T09:46:58.145566392Z [inf]  📊 Apartment 8 - 2025-11:
2025-11-25T09:46:58.145574069Z [inf]     Previous Balance: €0.00
2025-11-25T09:46:58.145579677Z [inf]     Current Month Expenses: €172.50
2025-11-25T09:46:58.145586055Z [inf]       - Resident: €22.50
2025-11-25T09:46:58.145592101Z [inf]       - Owner: €150.00
2025-11-25T09:46:58.145598976Z [inf]     Reserve Fund Share: €0.00
2025-11-25T09:46:58.145605028Z [inf]     Payments This Month: €0.00
2025-11-25T09:46:58.147350762Z [err]  INFO 2025-11-25 11:46:52,398 middleware 18 140546424867712 🔍 [TENANT MIDDLEWARE] Resolved 'theo.newconcierge.app' -> tenant 'theo' via domain lookup
2025-11-25T09:46:58.147360541Z [err]  WARNING 2025-11-25 11:46:52,399 log 18 140546424867712 Unauthorized: /api/financial/expenses/
2025-11-25T09:46:58.147369718Z [inf]       - Resident: €17.10
2025-11-25T09:46:58.147370206Z [inf]  100.64.0.6 - - [25/Nov/2025:11:46:52 +0200] "GET /api/financial/expenses/?building=2&expense_date_after=2025-11-01&expense_date_before=2025-11-31&page_size=10 HTTP/1.1" 401 64 "https://theo.newconcierge.app/kiosk-display?building=2&building_id=2" "Mozilla/5.0 (Windows NT 10.0; Win64; x64) AppleWebKit/537.36 (KHTML, like Gecko) Chrome/142.0.0.0 Safari/537.36"
2025-11-25T09:46:58.147373000Z [inf]     Net Obligation: €172.50
2025-11-25T09:46:58.147385471Z [inf]  📊 Apartment 9 - Previous balance from MonthlyBalance:
2025-11-25T09:46:58.147391576Z [inf]       - Owner: €114.00
2025-11-25T09:46:58.147397466Z [inf]     Total carry_forward (10/2025): €0.00
2025-11-25T09:46:58.147408662Z [inf]     Reserve Fund Share: €0.00
2025-11-25T09:46:58.147409895Z [inf]     Apartment ratio: 57/1000
2025-11-25T09:46:58.147422634Z [inf]     Apartment previous_balance: €0.00
2025-11-25T09:46:58.147424433Z [inf]     Payments This Month: €0.00
2025-11-25T09:46:58.147435873Z [inf]  📊 Apartment 9 - 2025-11:
2025-11-25T09:46:58.147437975Z [inf]     Net Obligation: €131.10
2025-11-25T09:46:58.147447793Z [inf]     Previous Balance: €0.00
2025-11-25T09:46:58.147450715Z [inf]  100.64.0.2 - - [25/Nov/2025:11:46:52 +0200] "GET /api/public-info/2/ HTTP/1.1" 200 9996 "-" "node"
2025-11-25T09:46:58.147461177Z [inf]     Current Month Expenses: €131.10
2025-11-25T09:46:58.147464298Z [err]  DEBUG 2025-11-25 11:46:52,394 middleware 18 140546424867712 🔍 [TENANT MIDDLEWARE] hostname_from_request: Using X-Tenant-Host 'theo.newconcierge.app' -> 'theo.newconcierge.app' (internal: 'linuxversion-production.up.railway.app')
2025-11-25T09:46:58.147471526Z [err]  DEBUG 2025-11-25 11:46:52,394 middleware 18 140546424867712 🔍 [TENANT MIDDLEWARE] get_tenant called with hostname: 'theo.newconcierge.app'


2025-11-25 09:47:52.777 [info] {"timestamp":"2025-11-25T09:47:52.776Z","level":"info","message":"[tenantProxy:financial-expenses] URL constructed","method":"GET","originalPath":"/api/financial/expenses","backendPath":"financial/expenses","normalizedPath":"api/financial/expenses/","base":"https://linuxversion-production.up.railway.app","finalUrl":"https://linuxversion-production.up.railway.app/api/financial/expenses/?building=2&expense_date_after=2025-11-01&expense_date_before=2025-11-31&page_size=10","ensureTrailingSlash":true}
2025-11-25 09:47:52.777 [info] [tenantProxy:headers] Using X-Forwarded-Host header: theo.newconcierge.app
2025-11-25 09:47:52.777 [info] {"timestamp":"2025-11-25T09:47:52.776Z","level":"info","message":"[tenantProxy:headers] Forward headers created","Host":"theo.newconcierge.app","X-Forwarded-Host":"theo.newconcierge.app","subdomain":"theo","requestHost":"theo.newconcierge.app","forwardedHost":"theo.newconcierge.app","referer":"https://theo.newconcierge.app/kiosk-display?building=2&building_id=2","origin":null,"decision":"using-host"}
2025-11-25 09:47:52.777 [info] {"timestamp":"2025-11-25T09:47:52.776Z","level":"info","message":"[tenantProxy:financial-expenses] Request received","method":"GET","path":"/api/financial/expenses","searchParams":"?building=2&expense_date_after=2025-11-01&expense_date_before=2025-11-31&page_size=10","host":"theo.newconcierge.app","targetUrl":"https://linuxversion-production.up.railway.app/api/financial/expenses/?building=2&expense_date_after=2025-11-01&expense_date_before=2025-11-31&page_size=10","hasBody":false,"bodySize":0,"headers":{"accept":"*/*","accept-encoding":"gzip, deflate, br, zstd","accept-language":"el-GR,el;q=0.9","cache-control":"no-store, no-cache, must-revalidate","expires":"0","forwarded":"for=176.92.156.131;host=theo.newconcierge.app;proto=https;sig=0QmVhcmVyIDhjMWE2ZWMzNjU5ZTBiYmM0ODk5YTE2MTU2MThjNjExNzQ2MDdiZjNhNmVlOThiZWEwMmU4NGRjNjRiMWUzZDI=;exp=1764064372","host":"theo.newconcierge.app","pragma":"no-cache","priority":"u=1, i","referer":"https://theo.newconcierge.app/kiosk-display?building=2&building_id=2","sec-ch-ua":"\"Chromium\";v=\"142\", \"Google Chrome\";v=\"142\", \"Not_A Brand\";v=\"99\"","sec-ch-ua-mobile":"?0","sec-ch-ua-platform":"\"Windows\"","sec-fetch-dest":"empty","sec-fetch-mode":"cors","sec-fetch-site":"same-origin","user-agent":"Mozilla/5.0 (Windows NT 10.0; Win64; x64) AppleWebKit/537.36 (KHTML, like Gecko) Chrome/142.0.0.0 Safari/537.36","x-forwarded-for":"176.92.156.131","x-forwarded-host":"theo.newconcierge.app","x-forwarded-port":"443","x-forwarded-proto":"https","x-matched-path":"/api/financial/expenses","x-real-ip":"176.92.156.131","x-tenant-host":"theo.newconcierge.app","x-vercel-deployment-url":"linux-version-9pbjsj37a-theo-stams-projects.vercel.app","x-vercel-forwarded-for":"176.92.156.131","x-vercel-id":"fra1::wqvh5-1764064072708-d75419eb255b","x-vercel-internal-bot-check":"skip","x-vercel-internal-ingress-bucket":"bucket016","x-vercel-internal-ingress-port":"16445","x-vercel-ip-as-number":"3329","x-vercel-ip-city":"Athens","x-vercel-ip-continent":"EU","x-vercel-ip-country":"GR","x-vercel-ip-country-region":"I","x-vercel-ip-latitude":"37.9842","x-vercel-ip-longitude":"23.7353","x-vercel-ip-timezone":"Europe/Athens","x-vercel-ja4-digest":"t13d1514h2_8daaf6152771_827b515c4f52","x-vercel-oidc-token":"eyJhbGciOiJSUzI1NiIsImtpZCI6Im1yay00MzAyZWMxYjY3MGY0OGE5OGFkNjFkYWRlNGEyM2JlNyIsInR5cCI6IkpXVCJ9.eyJwcm9qZWN0IjoibGludXgtdmVyc2lvbiIsIm5iZiI6MTc2NDA2MzU5MSwib3duZXIiOiJ0aGVvLXN0YW1zLXByb2plY3RzIiwiZXhwIjoxNzY0MDY3MTkxLCJzY29wZSI6Im93bmVyOnRoZW8tc3RhbXMtcHJvamVjdHM6cHJvamVjdDpsaW51eC12ZXJzaW9uOmVudmlyb25tZW50OnByb2R1Y3Rpb24iLCJvd25lcl9pZCI6InRlYW1fbDBDQTZKWWJ6ckpVTFZxUTV2VHVwNXRaIiwiZW52aXJvbm1lbnQiOiJwcm9kdWN0aW9uIiwicHJvamVjdF9pZCI6InByal9GZktwN1p3UHVkY25iZzdHNHphRnpmcXpmUWRBIiwicGxhbiI6InBybyIsImF1ZCI6Imh0dHBzOlwvXC92ZXJjZWwuY29tXC90aGVvLXN0YW1zLXByb2plY3RzIiwidmVyY2VsX2lkIjoiZnJhMTo6Ym1rd2ItMTc2NDA2MzU5MTcxNS0xZGI5Y2IwNWVhNjIiLCJpYXQiOjE3NjQwNjM1OTEsImlzcyI6Imh0dHBzOlwvXC9vaWRjLnZlcmNlbC5jb21cL3RoZW8tc3RhbXMtcHJvamVjdHMiLCJzdWIiOiJvd25lcjp0aGVvLXN0YW1zLXByb2plY3RzOnByb2plY3Q6bGludXgtdmVyc2lvbjplbnZpcm9ubWVudDpwcm9kdWN0aW9uIn0.a9HgHg-dhSe6kyhXFlKlBJWnuZJhpw-SxPuUPhckQLj2KQJ3yIfyXJ8vp1XqR57FeTMEH2pUPgEWbNcBhNzL7VGm3WvdR6enWhgIpkCfB64V0N2YLd6LkWTgBv0nHNrhzHPAoPRsmPZi50pPqSfNowqVAYlh_ZNV1x5r0A4JyA32Etx5yAehgM1j6BHhVecmcs6V4xCCRM46fPIvHJqNivbJUUXDSG4Z1wcEhfaCLjLxkpv9gJRUE02hGci3G643AKvTZm_v5VEcfYl0tzRuxmmmihDG-1ZaJzelpCoakHo9eeZwl96UKwgJUNJvsauNzVwVSKIpVSDJcvCAUYVc5w","x-vercel-proxied-for":"176.92.156.131","x-vercel-proxy-signature":"Bearer 8c1a6ec3659e0bbc4899a1615618c61174607bf3a6ee98bea02e84dc64b1e3d2","x-vercel-proxy-signature-ts":"1764064372","x-vercel-sc-basepath":"","x-vercel-sc-headers":"{\"x-vercel-function-platform\":\"vercel\\/proxy+serverless\",\"x-vercel-ept\":\"1\",\"Authorization\":\"Bearer eyJhbGciOiJIUzI1NiIsInR5cCI6IkpXVCJ9.eyJ1bmxpbWl0ZWQiOmZhbHNlLCJpc3MiOiJzZXJ2ZXJsZXNzIiwibmV4dFZlcnNpb24iOiIxNS41LjYiLCJlbnYiOiJwcm9kdWN0aW9uIiwiZG9tYWluIjoidGhlby5uZXdjb25jaWVyZ2UuYXBwIiwiYmxvY2siOmZhbHNlLCJwbGFuIjoicHJvIiwicmVxdWVzdElkIjoid3F2aDUtMTc2NDA2NDA3MjcwOC1kNzU0MTllYjI1NWIiLCJpYXQiOjE3NjQwNjQwNzIsImRlcGxveW1lbnRJZCI6ImRwbF80WVRRSlhzZkxwQTNjM3hHWk1TRGl5NW1pUnZ3Iiwib3duZXJJZCI6InRlYW1fbDBDQTZKWWJ6ckpVTFZxUTV2VHVwNXRaIiwiZXhwIjoxNzY0MDY0OTkyLCJwcm9qZWN0SWQiOiJwcmpfRmZLcDdad1B1ZGNuYmc3RzR6YUZ6ZnF6ZlFkQSJ9.w-x6vfdPwx4B-piUM7jy-CgrFn_MLKi8KQju0lvYxl8\"}","x-vercel-sc-host":"iad1.suspense-cache.vercel-infra.com"},"subdomain":"theo"}
2025-11-25 09:47:52.963 [info] {"timestamp":"2025-11-25T09:47:52.963Z","level":"info","message":"[tenantProxy:financial-expenses] Upstream response received","method":"GET","path":"/api/financial/expenses","targetUrl":"https://linuxversion-production.up.railway.app/api/financial/expenses/?building=2&expense_date_after=2025-11-01&expense_date_before=2025-11-31&page_size=10","status":401,"statusText":"Unauthorized","durationMs":187,"contentType":"application/json","contentLength":"64","responseHeaders":{"allow":"GET, POST, HEAD, OPTIONS","content-length":"64","content-type":"application/json","cross-origin-opener-policy":"same-origin","date":"Tue, 25 Nov 2025 09:47:52 GMT","referrer-policy":"same-origin","server":"railway-edge","vary":"Cookie, origin","www-authenticate":"Bearer realm=\"api\"","x-content-type-options":"nosniff","x-frame-options":"DENY","x-railway-edge":"railway/us-east4-eqdc4a","x-railway-request-id":"614zHTneTw6PG37EwoOzXw"}}
2025-11-25 09:47:52.964 [error] {"timestamp":"2025-11-25T09:47:52.963Z","level":"error","message":"[tenantProxy:financial-expenses] Upstream error response","error":"undefined","method":"GET","path":"/api/financial/expenses","targetUrl":"https://linuxversion-production.up.railway.app/api/financial/expenses/?building=2&expense_date_after=2025-11-01&expense_date_before=2025-11-31&page_size=10","status":401,"statusText":"Unauthorized","durationMs":187,"errorBody":"{\"detail\":\"Δεν δόθηκαν διαπιστευτήρια.\"}","errorBodyLength":40}

2025-11-25 09:47:37.758 [info] {"timestamp":"2025-11-25T09:47:37.757Z","level":"info","message":"[tenantProxy:financial-expenses] URL constructed","method":"GET","originalPath":"/api/financial/expenses","backendPath":"financial/expenses","normalizedPath":"api/financial/expenses/","base":"https://linuxversion-production.up.railway.app","finalUrl":"https://linuxversion-production.up.railway.app/api/financial/expenses/?building=2&expense_date_after=2025-09-01&expense_date_before=2026-05-31&page_size=100","ensureTrailingSlash":true}
2025-11-25 09:47:37.758 [info] [tenantProxy:headers] Using X-Forwarded-Host header: theo.newconcierge.app
2025-11-25 09:47:37.758 [info] {"timestamp":"2025-11-25T09:47:37.757Z","level":"info","message":"[tenantProxy:headers] Forward headers created","Host":"theo.newconcierge.app","X-Forwarded-Host":"theo.newconcierge.app","subdomain":"theo","requestHost":"theo.newconcierge.app","forwardedHost":"theo.newconcierge.app","referer":"https://theo.newconcierge.app/kiosk-display?building=2&building_id=2","origin":null,"decision":"using-host"}
2025-11-25 09:47:37.758 [info] {"timestamp":"2025-11-25T09:47:37.758Z","level":"info","message":"[tenantProxy:financial-expenses] Request received","method":"GET","path":"/api/financial/expenses","searchParams":"?building=2&expense_date_after=2025-09-01&expense_date_before=2026-05-31&page_size=100","host":"theo.newconcierge.app","targetUrl":"https://linuxversion-production.up.railway.app/api/financial/expenses/?building=2&expense_date_after=2025-09-01&expense_date_before=2026-05-31&page_size=100","hasBody":false,"bodySize":0,"headers":{"accept":"*/*","accept-encoding":"gzip, deflate, br, zstd","accept-language":"el-GR,el;q=0.9","cache-control":"no-store, no-cache, must-revalidate","expires":"0","forwarded":"for=176.92.156.131;host=theo.newconcierge.app;proto=https;sig=0QmVhcmVyIDc3ZjZkOTk2ODFkYWE5ODBjMjRlZGYxODRmYThiYzdhNjFjNDE2YmRmMWZmYTVjMGRhODUxN2Q4NzEzYThlNjE=;exp=1764064357","host":"theo.newconcierge.app","pragma":"no-cache","priority":"u=1, i","referer":"https://theo.newconcierge.app/kiosk-display?building=2&building_id=2","sec-ch-ua":"\"Chromium\";v=\"142\", \"Google Chrome\";v=\"142\", \"Not_A Brand\";v=\"99\"","sec-ch-ua-mobile":"?0","sec-ch-ua-platform":"\"Windows\"","sec-fetch-dest":"empty","sec-fetch-mode":"cors","sec-fetch-site":"same-origin","user-agent":"Mozilla/5.0 (Windows NT 10.0; Win64; x64) AppleWebKit/537.36 (KHTML, like Gecko) Chrome/142.0.0.0 Safari/537.36","x-forwarded-for":"176.92.156.131","x-forwarded-host":"theo.newconcierge.app","x-forwarded-port":"443","x-forwarded-proto":"https","x-matched-path":"/api/financial/expenses","x-real-ip":"176.92.156.131","x-tenant-host":"theo.newconcierge.app","x-vercel-deployment-url":"linux-version-9pbjsj37a-theo-stams-projects.vercel.app","x-vercel-forwarded-for":"176.92.156.131","x-vercel-id":"fra1::4bbrj-1764064057651-9b57348df82a","x-vercel-internal-bot-check":"skip","x-vercel-internal-ingress-bucket":"bucket016","x-vercel-internal-ingress-port":"16445","x-vercel-ip-as-number":"3329","x-vercel-ip-city":"Athens","x-vercel-ip-continent":"EU","x-vercel-ip-country":"GR","x-vercel-ip-country-region":"I","x-vercel-ip-latitude":"37.9842","x-vercel-ip-longitude":"23.7353","x-vercel-ip-timezone":"Europe/Athens","x-vercel-ja4-digest":"t13d1514h2_8daaf6152771_827b515c4f52","x-vercel-oidc-token":"eyJhbGciOiJSUzI1NiIsImtpZCI6Im1yay00MzAyZWMxYjY3MGY0OGE5OGFkNjFkYWRlNGEyM2JlNyIsInR5cCI6IkpXVCJ9.eyJwcm9qZWN0IjoibGludXgtdmVyc2lvbiIsIm5iZiI6MTc2NDA2MzU5MSwib3duZXIiOiJ0aGVvLXN0YW1zLXByb2plY3RzIiwiZXhwIjoxNzY0MDY3MTkxLCJzY29wZSI6Im93bmVyOnRoZW8tc3RhbXMtcHJvamVjdHM6cHJvamVjdDpsaW51eC12ZXJzaW9uOmVudmlyb25tZW50OnByb2R1Y3Rpb24iLCJvd25lcl9pZCI6InRlYW1fbDBDQTZKWWJ6ckpVTFZxUTV2VHVwNXRaIiwiZW52aXJvbm1lbnQiOiJwcm9kdWN0aW9uIiwicHJvamVjdF9pZCI6InByal9GZktwN1p3UHVkY25iZzdHNHphRnpmcXpmUWRBIiwicGxhbiI6InBybyIsImF1ZCI6Imh0dHBzOlwvXC92ZXJjZWwuY29tXC90aGVvLXN0YW1zLXByb2plY3RzIiwidmVyY2VsX2lkIjoiZnJhMTo6Ym1rd2ItMTc2NDA2MzU5MTcxNS0xZGI5Y2IwNWVhNjIiLCJpYXQiOjE3NjQwNjM1OTEsImlzcyI6Imh0dHBzOlwvXC9vaWRjLnZlcmNlbC5jb21cL3RoZW8tc3RhbXMtcHJvamVjdHMiLCJzdWIiOiJvd25lcjp0aGVvLXN0YW1zLXByb2plY3RzOnByb2plY3Q6bGludXgtdmVyc2lvbjplbnZpcm9ubWVudDpwcm9kdWN0aW9uIn0.a9HgHg-dhSe6kyhXFlKlBJWnuZJhpw-SxPuUPhckQLj2KQJ3yIfyXJ8vp1XqR57FeTMEH2pUPgEWbNcBhNzL7VGm3WvdR6enWhgIpkCfB64V0N2YLd6LkWTgBv0nHNrhzHPAoPRsmPZi50pPqSfNowqVAYlh_ZNV1x5r0A4JyA32Etx5yAehgM1j6BHhVecmcs6V4xCCRM46fPIvHJqNivbJUUXDSG4Z1wcEhfaCLjLxkpv9gJRUE02hGci3G643AKvTZm_v5VEcfYl0tzRuxmmmihDG-1ZaJzelpCoakHo9eeZwl96UKwgJUNJvsauNzVwVSKIpVSDJcvCAUYVc5w","x-vercel-proxied-for":"176.92.156.131","x-vercel-proxy-signature":"Bearer 77f6d99681daa980c24edf184fa8bc7a61c416bdf1ffa5c0da8517d8713a8e61","x-vercel-proxy-signature-ts":"1764064357","x-vercel-sc-basepath":"","x-vercel-sc-headers":"{\"x-vercel-function-platform\":\"vercel\\/proxy+serverless\",\"x-vercel-ept\":\"1\",\"Authorization\":\"Bearer eyJ0eXAiOiJKV1QiLCJhbGciOiJIUzI1NiJ9.eyJkZXBsb3ltZW50SWQiOiJkcGxfNFlUUUpYc2ZMcEEzYzN4R1pNU0RpeTVtaVJ2dyIsImlzcyI6InNlcnZlcmxlc3MiLCJwcm9qZWN0SWQiOiJwcmpfRmZLcDdad1B1ZGNuYmc3RzR6YUZ6ZnF6ZlFkQSIsInBsYW4iOiJwcm8iLCJuZXh0VmVyc2lvbiI6IjE1LjUuNiIsInVubGltaXRlZCI6ZmFsc2UsImJsb2NrIjpmYWxzZSwiZW52IjoicHJvZHVjdGlvbiIsImV4cCI6MTc2NDA2NDk3NywiZG9tYWluIjoidGhlby5uZXdjb25jaWVyZ2UuYXBwIiwib3duZXJJZCI6InRlYW1fbDBDQTZKWWJ6ckpVTFZxUTV2VHVwNXRaIiwiaWF0IjoxNzY0MDY0MDU3LCJyZXF1ZXN0SWQiOiI0YmJyai0xNzY0MDY0MDU3NjUxLTliNTczNDhkZjgyYSJ9.iIoEYq8p8wgfz2c67nyeUFwa-AhtvDAqvWujOeeqPpw\"}","x-vercel-sc-host":"iad1.suspense-cache.vercel-infra.com"},"subdomain":"theo"}
2025-11-25 09:47:37.953 [info] {"timestamp":"2025-11-25T09:47:37.952Z","level":"info","message":"[tenantProxy:financial-expenses] Upstream response received","method":"GET","path":"/api/financial/expenses","targetUrl":"https://linuxversion-production.up.railway.app/api/financial/expenses/?building=2&expense_date_after=2025-09-01&expense_date_before=2026-05-31&page_size=100","status":401,"statusText":"Unauthorized","durationMs":195,"contentType":"application/json","contentLength":"64","responseHeaders":{"allow":"GET, POST, HEAD, OPTIONS","content-length":"64","content-type":"application/json","cross-origin-opener-policy":"same-origin","date":"Tue, 25 Nov 2025 09:47:37 GMT","referrer-policy":"same-origin","server":"railway-edge","vary":"Cookie, origin","www-authenticate":"Bearer realm=\"api\"","x-content-type-options":"nosniff","x-frame-options":"DENY","x-railway-edge":"railway/us-east4-eqdc4a","x-railway-request-id":"aD5hssnXTjeaAEzXPvyhXg"}}
2025-11-25 09:47:37.954 [error] {"timestamp":"2025-11-25T09:47:37.953Z","level":"error","message":"[tenantProxy:financial-expenses] Upstream error response","error":"undefined","method":"GET","path":"/api/financial/expenses","targetUrl":"https://linuxversion-production.up.railway.app/api/financial/expenses/?building=2&expense_date_after=2025-09-01&expense_date_before=2026-05-31&page_size=100","status":401,"statusText":"Unauthorized","durationMs":195,"errorBody":"{\"detail\":\"Δεν δόθηκαν διαπιστευτήρια.\"}","errorBodyLength":40}